#
# An unexpected error has been detected by HotSpot Virtual Machine:
#
#  EXCEPTION_ACCESS_VIOLATION (0xc0000005) at pc=0x6d4a3345, pid=3428, tid=2020
#
# Java VM: Java HotSpot(TM) Client VM (1.5.0_09-b03 mixed mode, sharing)
# Problematic frame:
# C  [jsoundds.dll+0x3345]
#

---------------  T H R E A D  ---------------

Current thread (0x2cfdd140):  JavaThread "Thread-39" [_thread_in_native, id=2020]

siginfo: ExceptionCode=0xc0000005, reading address 0x00000000

Registers:
EAX=0x00000200, EBX=0x0328f968, ECX=0x00051c50, EDX=0x00000000
ESP=0x0328f948, EBP=0x0328f974, ESI=0x02fe2f40, EDI=0x00000200
EIP=0x6d4a3345, EFLAGS=0x00010206

Top of Stack: (sp=0x0328f948)
0x0328f948:   0328f970 00000000 2cfdd140 02fe2f40
0x0328f958:   26c4b9a0 00051e50 00000000 00000000
0x0328f968:   00000000 00000000 00000000 0328f990
0x0328f978:   6d4a3b61 00051e50 00000001 26c4b9a0
0x0328f988:   02fe2f40 02fe2f40 0328f9d4 6d4a2b3d
0x0328f998:   02fe2f40 00000001 00bd832f 2cfdd200
0x0328f9a8:   0328f9dc 02fa2008 00000000 00000001
0x0328f9b8:   0328f9b8 00000000 0328f9ec 26c51808 

Instructions: (pc=0x6d4a3345)
0x6d4a3335:   00 00 00 ff 75 ec 8d 5d fc 8b 56 08 53 8d 5d f4
0x6d4a3345:   8b 3a 53 8d 5d f8 53 8d 5d f0 53 50 51 52 ff 57 


Stack: [0x03250000,0x03290000),  sp=0x0328f948,  free space=254k
Native frames: (J=compiled Java code, j=interpreted, Vv=VM code, C=native code)
C  [jsoundds.dll+0x3345]
C  [jsoundds.dll+0x3b61]
C  [jsoundds.dll+0x2b3d]
j  com.sun.media.sound.DirectAudioDevice.access$1500(JZ)Z+2
j  com.sun.media.sound.DirectAudioDevice$DirectDL.drain()V+39
j  javazoom.jl.player.JavaSoundAudioDevice.flushImpl()V+11
J  javazoom.jl.player.Player.play(I)Z
j  javazoom.jl.player.Player.play()V+3
j  MP3Player.run()V+35
v  ~StubRoutines::call_stub
V  [jvm.dll+0x86e84]
V  [jvm.dll+0xddead]
V  [jvm.dll+0x86d55]
V  [jvm.dll+0x86ab2]
V  [jvm.dll+0xa16b2]
V  [jvm.dll+0x10f4ac]
V  [jvm.dll+0x10f47a]
C  [MSVCRT.dll+0x2a3b0]
C  [kernel32.dll+0xb683]

Java frames: (J=compiled Java code, j=interpreted, Vv=VM code)
j  com.sun.media.sound.DirectAudioDevice.nIsStillDraining(JZ)Z+0
j  com.sun.media.sound.DirectAudioDevice.access$1500(JZ)Z+2
j  com.sun.media.sound.DirectAudioDevice$DirectDL.drain()V+39
j  javazoom.jl.player.JavaSoundAudioDevice.flushImpl()V+11
J  javazoom.jl.player.Player.play(I)Z
j  javazoom.jl.player.Player.play()V+3
j  MP3Player.run()V+35
v  ~StubRoutines::call_stub

---------------  P R O C E S S  ---------------

Java Threads: ( => current thread )
  0x03123e10 JavaThread "Thread-41" [_thread_in_native, id=1548]
  0x02f4a8f8 JavaThread "Thread-40" daemon [_thread_blocked, id=3608]
=>0x2cfdd140 JavaThread "Thread-39" [_thread_in_native, id=2020]
  0x02fa3e58 JavaThread "AWT-EventQueue-0" [_thread_blocked, id=2960]
  0x2cff3440 JavaThread "TimerQueue" daemon [_thread_blocked, id=3564]
  0x02fc52e0 JavaThread "Thread-10" daemon [_thread_blocked, id=176]
  0x02fe4d88 JavaThread "Thread-9" daemon [_thread_blocked, id=3044]
  0x00035a38 JavaThread "DestroyJavaVM" [_thread_blocked, id=1188]
  0x02fbd5a8 JavaThread "Thread-5" daemon [_thread_in_Java, id=1284]
  0x02fb7ec8 JavaThread "Java Sound Event Dispatcher" daemon [_thread_blocked, id=3940]
  0x00bcec38 JavaThread "AWT-Shutdown" [_thread_blocked, id=2076]
  0x02fa2290 JavaThread "Thread-3" daemon [_thread_blocked, id=2760]
  0x02f49b30 JavaThread "Java2D Disposer" daemon [_thread_blocked, id=3828]
  0x00bcf148 JavaThread "AWT-Windows" daemon [_thread_in_native, id=796]
  0x00b70c80 JavaThread "Low Memory Detector" daemon [_thread_blocked, id=1988]
  0x00b45860 JavaThread "CompilerThread0" daemon [_thread_blocked, id=3528]
  0x00b44c10 JavaThread "Signal Dispatcher" daemon [_thread_blocked, id=3684]
  0x00b417a0 JavaThread "Finalizer" daemon [_thread_blocked, id=3760]
  0x00b40328 JavaThread "Reference Handler" daemon [_thread_blocked, id=3252]

Other Threads:
  0x0003cdd8 VMThread [id=2764]
  0x00b44910 WatcherThread [id=2004]

VM state:not at safepoint (normal execution)

VM Mutex/Monitor currently owned by a thread: None

Heap
 def new generation   total 9024K, used 6589K [0x07780000, 0x08140000, 0x09df0000)
  eden space 8064K,  81% used [0x07780000, 0x07dee028, 0x07f60000)
  from space 960K,   0% used [0x08050000, 0x08051558, 0x08140000)
  to   space 960K,   0% used [0x07f60000, 0x07f60000, 0x08050000)
 tenured generation   total 119604K, used 77040K [0x09df0000, 0x112bd000, 0x26b80000)
   the space 119604K,  64% used [0x09df0000, 0x0e92c340, 0x0e92c400, 0x112bd000)
 compacting perm gen  total 8192K, used 1850K [0x26b80000, 0x27380000, 0x2ab80000)
   the space 8192K,  22% used [0x26b80000, 0x26d4ebc0, 0x26d4ec00, 0x27380000)
    ro space 8192K,  63% used [0x2ab80000, 0x2b08d860, 0x2b08da00, 0x2b380000)
    rw space 12288K,  46% used [0x2b380000, 0x2b920728, 0x2b920800, 0x2bf80000)

Dynamic libraries:
0x00400000 - 0x0040d000 	C:\Windows\System32\java.exe
0x7c900000 - 0x7c9b0000 	C:\WINDOWS\system32\ntdll.dll
0x7c800000 - 0x7c8f4000 	C:\WINDOWS\system32\kernel32.dll
0x77dd0000 - 0x77e6b000 	C:\WINDOWS\system32\ADVAPI32.dll
0x77e70000 - 0x77f01000 	C:\WINDOWS\system32\RPCRT4.dll
0x77c10000 - 0x77c68000 	C:\WINDOWS\system32\MSVCRT.dll
0x6d6c0000 - 0x6d85b000 	C:\Program Files\Java\jre1.5.0_09\bin\client\jvm.dll
0x77d40000 - 0x77dd0000 	C:\WINDOWS\system32\USER32.dll
0x77f10000 - 0x77f57000 	C:\WINDOWS\system32\GDI32.dll
0x76b40000 - 0x76b6d000 	C:\Windows\System32\WINMM.dll
0x66500000 - 0x6650a000 	C:\Windows\System32\wbsys.dll
0x6d280000 - 0x6d288000 	C:\Program Files\Java\jre1.5.0_09\bin\hpi.dll
0x76bf0000 - 0x76bfb000 	C:\Windows\System32\PSAPI.DLL
0x6d690000 - 0x6d69c000 	C:\Program Files\Java\jre1.5.0_09\bin\verify.dll
0x6d300000 - 0x6d31d000 	C:\Program Files\Java\jre1.5.0_09\bin\java.dll
0x6d6b0000 - 0x6d6bf000 	C:\Program Files\Java\jre1.5.0_09\bin\zip.dll
0x6d000000 - 0x6d169000 	C:\Program Files\Java\jre1.5.0_09\bin\awt.dll
0x73000000 - 0x73026000 	C:\Windows\System32\WINSPOOL.DRV
0x76390000 - 0x763ad000 	C:\Windows\System32\IMM32.dll
0x774e0000 - 0x7761d000 	C:\WINDOWS\system32\ole32.dll
0x73760000 - 0x737a9000 	C:\Windows\System32\ddraw.dll
0x73bc0000 - 0x73bc6000 	C:\Windows\System32\DCIMAN32.dll
0x74720000 - 0x7476b000 	C:\WINDOWS\system32\MSCTF.dll
0x7c9c0000 - 0x7d1d5000 	C:\WINDOWS\system32\shell32.dll
0x77f60000 - 0x77fd6000 	C:\WINDOWS\system32\SHLWAPI.dll
0x773d0000 - 0x774d3000 	C:\WINDOWS\WinSxS\x86_Microsoft.Windows.Common-Controls_6595b64144ccf1df_6.0.2600.2982_x-ww_ac3f9c03\comctl32.dll
0x5d090000 - 0x5d12a000 	C:\WINDOWS\system32\comctl32.dll
0x6d240000 - 0x6d27f000 	C:\Program Files\Java\jre1.5.0_09\bin\fontmanager.dll
0x6d4c0000 - 0x6d4d3000 	C:\Program Files\Java\jre1.5.0_09\bin\net.dll
0x71ab0000 - 0x71ac7000 	C:\Windows\System32\WS2_32.dll
0x71aa0000 - 0x71aa8000 	C:\Windows\System32\WS2HELP.dll
0x6d4e0000 - 0x6d4e9000 	C:\Program Files\Java\jre1.5.0_09\bin\nio.dll
0x6d470000 - 0x6d495000 	C:\Program Files\Java\jre1.5.0_09\bin\jsound.dll
0x6d4a0000 - 0x6d4a8000 	C:\Program Files\Java\jre1.5.0_09\bin\jsoundds.dll
0x73f10000 - 0x73f6c000 	C:\Windows\System32\DSOUND.dll
0x77c00000 - 0x77c08000 	C:\WINDOWS\system32\VERSION.dll
0x76c30000 - 0x76c5e000 	C:\WINDOWS\system32\WINTRUST.dll
0x77a80000 - 0x77b14000 	C:\WINDOWS\system32\CRYPT32.dll
0x77b20000 - 0x77b32000 	C:\WINDOWS\system32\MSASN1.dll
0x76c90000 - 0x76cb8000 	C:\WINDOWS\system32\IMAGEHLP.dll
0x72d20000 - 0x72d29000 	C:\Windows\System32\wdmaud.drv
0x72d10000 - 0x72d18000 	C:\Windows\System32\msacm32.drv
0x77be0000 - 0x77bf5000 	C:\Windows\System32\MSACM32.dll
0x77bd0000 - 0x77bd7000 	C:\Windows\System32\midimap.dll
0x73ee0000 - 0x73ee4000 	C:\Windows\System32\KsUser.dll
0x605d0000 - 0x605d9000 	C:\WINDOWS\system32\mslbui.dll
0x77120000 - 0x771ac000 	C:\WINDOWS\system32\OLEAUT32.DLL
0x71a50000 - 0x71a8f000 	C:\WINDOWS\System32\mswsock.dll
0x76f20000 - 0x76f47000 	C:\Windows\System32\DNSAPI.dll
0x76fb0000 - 0x76fb8000 	C:\WINDOWS\System32\winrnr.dll
0x76f60000 - 0x76f8c000 	C:\WINDOWS\system32\WLDAP32.dll
0x76fc0000 - 0x76fc6000 	C:\Windows\System32\rasadhlp.dll
0x03710000 - 0x03722000 	C:\WINDOWS\System32\VetRedir.dll
0x662b0000 - 0x66308000 	C:\Windows\System32\hnetcfg.dll
0x038b0000 - 0x038c8000 	C:\WINDOWS\system32\ISafeIf.dll
0x71a90000 - 0x71a98000 	C:\WINDOWS\System32\wshtcpip.dll
0x6d3c0000 - 0x6d3df000 	C:\Program Files\Java\jre1.5.0_09\bin\jpeg.dll

VM Arguments:
jvm_args: -Xverify:none -Xmx500m
java_command: Bot 0
Launcher Type: SUN_STANDARD

Environment Variables:
CLASSPATH=SET CLASSPATH=C:\Program Files\Java\jdk1.5.0_09\bin;LASSPATH;.
PATH=C:\Server;D:\Server\php;C:\Windows\System32
USERNAME=Joel
OS=Windows_NT
PROCESSOR_IDENTIFIER=x86 Family 15 Model 44 Stepping 2, AuthenticAMD



---------------  S Y S T E M  ---------------

OS: Windows XP Build 2600 Service Pack 2

CPU:total 1 (cores per cpu 1, threads per core 1) family 15 model 44 stepping 2, cmov, cx8, fxsr, mmx, sse, sse2, sse3, mmxext, 3dnowext, 3dnow

Memory: 4k page, physical 489904k(94956k free), swap 1145992k(666824k free)

vm_info: Java HotSpot(TM) Client VM (1.5.0_09-b03) for windows-x86, built on Oct 12 2006 01:20:10 by "java_re" with MS VC++ 6.0

