[02:20:28] 
[02:20:28] Logging into (Doobie, *****)
[02:20:28] Your UID is: 30031417
[02:21:59] 
[02:21:59] Logging into (Doobie, *****)
[02:21:59] Your UID is: 30031417
[02:32:07] 
[02:32:07] Logging into (Doobie, *****)
[02:32:07] Your UID is: 30031417
[02:33:39] 
[02:33:39] Logging into (Doobie, *****)
[02:33:39] Your UID is: 30031417
[02:35:37] 
[02:35:37] Logging into (Doobie, *****)
[02:35:37] Your UID is: 30031417
[02:43:53] 
[02:43:53] Logging into (Doobie, *****)
[02:43:53] Your UID is: 30031417
[02:44:47] 
[02:44:47] Logging into (Doobie, *****)
[02:44:47] Your UID is: 30031417
[02:45:48] 
[02:45:48] Logging into (Doobie, *****)
[02:45:48] Your UID is: 30031417
[02:46:05] 
[02:46:05] Logging into (Doobie, *****)
[02:46:05] Your UID is: 30031417
[02:46:20] 
[02:46:20] Logging into (Doobie, *****)
[02:46:20] Your UID is: 30031417
[02:46:38] 
[02:46:38] Logging into (Doobie, *****)
[02:46:38] Your UID is: 30031417
[02:48:21] 
[02:48:21] Logging into (Doobie, *****)
[02:48:21] Your UID is: 30031417
[02:54:53] 
[02:54:53] Logging into (Doobie, *****)
[02:54:53] Your UID is: 30031417
[02:57:28] 
[02:57:28] Logging into (Doobie, *****)
[02:57:28] Your UID is: 30031417
[03:01:27] 
[03:01:27] Logging into (Doobie, *****)
[03:01:27] Your UID is: 30031417
[03:23:51] 
[03:23:51] Logging into (Doobie, *****)
[03:23:51] Your UID is: 30031417
[03:23:57] 
[03:23:57] Logging into (Doobie, *****)
[03:23:57] Your UID is: 30031417
[03:32:01] 
[03:32:01] Logging into (Doobie, *****)
[03:32:01] Your UID is: 30031417
[03:46:06] 
[03:46:06] Logging into (Doobie, *****)
[03:46:06] Your UID is: 30031417
[04:00:13] 
[04:00:13] Logging into (Doobie, *****)
[04:00:14] Your UID is: 30031417
[04:01:48] 
[04:01:48] Logging into (Doobie, *****)
[04:01:48] Your UID is: 30031417
[05:09:41] 
[05:09:41] Logging into (Doobie, *****)
[05:09:41] Your UID is: 30031417
[05:11:50] Playing 11 The Final Countdown (Skam Mix).mp3
[05:38:14] 
[05:38:14] Logging into (Doobie, *****)
[05:38:14] Your UID is: 30031417
[05:48:10] 
[05:48:10] Logging into (Doobie, *****)
[05:48:10] Your UID is: 30031417
[05:57:44] 
[05:57:44] Logging into (Doobie, *****)
[05:57:44] Your UID is: 30031417
[05:58:00] 
[05:58:00] Logging into (Doobie, *****)
[05:58:00] Your UID is: 30031417
[05:58:02] 
[05:58:02] Logging into (Doobie, *****)
[05:58:02] Your UID is: 30031417
[05:58:11] Set world to: jonsmodscape.no-ip.info
[05:58:12] 
[05:58:12] Logging into (Doobie, *****)
[05:58:12] Your UID is: 30031417
[05:59:12] Set world to: Zozumascape2.no-ip.org
[05:59:15] 
[05:59:15] Logging into (Doobie, *****)
[05:59:15] Your UID is: 30031417
[06:00:02] Set world to: bloodscape.no-ip.info
[06:00:03] 
[06:00:03] Logging into (Doobie, *****)
[06:00:03] Your UID is: 30031417
[07:29:59] 
[07:29:59] Logging into (Doobie, *****)
[07:29:59] Your UID is: 30031417
[07:30:34] 
[07:30:34] Logging into (Doobie, *****)
[07:30:34] Your UID is: 30031417
[07:33:39] 
[07:33:40] Logging into (Doobie, *****)
[07:33:40] Your UID is: 30031417
[07:34:16] 
[07:34:16] Logging into (Doobie, *****)
[07:34:16] Your UID is: 30031417
[07:36:11] 
[07:36:11] Logging into (Doobie, *****)
[07:36:11] Your UID is: 30031417
[08:53:49] 
[08:53:49] Logging into (Doobie, *****)
[08:53:49] Your UID is: 30031417
[08:56:22] 
[08:56:22] Logging into (Doobie, *****)
[08:56:22] Your UID is: 30031417
[08:56:35] 
[08:56:35] Logging into (Doobie, *****)
[08:56:35] Your UID is: 30031417
[08:57:09] 
[08:57:09] Logging into (Doobie, *****)
[08:57:09] Your UID is: 30031417
[08:58:24] 
[08:58:24] Logging into (Doobie, *****)
[08:58:24] Your UID is: 30031417
[09:04:21] 
[09:04:21] Logging into (Doobies, *****)
[09:04:21] Your UID is: 31200260
[09:06:02] 
[09:06:02] Logging into (Doobies, *****)
[09:06:02] Your UID is: 31200260
[09:06:23] 
[09:06:23] Logging into (Doobiesx, *****)
[09:06:23] Your UID is: 30720867
[09:06:47] 
[09:06:47] Logging into (Doobie, *****)
[09:06:47] Your UID is: 30031417
[09:13:45] 
[09:13:45] Logging into (Doobie, *****)
[09:13:45] Your UID is: 30031417
[09:17:30] Playing 11 The Final Countdown (Skam Mix).mp3
[09:19:27] 
[09:19:27] Logging into (Doobie, *****)
[09:19:27] Your UID is: 30031417
[09:19:29] 
[09:19:29] Logging into (Doobie, *****)
[09:19:29] Your UID is: 30031417
[09:21:47] 
[09:21:47] Logging into (Doobie, *****)
[09:21:47] Your UID is: 30031417
[09:24:16] 
[09:24:16] Logging into (Doobie, *****)
[09:24:16] Your UID is: 30031417
[09:25:18] 
[09:25:18] Logging into (Doobie, *****)
[09:25:18] Your UID is: 30031417
[09:25:57] 
[09:25:57] Logging into (Doobie, *****)
[09:25:57] Your UID is: 30031417
[09:25:58] 
[09:25:58] Logging into (Doobie, *****)
[09:25:58] Your UID is: 30031417
[09:26:04] 
[09:26:04] Logging into (Doobie, *****)
[09:26:04] Your UID is: 30031417
[09:26:29] Set world to: 5.85.177.25
[09:26:29] 
[09:26:29] Logging into (Doobie, *****)
[09:26:29] Your UID is: 30031417
[09:26:47] 
[09:26:47] Logging into (Doobie, *****)
[09:26:47] Your UID is: 30031417
[09:27:29] 
[09:27:29] Logging into (Doobie, *****)
[09:27:29] Your UID is: 30031417
[09:39:29] 
[09:39:29] Logging into (Doobie, *****)
[09:39:29] Your UID is: 30031417
[09:40:02] 
[09:40:02] Logging into (Doobie, *****)
[09:40:02] Your UID is: 30031417
[09:40:37] 
[09:40:37] Logging into (Doobie, *****)
[09:40:37] Your UID is: 30031417
[09:52:24] 
[09:52:24] Logging into (Doobie, *****)
[09:52:24] Your UID is: 30031417
[09:52:51] 
[09:52:51] Logging into (Doobie, *****)
[09:52:51] Your UID is: 30031417
[10:01:10] 
[10:01:10] Logging into (Doobie, *****)
[10:01:10] Your UID is: 30031417
[10:11:28] 
[10:11:28] Logging into (Doobie, *****)
[10:11:28] Your UID is: 30031417
[10:43:04] 
[10:43:04] Logging into (Doobie, *****)
[10:43:04] Your UID is: 30031417
[10:44:15] 
[10:44:15] Logging into (Doobie, *****)
[10:44:15] Your UID is: 30031417
[10:44:35] 
[10:44:35] Logging into (Doobie, *****)
[10:44:35] Your UID is: 30031417
[10:45:52] 
[10:45:52] Logging into (Doobie, *****)
[10:45:52] Your UID is: 30031417
[10:46:34] 
[10:46:34] Logging into (Doobie, *****)
[10:46:34] Your UID is: 30031417
[10:49:08] 
[10:49:08] Logging into (Doobie, *****)
[10:49:11] Your UID is: 30031417
[10:51:34] 
[10:51:34] Logging into (Doobie, *****)
[10:51:34] Your UID is: 30031417
[10:52:50] 
[10:52:50] Logging into (Doobiess, *****)
[10:52:50] Your UID is: 16281338
[10:54:37] Playing 11 The Final Countdown (Skam Mix).mp3
[10:54:38] Playing 05 - Zombie Nation.mp3
[10:54:39] Playing Warp Brothers Vs Aquagen - Phatt Bass (Warp Brothers Single Cut).mp3
[10:54:41] Playing Tupac Shakur - God Bless the Dead.mp3
[10:58:14] 
[10:58:14] Logging into (Doobiesxxs, *****)
[10:58:14] Your UID is: 66947385
[11:00:29] 
[11:00:30] Logging into (Doobiesxxs, *****)
[11:00:30] Your UID is: 66947385
[11:03:52] 
[11:03:52] Logging into (Doobiesxxs, *****)
[11:03:52] Your UID is: 66947385
[11:03:58] 
[11:03:58] Logging into (Doobie, *****)
[11:03:58] Your UID is: 30031417
[11:03:59] 
[11:03:59] Logging into (Doobie, *****)
[11:03:59] Your UID is: 30031417
[11:04:01] 
[11:04:01] Logging into (Doobie, *****)
[11:04:01] Your UID is: 30031417
[11:04:58] 
[11:04:58] Logging into (Doobie, *****)
[11:04:58] Your UID is: 30031417
[11:18:00] 
[11:18:00] Logging into (Doobie, *****)
[11:18:00] Your UID is: 30031417
