[12:03:36] 
[12:03:36] Logging into (Doobie, *****)
[12:03:36] Your UID is: 30031417
[12:06:29] 
[12:06:29] Logging into (Doobie, *****)
[12:06:29] Your UID is: 30031417
[12:12:36] 
[12:12:36] Logging into (Doobie, *****)
[12:12:36] Your UID is: 30031417
[12:15:22] 
[12:15:22] Logging into (Doobie, *****)
[12:15:22] Your UID is: 30031417
[12:15:42] 
[12:15:42] Logging into (Doobie, *****)
[12:15:42] Your UID is: 30031417
[12:16:36] 
[12:16:36] Logging into (Doobie, *****)
[12:16:36] Your UID is: 30031417
[12:16:47] 
[12:16:47] Logging into (Doobie, *****)
[12:16:47] Your UID is: 30031417
[12:16:57] 
[12:16:57] Logging into (Doobie, *****)
[12:16:57] Your UID is: 30031417
[12:19:27] 
[12:19:27] Logging into (Doobie, *****)
[12:19:27] Your UID is: 30031417
[12:21:11] 
[12:21:11] Logging into (Doobie, *****)
[12:21:11] Your UID is: 30031417
[12:21:29] 
[12:21:29] Logging into (Doobie, *****)
[12:21:29] Your UID is: 30031417
[12:22:19] 
[12:22:19] Logging into (Doobie, *****)
[12:22:19] Your UID is: 30031417
[01:17:28] 
[01:17:28] Logging into (Doobie, *****)
[01:17:28] Your UID is: 30031417
[01:17:31] 
[01:17:31] Logging into (Doobie, *****)
[01:17:31] Your UID is: 30031417
[01:17:33] 
[01:17:33] Logging into (Doobie, *****)
[01:17:34] Your UID is: 30031417
[01:18:27] Set world to: 5.85.133.145
[01:18:27] 
[01:18:27] Logging into (Doobie, *****)
[01:18:27] Your UID is: 30031417
[01:18:30] 
[01:18:30] Logging into (Doobie, *****)
[01:18:30] Your UID is: 30031417
[01:20:13] 
[01:20:13] Logging into (Doobie, *****)
[01:20:13] Your UID is: 30031417
[01:20:51] Set world to: phatsrule.no-ip.org
[01:20:52] 
[01:20:52] Logging into (Doobie, *****)
[01:20:52] Your UID is: 30031417
[01:26:26] Playing Trance - Dj Aligator Project - Welcome To Future.mp3
[01:26:27] Playing Techno DJ Alligator Project - Bounce 2 This.mp3
[01:26:29] Playing Skitzmix - White Stripes.mp3
[01:26:31] Playing Skitzmix - Dance Now.mp3
[01:28:00] 
[01:28:00] Logging into (Doobie, *****)
[01:28:00] Your UID is: 30031417
[01:28:03] 
[01:28:03] Logging into (Doobie, *****)
[01:28:03] Your UID is: 30031417
[01:28:06] 
[01:28:06] Logging into (Doobie, *****)
[01:28:06] Your UID is: 30031417
[01:28:13] 
[01:28:13] Logging into (Doobie, *****)
[01:28:13] Your UID is: 30031417
[01:28:15] 
[01:28:15] Logging into (Doobie, *****)
[01:28:15] Your UID is: 30031417
[01:28:27] 
[01:28:27] Logging into (Doobie, *****)
[01:28:27] Your UID is: 30031417
[01:28:35] 
[01:28:35] Logging into (Doobie, *****)
[01:28:35] Your UID is: 30031417
[01:28:37] 
[01:28:37] Logging into (Doobie, *****)
[01:28:37] Your UID is: 30031417
[01:28:43] 
[01:28:43] Logging into (Doobie, *****)
[01:28:43] Your UID is: 30031417
[01:29:25] 
[01:29:25] Logging into (Doobie, *****)
[01:29:25] Your UID is: 30031417
[01:29:51] 
[01:29:51] Logging into (Doobie, *****)
[01:29:51] Your UID is: 30031417
[01:29:58] Playing Safri Duo vs Brooklyn Bounce - Bass Beat.mp3
[01:29:59] Playing Reel 2 Real - I Like To Move It (Club Mix).mp3
[01:30:01] Playing Progressive techno trance essentials - trance global nation-04 resurrection.mp3
[01:30:02] Playing Novaspace - Time after Time 2002 (Novaspace Mix).mp3
[01:30:03] Playing Night at the Roxbury - What is Love.mp3
[01:30:04] Playing Novaspace - Time after Time 2002 (Novaspace Mix).mp3
[01:30:05] Playing Night at the Roxbury - What is Love.mp3
[01:30:06] Playing Nick Skitz vs The Choirboys - Run To Paradise.mp3
[01:30:08] Playing nick skitz - yeah.mp3
[01:30:09] Playing Nick Skitz - Skitz Mix 18 Megamix.mp3
[01:30:10] Playing Nick Skitz - Skitz Anthemz Megamix.mp3
[01:30:13] 
[01:30:13] Logging into (Doobie, *****)
[01:30:13] Your UID is: 30031417
[01:32:48] 
[01:32:48] Logging into (Doobie, *****)
[01:32:49] Your UID is: 30031417
[01:33:00] Set world to: phatsrule.no-ip.org
[01:33:00] 
[01:33:01] Logging into (Doobie, *****)
[01:33:01] Your UID is: 30031417
[01:34:03] 
[01:34:03] Logging into (Doobie, *****)
[01:34:03] Your UID is: 30031417
[01:34:10] 
[01:34:10] Logging into (Doobie, *****)
[01:34:10] Your UID is: 30031417
[01:38:43] 
[01:38:43] Logging into (Doobie, *****)
[01:38:43] Your UID is: 30031417
[01:39:33] 
[01:39:33] Logging into (Doobie, *****)
[01:39:33] Your UID is: 30031417
[01:39:36] 
[01:39:36] Logging into (Doobie, *****)
[01:39:36] Your UID is: 30031417
[01:40:45] 
[01:40:45] Logging into (Doobie, *****)
[01:40:45] Your UID is: 30031417
[01:45:28] 
[01:45:28] Logging into (Doobie, *****)
[01:45:28] Your UID is: 30031417
[01:46:14] 
[01:46:14] Logging into (Doobie, *****)
[01:46:14] Your UID is: 30031417
[01:46:40] 
[01:46:40] Logging into (Doobie, *****)
[01:46:40] Your UID is: 30031417
[01:49:03] 
[01:49:03] Logging into (Doobie, *****)
[01:49:03] Your UID is: 30031417
[01:49:46] 
[01:49:46] Logging into (Doobie, *****)
[01:49:46] Your UID is: 30031417
[01:49:50] 
[01:49:50] Logging into (Doobie, *****)
[01:49:50] Your UID is: 30031417
[01:50:16] 
[01:50:16] Logging into (Doobie, *****)
[01:50:16] Your UID is: 30031417
[01:50:57] Set world to: 71.75.157.46
[01:50:57] 
[01:50:57] Logging into (Doobie, *****)
[01:50:57] Your UID is: 30031417
[01:51:10] 
[01:51:10] Logging into (Doobie, *****)
[01:51:10] Your UID is: 30031417
[01:51:34] 
[01:51:34] Logging into (Doobie, *****)
[01:51:34] Your UID is: 30031417
[01:51:57] Set world to: RamyScape.no-ip.info
[01:51:58] 
[01:51:58] Logging into (Doobie, *****)
[01:51:58] Your UID is: 30031417
[01:52:01] 
[01:52:01] Logging into (Doobie, *****)
[01:52:01] Your UID is: 30031417
[01:52:08] 
[01:52:08] Logging into (Doobie, *****)
[01:52:08] Your UID is: 30031417
[02:00:03] 
[02:00:03] Logging into (Doobie, *****)
[02:00:03] Your UID is: 30031417
[02:00:08] 
[02:00:08] Logging into (Doobie, *****)
[02:00:08] Your UID is: 30031417
[02:00:31] 
[02:00:31] Logging into (Doobie, *****)
[02:00:31] Your UID is: 30031417
[02:00:51] Set world to: RamyScape.no-ip.info
[02:00:52] 
[02:00:52] Logging into (Doobie, *****)
[02:00:52] Your UID is: 30031417
[02:03:39] 
[02:03:39] Logging into (Doobie, *****)
[02:03:39] Your UID is: 30031417
[02:09:21] 
[02:09:21] Logging into (Doobie, *****)
[02:09:21] Your UID is: 30031417
[02:11:03] 
[02:11:03] Logging into (Doobie, *****)
[02:11:03] Your UID is: 30031417
[02:21:47] 
[02:21:47] Logging into (Doobie, *****)
[02:21:47] Your UID is: 30031417
[02:22:24] 
[02:22:24] Logging into (Doobie, *****)
[02:22:24] Your UID is: 30031417
[02:22:26] 
[02:22:26] Logging into (Doobie, *****)
[02:22:26] Your UID is: 30031417
[02:22:31] Set world to: ramyscape
[02:22:37] Set world to: ramyscape.no-ip.info
[02:22:38] 
[02:22:38] Logging into (Doobie, *****)
[02:22:38] Your UID is: 30031417
[02:23:20] 
[02:23:20] Logging into (Doobie, *****)
[02:23:20] Your UID is: 30031417
[02:25:02] 
[02:25:02] Logging into (Doobie, *****)
[02:25:02] Your UID is: 30031417
[02:26:23] 
[02:26:23] Logging into (Doobie, *****)
[02:26:23] Your UID is: 30031417
[02:27:08] 
[02:27:08] Logging into (Doobie, *****)
[02:27:08] Your UID is: 30031417
[02:29:06] 
[02:29:06] Logging into (Doobie, *****)
[02:29:06] Your UID is: 30031417
[02:31:58] 
[02:31:58] Logging into (Doobie, *****)
[02:31:58] Your UID is: 30031417
[02:32:23] Set world to: 75.73.177.88
[02:32:24] 
[02:32:24] Logging into (Doobie, *****)
[02:32:24] Your UID is: 30031417
[02:36:19] Set world to: RamyScape.no-ip.info
[02:36:20] 
[02:36:20] Logging into (Doobie, *****)
[02:36:20] Your UID is: 30031417
[02:38:00] Set world to: 5.76.72.78
[02:38:00] 
[02:38:00] Logging into (Doobie, *****)
[02:38:00] Your UID is: 30031417
[02:39:01] 
[02:39:01] Logging into (Doobie, *****)
[02:39:01] Your UID is: 30031417
[02:39:04] 
[02:39:04] Logging into (Doobie, *****)
[02:39:04] Your UID is: 30031417
[02:39:06] 
[02:39:06] Logging into (Doobie, *****)
[02:39:06] Your UID is: 30031417
[02:39:08] 
[02:39:08] Logging into (Doobies, *****)
[02:39:08] Your UID is: 31200260
[02:39:35] 
[02:39:35] Logging into (Doobie, *****)
[02:39:35] Your UID is: 30031417
[02:48:16] 
[02:48:16] Logging into (Doobie, *****)
[02:48:16] Your UID is: 30031417
[02:49:02] 
[02:49:02] Logging into (Doobie, *****)
[02:49:02] Your UID is: 30031417
[02:49:04] 
[02:49:04] Logging into (Doobie, *****)
[02:49:04] Your UID is: 30031417
[02:49:47] Set world to: 5.76.72.78
[02:49:47] 
[02:49:47] Logging into (Doobie, *****)
[02:49:47] Your UID is: 30031417
[02:51:31] 
[02:51:31] Logging into (Doobie, *****)
[02:51:31] Your UID is: 30031417
[02:52:03] 
[02:52:03] Logging into (Doobie, *****)
[02:52:03] Your UID is: 30031417
[02:52:39] Set world to: 5.76.72.78
[02:52:39] 
[02:52:40] Logging into (Doobie, *****)
[02:52:40] Your UID is: 30031417
[03:00:12] 
[03:00:12] Logging into (Doobie, *****)
[03:00:12] Your UID is: 30031417
[03:00:19] 
[03:00:19] Logging into (Doobie, *****)
[03:00:19] Your UID is: 30031417
[03:05:50] 
[03:05:51] Logging into (Doobie, *****)
[03:05:51] Your UID is: 30031417
[03:06:01] 
[03:06:01] Logging into (Doobie, *****)
[03:06:01] Your UID is: 30031417
[03:06:03] 
[03:06:03] Logging into (Doobie, *****)
[03:06:03] Your UID is: 30031417
[03:18:40] 
[03:18:40] Logging into (Doobie, *****)
[03:18:40] Your UID is: 30031417
[03:47:55] Playing Nick Skitz - Bass Keeps Pumpin (Club Mix).mp3
[03:47:59] Playing Nick Skitz - 16 - Here's Jonny!.mp3
[03:48:00] Playing Nick Skitz (Various) - Born To Bounce (Video Edit).mp3
[03:48:01] Playing Infernal - From paris to berlin.mp3
[03:48:02] Playing Infernal - From Paris To Berlin (Dj Aligator Remix).mp3
[03:48:03] Playing Gunther feat. Samantha Fox - Touch Me (DJ Alligator Radio Edit).mp3
[03:48:03] Playing Groove Coverage - Poison.mp3
[03:48:04] Playing Dj tiesto - Forbidden Paradise (Deep Trance Mix).mp3
[03:48:04] Playing Dj shrek - Show me Heaven 2006         Similar to New Monkey Happy Hardcore Bonkers dj's cammy gillies fatcat rankin pulse trigger carlee tiesto zitkus.mp3
[03:48:05] Playing dj sammy - techno - time after time remix.mp3
[03:48:05] Playing Dj shrek - Show me Heaven 2006         Similar to New Monkey Happy Hardcore Bonkers dj's cammy gillies fatcat rankin pulse trigger carlee tiesto zitkus.mp3
[03:48:06] Playing Dj tiesto - Forbidden Paradise (Deep Trance Mix).mp3
[03:49:16] 
[03:49:16] Logging into (Doobie, *****)
[03:49:16] Your UID is: 30031417
[03:55:05] 
[03:55:05] Logging into (Doobie, *****)
[03:55:05] Your UID is: 30031417
[03:55:36] Playing Dj shrek - Show me Heaven 2006         Similar to New Monkey Happy Hardcore Bonkers dj's cammy gillies fatcat rankin pulse trigger carlee tiesto zitkus.mp3
[03:57:51] Playing dj sammy - techno - time after time remix.mp3
[03:57:52] Playing Dj Rankin - Listen To Your Heart.mp3
[03:57:54] Playing Dj Liquid - I close my eyes (techno trance remix).mp3
[03:57:55] Playing DJ Liquid - I Can't Stop Raving.mp3
[03:57:56] Playing DJ Homemix - Crazy Frog (Hardstyle Mix).mp3
[03:57:57] Playing Dj Daveo - Freed From Desire (dj Pulse + Dj Rankin + dj tiesto + Paul van dyke + minostry of sound + cream + dj fatcat + dj gillies + trigger).mp3
[03:57:58] Playing DJ Carrot & DJ Bekz - The Habbo Club.mp3
[03:57:59] Playing DJ Alligator Project - Overdose.mp3
[03:58:00] Playing DJ Carrot & DJ Bekz - The Habbo Club.mp3
[03:58:00] Playing DJ Alligator Project - Overdose.mp3
[03:58:01] Playing Dj Alligator Project - Extacy.mp3
[03:58:02] Playing DJ Alligator Project - Doggystyle.mp3
[03:58:04] Playing DJ Alligator - Turn Up Music (Club Mix) .mp3
[03:58:06] Playing DJ Alligator & Dr Alban - I Like To Move It.mp3
[03:58:07] Playing DJ Aligator Remixes - Whoomp - Club Mix(2003).mp3
[03:58:09] Playing DJ Aligator Project vs. Gigi D'Agostino - Shut the FUCK up and dance.mp3
[03:58:30] Playing DJ Aligator Project - Bosnia Trance X-Press.mp3
[04:05:26] Playing DJ Aligator Project - Blow my Whistle Bitch.mp3
[04:05:27] Playing DJ Aligator - Fly High.mp3
[04:05:29] Playing Dj Aligator - Counter Strike.mp3
[04:05:30] Playing DJ - sammy - we're in heaven (techno remix).mp3
[04:05:31] Playing Dance - INOJ - Time After Time (Techno remix).mp3
[04:05:32] Playing Daddy Yankee - Gasolina.mp3
[04:05:33] Playing Club-DJ Alligator Project - Calling Out Your Name.mp3
[04:05:34] Playing Arash Feat. Dj Aligator - Music is My Language.mp3
[04:05:35] Playing Alex K Vs Nick Skitz Vs DJ KCB Vs Deigo V - The Megamix(1).mp3
[04:05:36] Playing AEROBICS Techno - Trance - ATB and Paul Van Dyke rave mix - DJ Special K .mp3
[04:05:38] Playing 50Cent - Candy shop.mp3
[04:05:40] Playing 20 - Nick Skitz - Floorfilla - Floorfilla Anthem #2.mp3
[04:05:42] Playing 11 The Final Countdown (Skam Mix).mp3
[04:05:44] Playing 05 - Zombie Nation.mp3
[04:05:46] Playing Warp Brothers Vs Aquagen - Phatt Bass (Warp Brothers Single Cut).mp3
[04:05:47] Playing Tupac Shakur - God Bless the Dead.mp3
[04:08:33] Playing Trance - Dj Aligator Project - Welcome To Future.mp3
[04:10:23] Playing Techno DJ Alligator Project - Bounce 2 This.mp3
[04:10:24] Playing Skitzmix - White Stripes.mp3
[04:10:25] Playing Techno DJ Alligator Project - Bounce 2 This.mp3
[04:10:25] Playing Trance - Dj Aligator Project - Welcome To Future.mp3
[04:10:25] Playing Tupac Shakur - God Bless the Dead.mp3
[04:10:26] Playing Warp Brothers Vs Aquagen - Phatt Bass (Warp Brothers Single Cut).mp3
[04:10:26] Playing 05 - Zombie Nation.mp3
[04:10:27] Playing 11 The Final Countdown (Skam Mix).mp3
[04:10:28] Playing 20 - Nick Skitz - Floorfilla - Floorfilla Anthem #2.mp3
[04:10:28] Playing 11 The Final Countdown (Skam Mix).mp3
[04:10:29] Playing 05 - Zombie Nation.mp3
[04:10:29] Playing Warp Brothers Vs Aquagen - Phatt Bass (Warp Brothers Single Cut).mp3
[04:10:29] Playing Tupac Shakur - God Bless the Dead.mp3
[04:10:29] Playing Trance - Dj Aligator Project - Welcome To Future.mp3
[04:10:29] Playing Techno DJ Alligator Project - Bounce 2 This.mp3
[04:10:30] Playing Skitzmix - White Stripes.mp3
[04:10:30] Playing Skitzmix - Dance Now.mp3
[04:10:31] Playing Safri Duo vs Brooklyn Bounce - Bass Beat.mp3
[04:10:31] Playing Reel 2 Real - I Like To Move It (Club Mix).mp3
[04:10:32] Playing Progressive techno trance essentials - trance global nation-04 resurrection.mp3
[04:10:32] Playing Novaspace - Time after Time 2002 (Novaspace Mix).mp3
[04:10:33] Playing Night at the Roxbury - What is Love.mp3
[04:10:33] Playing Nick Skitz vs The Choirboys - Run To Paradise.mp3
[04:10:34] Playing nick skitz - yeah.mp3
[04:10:34] Playing Nick Skitz - Skitz Mix 18 Megamix.mp3
[04:10:34] Playing Nick Skitz - Skitz Anthemz Megamix.mp3
[04:14:16] 
[04:14:16] Logging into (Doobie, *****)
[04:14:16] Your UID is: 30031417
[04:16:32] Playing Nick Skitz - Bass Keeps Pumpin (Club Mix).mp3
[04:18:46] 
[04:18:46] Logging into (Doobie, *****)
[04:18:46] Your UID is: 30031417
[04:18:53] 
[04:18:53] Logging into (Doobie, *****)
[04:18:53] Your UID is: 30031417
[04:18:54] 
[04:18:54] Logging into (Doobie, *****)
[04:18:54] Your UID is: 30031417
[04:19:17] 
[04:19:17] Logging into (Doobie, *****)
[04:19:17] Your UID is: 30031417
[04:43:58] 
[04:43:58] Logging into (Doobie, *****)
[04:43:58] Your UID is: 30031417
[04:53:01] HP Above Heads On...
[04:53:20] HP Above Heads Off...
[04:55:33] 
[04:55:33] Logging into (Doobie, *****)
[04:55:33] Your UID is: 30031417
[04:55:37] 
[04:55:37] Logging into (Doobie, *****)
[04:55:37] Your UID is: 30031417
[05:02:02] 
[05:02:02] Logging into (Doobie, *****)
[05:02:02] Your UID is: 30031417
[05:02:10] 
[05:02:10] Logging into (Doobie, *****)
[05:02:10] Your UID is: 30031417
[05:02:11] 
[05:02:11] Logging into (Doobie, *****)
[05:02:11] Your UID is: 30031417
[05:02:13] 
[05:02:13] Logging into (Doobie, *****)
[05:02:13] Your UID is: 30031417
[05:09:41] 
[05:09:42] Logging into (Doobie, *****)
[05:09:43] Your UID is: 30031417
[05:10:15] 
[05:10:15] Logging into (Doobie, *****)
[05:10:15] Your UID is: 30031417
[05:11:07] 
[05:11:07] Logging into (Doobie, *****)
[05:11:07] Your UID is: 30031417
[05:11:10] 
[05:11:10] Logging into (Doobie, *****)
[05:11:10] Your UID is: 30031417
[05:13:24] 
[05:13:24] Logging into (Doobie, *****)
[05:13:24] Your UID is: 30031417
[05:13:29] 
[05:13:29] Logging into (Doobie, *****)
[05:13:29] Your UID is: 30031417
[05:13:31] 
[05:13:31] Logging into (Doobie, *****)
[05:13:31] Your UID is: 30031417
[05:16:34] 
[05:16:34] Logging into (Doobie, *****)
[05:16:34] Your UID is: 30031417
[05:17:55] 
[05:17:55] Logging into (Doobie, *****)
[05:17:55] Your UID is: 30031417
[05:18:32] 
[05:18:32] Logging into (Doobie, *****)
[05:18:32] Your UID is: 30031417
[05:18:33] 
[05:18:33] Logging into (Doobie, *****)
[05:18:33] Your UID is: 30031417
[05:18:33] 
[05:18:33] Logging into (Doobie, *****)
[05:18:33] Your UID is: 30031417
[05:18:34] 
[05:18:34] Logging into (Doobie, *****)
[05:18:34] Your UID is: 30031417
[05:18:34] 
[05:18:34] Logging into (Doobie, *****)
[05:18:34] Your UID is: 30031417
[05:18:34] 
[05:18:34] Logging into (Doobie, *****)
[05:18:34] Your UID is: 30031417
[05:18:34] 
[05:18:34] Logging into (Doobie, *****)
[05:18:34] Your UID is: 30031417
[05:18:34] 
[05:18:34] Logging into (Doobie, *****)
[05:18:34] Your UID is: 30031417
[05:18:35] 
[05:18:35] Logging into (Doobie, *****)
[05:18:35] Your UID is: 30031417
[05:18:35] 
[05:18:35] Logging into (Doobie, *****)
[05:18:35] Your UID is: 30031417
[05:18:35] 
[05:18:35] Logging into (Doobie, *****)
[05:18:35] Your UID is: 30031417
[05:18:35] 
[05:18:35] Logging into (Doobie, *****)
[05:18:35] Your UID is: 30031417
[05:18:35] 
[05:18:35] Logging into (Doobie, *****)
[05:18:35] Your UID is: 30031417
[05:18:35] 
[05:18:35] Logging into (Doobie, *****)
[05:18:36] Your UID is: 30031417
[05:18:36] 
[05:18:36] Logging into (Doobie, *****)
[05:18:36] Your UID is: 30031417
[05:18:36] 
[05:18:36] Logging into (Doobie, *****)
[05:18:36] Your UID is: 30031417
[05:18:36] 
[05:18:36] Logging into (Doobie, *****)
[05:18:36] Your UID is: 30031417
[05:18:36] 
[05:18:36] Logging into (Doobie, *****)
[05:18:36] Your UID is: 30031417
[05:18:37] 
[05:18:37] Logging into (Doobie, *****)
[05:18:37] Your UID is: 30031417
[05:18:37] 
[05:18:37] Logging into (Doobie, *****)
[05:18:37] Your UID is: 30031417
[05:18:37] 
[05:18:37] Logging into (Doobie, *****)
[05:18:37] Your UID is: 30031417
[05:18:37] 
[05:18:37] Logging into (Doobies, *****)
[05:18:37] Your UID is: 31200260
[05:18:39] 
[05:18:39] Logging into (Doobies, *****)
[05:18:39] Your UID is: 31200260
[05:18:46] 
[05:18:46] Logging into (Doobies, *****)
[05:18:46] Your UID is: 31200260
[05:19:09] 
[05:19:09] Logging into (Doobie, *****)
[05:19:09] Your UID is: 30031417
[05:19:10] 
[05:19:10] Logging into (Doobie, *****)
[05:19:10] Your UID is: 30031417
[05:43:44] 
[05:43:44] Logging into (doobie, *****)
[05:43:44] Your UID is: 22784256
[05:44:37] 
[05:44:37] Logging into (doobie, *****)
[05:44:37] Your UID is: 22784256
[05:47:59] Playing Dj tiesto - Forbidden Paradise (Deep Trance Mix).mp3
[06:19:03] 
[06:19:03] Logging into (doobie, *****)
[06:19:03] Your UID is: 22784256
[06:39:44] 
[06:39:44] Logging into (doobie, *****)
[06:39:44] Your UID is: 22784256
[07:32:59] 
[07:32:59] Logging into (doobie, *****)
[07:32:59] Your UID is: 22784256
[07:35:45] 
[07:35:45] Logging into (doobie, *****)
[07:35:45] Your UID is: 22784256
[07:42:35] 
[07:42:35] Logging into (doobie, *****)
[07:42:35] Your UID is: 22784256
[07:55:24] 
[07:55:24] Logging into (doobie, *****)
[07:55:24] Your UID is: 22784256
[08:16:26] Sorry, have to have some input
[08:18:54] 
[08:18:54] Logging into (doobie, *****)
[08:18:54] Your UID is: 22784256
[08:25:05] 
[08:25:05] Logging into (doobie, *****)
[08:25:05] Your UID is: 22784256
[08:30:55] Set world to: 5.77.73.227
[08:30:57] 
[08:30:57] Logging into (doobie, *****)
[08:30:57] Your UID is: 22784256
[08:32:06] 
[08:32:06] Logging into (doobie, *****)
[08:32:06] Your UID is: 22784256
[08:32:30] 
[08:32:30] Logging into (doobie, *****)
[08:32:30] Your UID is: 22784256
[08:33:01] 
[08:33:01] Logging into (doobie, *****)
[08:33:01] Your UID is: 22784256
[08:34:23] Set world to: 5.83.254.115
[08:34:27] 
[08:34:27] Logging into (Doobie, *****)
[08:34:27] Your UID is: 30031417
[08:39:27] 
[08:39:27] Logging into (Doobie, *****)
[08:39:27] Your UID is: 30031417
[08:39:29] 
[08:39:29] Logging into (Doobie, *****)
[08:39:29] Your UID is: 30031417
[08:39:31] 
[08:39:31] Logging into (Doobie, *****)
[08:39:31] Your UID is: 30031417
[08:39:38] 
[08:39:38] Logging into (Doobie, *****)
[08:39:38] Your UID is: 30031417
[08:39:56] Set world to: 5.77.74.145
[08:39:56] 
[08:39:56] Logging into (Doobie, *****)
[08:39:56] Your UID is: 30031417
[08:40:21] 
[08:40:21] Logging into (Doobie, *****)
[08:40:21] Your UID is: 30031417
[08:40:34] 
[08:40:34] Logging into (Doobie, *****)
[08:40:34] Your UID is: 30031417
[08:40:48] 
[08:40:48] Logging into (Doobie, *****)
[08:40:48] Your UID is: 30031417
[08:42:16] 
[08:42:16] Logging into (Doobie, *****)
[08:42:16] Your UID is: 30031417
[08:42:38] 
[08:42:38] Logging into (Doobie, *****)
[08:42:38] Your UID is: 30031417
[08:46:48] Set world to: pk-scape.no-ip.biz
[08:46:52] Port changed to 5555
[08:46:52] 
[08:46:52] Logging into (Doobie, *****)
[08:46:52] Your UID is: 30031417
[08:49:08] Set world to: Kingshits.no-ip.info
[08:49:08] 
[08:49:08] Logging into (Doobie, *****)
[08:49:08] Your UID is: 30031417
[08:49:17] 
[08:49:17] Logging into (Doobie, *****)
[08:49:17] Your UID is: 30031417
[08:51:07] Set world to: jonsmodscape.no-ip.info
[08:51:08] 
[08:51:08] Logging into (Doobie, *****)
[08:51:08] Your UID is: 30031417
[08:53:18] Set world to: v
[08:53:25] Set world to: 80.194.231.106
[08:53:28] 
[08:53:28] Logging into (Doobie, *****)
[08:53:28] Your UID is: 30031417
[08:55:54] 
[08:55:54] Logging into (Doobie, *****)
[08:55:54] Your UID is: 30031417
[08:55:57] 
[08:55:57] Logging into (Doobie, *****)
[08:55:57] Your UID is: 30031417
[08:59:22] Set world to: 5.59.103.121
[08:59:23] 
[08:59:23] Logging into (Doobie, *****)
[08:59:23] Your UID is: 30031417
[08:59:59] 
[08:59:59] Logging into (Doobie, *****)
[08:59:59] Your UID is: 30031417
[09:00:16] 
[09:00:16] Logging into (Doobie, *****)
[09:00:16] Your UID is: 30031417
[09:00:57] 
[09:00:57] Logging into (Doobie, *****)
[09:00:57] Your UID is: 30031417
[09:01:41] 
[09:01:41] Logging into (Doobie, *****)
[09:01:41] Your UID is: 30031417
[09:01:51] 
[09:01:51] Logging into (Doobie, *****)
[09:01:51] Your UID is: 30031417
[09:02:06] 
[09:02:06] Logging into (Doobie, *****)
[09:02:06] Your UID is: 30031417
[09:02:25] 
[09:02:25] Logging into (Doobie, *****)
[09:02:25] Your UID is: 30031417
[09:02:34] 
[09:02:34] Logging into (Doobie, *****)
[09:02:34] Your UID is: 30031417
[09:03:06] 
[09:03:06] Logging into (Doobie, *****)
[09:03:06] Your UID is: 30031417
[09:03:16] 
[09:03:16] Logging into (Doobie, *****)
[09:03:16] Your UID is: 30031417
[09:03:24] 
[09:03:24] Logging into (Doobie, *****)
[09:03:24] Your UID is: 30031417
[09:03:37] 
[09:03:37] Logging into (Doobie, *****)
[09:03:37] Your UID is: 30031417
[09:06:01] 
[09:06:01] Logging into (Doobie, *****)
[09:06:01] Your UID is: 30031417
[09:15:49] 
[09:15:49] Logging into (Doobie, *****)
[09:15:49] Your UID is: 30031417
[09:16:48] 
[09:16:48] Logging into (Doobie, *****)
[09:16:48] Your UID is: 30031417
[09:17:29] Set world to: 5.87.234.17
[09:17:29] 
[09:17:29] Logging into (Doobie, *****)
[09:17:29] Your UID is: 30031417
[09:17:31] 
[09:17:31] Logging into (Doobie, *****)
[09:17:31] Your UID is: 30031417
[09:18:14] 
[09:18:14] Logging into (Doobie, *****)
[09:18:14] Your UID is: 30031417
[09:18:41] 
[09:18:41] Logging into (Doobie, *****)
[09:18:41] Your UID is: 30031417
[09:20:46] Set world to: 5.83.254.115
[09:20:46] 
[09:20:46] Logging into (Doobie, *****)
[09:20:46] Your UID is: 30031417
[09:38:26] 
[09:38:26] Logging into (Doobie, *****)
[09:38:26] Your UID is: 30031417
[09:38:30] 
[09:38:30] Logging into (Doobie, *****)
[09:38:30] Your UID is: 30031417
[09:38:33] 
[09:38:33] Logging into (Doobie, *****)
[09:38:33] Your UID is: 30031417
[09:40:37] 
[09:40:37] Logging into (Doobie, *****)
[09:40:37] Your UID is: 30031417
[09:41:05] Set world to: 5.83.254.115
[09:41:06] 
[09:41:06] Logging into (Doobie, *****)
[09:41:06] Your UID is: 30031417
[09:42:26] 
[09:42:26] Logging into (Doobie, *****)
[09:42:26] Your UID is: 30031417
[09:42:57] 
[09:42:57] Logging into (Doobie, *****)
[09:42:57] Your UID is: 30031417
[09:43:01] 
[09:43:01] Logging into (Doobie, *****)
[09:43:01] Your UID is: 30031417
[09:43:05] 
[09:43:05] Logging into (Doobie, *****)
[09:43:05] Your UID is: 30031417
[09:43:37] Set world to: 5.83.254.115
[09:43:38] 
[09:43:38] Logging into (Doobie, *****)
[09:43:38] Your UID is: 30031417
[09:45:07] 
[09:45:07] Logging into (Doobie, *****)
[09:45:07] Your UID is: 30031417
[09:45:11] 
[09:45:11] Logging into (Doobie, *****)
[09:45:11] Your UID is: 30031417
[09:57:11] 
[09:57:11] Logging into (Doobie, *****)
[09:57:11] Your UID is: 30031417
[09:57:27] 
[09:57:27] Logging into (Doobie, *****)
[09:57:27] Your UID is: 30031417
[09:57:30] 
[09:57:30] Logging into (Doobie, *****)
[09:57:30] Your UID is: 30031417
[09:58:47] 
[09:58:47] Logging into (Doobie, *****)
[09:58:47] Your UID is: 30031417
[09:58:49] 
[09:58:49] Logging into (Doobie, *****)
[09:58:49] Your UID is: 30031417
[09:58:53] 
[09:58:53] Logging into (Doobies, *****)
[09:58:53] Your UID is: 31200260
[10:20:46] 
[10:20:46] Logging into (Doobie, *****)
[10:20:46] Your UID is: 30031417
[10:31:58] 
[10:31:58] Logging into (Doobie, *****)
[10:31:59] Your UID is: 30031417
[10:42:33] 
[10:42:33] Logging into (Doobie, *****)
[10:42:33] Your UID is: 30031417
[10:42:34] 
[10:42:34] Logging into (Doobie, *****)
[10:42:34] Your UID is: 30031417
[10:42:35] 
[10:42:35] Logging into (Doobie, *****)
[10:42:35] Your UID is: 30031417
[10:42:36] 
[10:42:36] Logging into (Doobie, *****)
[10:42:36] Your UID is: 30031417
[10:42:36] 
[10:42:36] Logging into (Doobie, *****)
[10:42:36] Your UID is: 30031417
[10:42:36] 
[10:42:36] Logging into (Doobie, *****)
[10:42:36] Your UID is: 30031417
[10:44:12] 
[10:44:12] Logging into (Doobie, *****)
[10:44:12] Your UID is: 30031417
[10:44:14] 
[10:44:14] Logging into (Doobie, *****)
[10:44:14] Your UID is: 30031417
[10:50:51] 
[10:50:51] Logging into (Doobie, *****)
[10:50:51] Your UID is: 30031417
[10:51:03] 
[10:51:03] Logging into (Doobie, *****)
[10:51:03] Your UID is: 30031417
[10:51:12] 
[10:51:12] Logging into (Doobie, *****)
[10:51:12] Your UID is: 30031417
[10:52:31] 
[10:52:31] Logging into (Doobie, *****)
[10:52:31] Your UID is: 30031417
[10:54:40] 
[10:54:40] Logging into (Doobie, *****)
[10:54:40] Your UID is: 30031417
[10:58:50] 
[10:58:50] Logging into (Doobie, *****)
[10:58:50] Your UID is: 30031417
[11:05:05] 
[11:05:05] Logging into (Doobie, *****)
[11:05:05] Your UID is: 30031417
[11:11:54] 
[11:11:54] Logging into (Doobie, *****)
[11:11:54] Your UID is: 30031417
[11:13:44] 
[11:13:44] Logging into (Doobie, *****)
[11:13:44] Your UID is: 30031417
[11:23:34] 
[11:23:34] Logging into (Doobie, *****)
[11:23:34] Your UID is: 30031417
[11:25:13] 
[11:25:13] Logging into (Doobie, *****)
[11:25:13] Your UID is: 30031417
[11:49:22] 
[11:49:22] Logging into (Doobie, *****)
[11:49:22] Your UID is: 30031417
[11:49:37] 
[11:49:37] Logging into (Doobie, *****)
[11:49:37] Your UID is: 30031417
[11:50:00] 
[11:50:00] Logging into (Doobie, *****)
[11:50:00] Your UID is: 30031417
[11:50:01] 
[11:50:01] Logging into (Doobie, *****)
[11:50:01] Your UID is: 30031417
[11:50:07] Sorry, have to have some input
[11:50:08] 
[11:50:08] Logging into (Doobie, *****)
[11:50:08] Your UID is: 30031417
[11:50:23] 
[11:50:23] Logging into (Doobie, *****)
[11:50:23] Your UID is: 30031417
[12:23:36] 
[12:23:36] Logging into (Doobie, *****)
[12:23:36] Your UID is: 30031417
[12:29:46] 
[12:29:46] Logging into (Doobie, *****)
[12:29:46] Your UID is: 30031417
[12:30:11] 
[12:30:11] Logging into (Doobie, *****)
[12:30:11] Your UID is: 30031417
[12:30:13] 
[12:30:13] Logging into (Doobie, *****)
[12:30:13] Your UID is: 30031417
[12:30:22] 
[12:30:22] Logging into (Doobie, *****)
[12:30:22] Your UID is: 30031417
[12:35:15] 
[12:35:15] Logging into (Doobie, *****)
[12:35:15] Your UID is: 30031417
[12:46:26] 
[12:46:26] Logging into (Doobie, *****)
[12:46:26] Your UID is: 30031417
[01:03:49] 
[01:03:49] Logging into (Doobie, *****)
[01:03:49] Your UID is: 30031417
[01:03:51] 
[01:03:51] Logging into (Doobie, *****)
[01:03:51] Your UID is: 30031417
[01:04:21] 
[01:04:21] Logging into (Doobie, *****)
[01:04:21] Your UID is: 30031417
[01:04:22] 
[01:04:22] Logging into (Doobie, *****)
[01:04:22] Your UID is: 30031417
[01:04:30] 
[01:04:30] Logging into (Doobie, *****)
[01:04:30] Your UID is: 30031417
[01:07:18] 
[01:07:18] Logging into (Doobie, *****)
[01:07:18] Your UID is: 30031417
[01:07:39] 
[01:07:39] Logging into (Doobie, *****)
[01:07:39] Your UID is: 30031417
[01:07:41] 
[01:07:41] Logging into (Doobie, *****)
[01:07:41] Your UID is: 30031417
[01:07:48] 
[01:07:48] Logging into (Doobie, *****)
[01:07:48] Your UID is: 30031417
[01:19:33] 
[01:19:33] Logging into (Doobie, *****)
[01:19:33] Your UID is: 30031417
[01:19:35] 
[01:19:35] Logging into (Doobie, *****)
[01:19:35] Your UID is: 30031417
[01:19:36] 
[01:19:36] Logging into (Doobie, *****)
[01:19:36] Your UID is: 30031417
[01:19:36] 
[01:19:36] Logging into (Doobie, *****)
[01:19:36] Your UID is: 30031417
[01:19:36] 
[01:19:36] Logging into (Doobie, *****)
[01:19:36] Your UID is: 30031417
[01:19:36] 
[01:19:36] Logging into (Doobie, *****)
[01:19:36] Your UID is: 30031417
[01:19:37] 
[01:19:37] Logging into (Doobie, *****)
[01:19:37] Your UID is: 30031417
[01:19:37] 
[01:19:37] Logging into (Doobie, *****)
[01:19:37] Your UID is: 30031417
[01:19:37] 
[01:19:37] Logging into (Doobie, *****)
[01:19:37] Your UID is: 30031417
[01:19:38] 
[01:19:38] Logging into (Doobie, *****)
[01:19:38] Your UID is: 30031417
[01:19:38] 
[01:19:38] Logging into (Doobie, *****)
[01:19:38] Your UID is: 30031417
[01:19:38] 
[01:19:38] Logging into (Doobie, *****)
[01:19:38] Your UID is: 30031417
[01:19:38] 
[01:19:38] Logging into (Doobie, *****)
[01:19:38] Your UID is: 30031417
[01:19:38] 
[01:19:38] Logging into (Doobie, *****)
[01:19:38] Your UID is: 30031417
[01:19:40] 
[01:19:40] Logging into (Doobie, *****)
[01:19:40] Your UID is: 30031417
[01:20:59] 
[01:20:59] Logging into (Doobie, *****)
[01:20:59] Your UID is: 30031417
[01:22:59] 
[01:22:59] Logging into (Doobie, *****)
[01:22:59] Your UID is: 30031417
[01:23:10] 
[01:23:10] Logging into (Doobie, *****)
[01:23:10] Your UID is: 30031417
[01:28:04] 
[01:28:04] Logging into (Doobie, *****)
[01:28:06] Your UID is: 30031417
[01:29:28] 
[01:29:28] Logging into (Doobie, *****)
[01:29:28] Your UID is: 30031417
[01:32:05] 
[01:32:05] Logging into (Doobie, *****)
[01:32:05] Your UID is: 30031417
[01:32:14] 
[01:32:15] Logging into (Doobie, *****)
[01:32:15] Your UID is: 30031417
[01:32:16] 
[01:32:16] Logging into (Doobie, *****)
[01:32:16] Your UID is: 30031417
[01:32:24] 
[01:32:24] Logging into (Doobie, *****)
[01:32:24] Your UID is: 30031417
[01:32:31] 
[01:32:31] Logging into (Doobie, *****)
[01:32:31] Your UID is: 30031417
[01:33:34] 
[01:33:34] Logging into (Doobie, *****)
[01:33:34] Your UID is: 30031417
[01:33:45] 
[01:33:45] Logging into (Doobie, *****)
[01:33:45] Your UID is: 30031417
[01:33:53] 
[01:33:53] Logging into (Doobie, *****)
[01:33:53] Your UID is: 30031417
[01:37:58] 
[01:37:58] Logging into (Doobie, *****)
[01:37:58] Your UID is: 30031417
[11:20:49] 
[11:20:49] Logging into (Doobie, *****)
[11:20:49] Your UID is: 30031417
[11:23:35] 
[11:23:35] Logging into (Doobie, *****)
[11:23:35] Your UID is: 30031417
[11:24:09] 
[11:24:09] Logging into (Doobie, *****)
[11:24:09] Your UID is: 30031417
[11:28:45] 
[11:28:45] Logging into (Doobie, *****)
[11:28:45] Your UID is: 30031417
[11:30:08] Set world to: 5.76.72.78
[11:30:09] 
[11:30:09] Logging into (Doobie, *****)
[11:30:09] Your UID is: 30031417
[11:34:12] 
[11:34:12] Logging into (Doobie, *****)
[11:34:12] Your UID is: 30031417
[11:35:20] 
[11:35:20] Logging into (Shibby, *****)
[11:35:20] Your UID is: 31418153
[11:35:20] 
[11:35:20] Logging into (Shibby, *****)
[11:35:20] Your UID is: 31418153
[11:35:21] 
[11:35:21] Logging into (Shibby, *****)
[11:35:21] Your UID is: 31418153
[11:35:21] 
[11:35:21] Logging into (Shibby, *****)
[11:35:21] Your UID is: 31418153
[11:35:21] 
[11:35:21] Logging into (Shibby, *****)
[11:35:21] Your UID is: 31418153
[11:35:22] 
[11:35:22] Logging into (Shibby, *****)
[11:35:22] Your UID is: 31418153
[11:35:22] 
[11:35:22] Logging into (Shibby, *****)
[11:35:22] Your UID is: 31418153
[11:35:22] 
[11:35:22] Logging into (Shibby, *****)
[11:35:22] Your UID is: 31418153
[11:35:22] 
[11:35:22] Logging into (Shibby, *****)
[11:35:22] Your UID is: 31418153
[11:35:23] 
[11:35:23] Logging into (Shibby, *****)
[11:35:23] Your UID is: 31418153
[11:35:23] 
[11:35:23] Logging into (Shibby, *****)
[11:35:23] Your UID is: 31418153
[11:35:23] 
[11:35:23] Logging into (Shibby, *****)
[11:35:23] Your UID is: 31418153
[11:35:23] 
[11:35:23] Logging into (Shibby, *****)
[11:35:23] Your UID is: 31418153
[11:35:59] The console is already Visible
[11:36:50] 
[11:36:50] Logging into (Shibby, *****)
[11:36:50] Your UID is: 31418153
[11:36:50] 
[11:36:50] Logging into (Shibby, *****)
[11:36:50] Your UID is: 31418153
[11:36:50] 
[11:36:50] Logging into (Shibby, *****)
[11:36:50] Your UID is: 31418153
[11:36:50] 
[11:36:50] Logging into (Shibby, *****)
[11:36:50] Your UID is: 31418153
[11:36:51] 
[11:36:51] Logging into (Shibby, *****)
[11:36:51] Your UID is: 31418153
[11:36:51] 
[11:36:51] Logging into (Shibby, *****)
[11:36:51] Your UID is: 31418153
[11:37:15] 
[11:37:15] Logging into (Shibby, *****)
[11:37:15] Your UID is: 31418153
[11:38:04] 
[11:38:04] Logging into (Doobie, *****)
[11:38:04] Your UID is: 30031417
[11:46:56] 
[11:46:56] Logging into (Doobie, *****)
[11:46:56] Your UID is: 30031417
[11:48:13] 
[11:48:13] Logging into (Doobie, *****)
[11:48:13] Your UID is: 30031417
[11:57:03] 
[11:57:03] Logging into (Doobie, *****)
[11:57:03] Your UID is: 30031417
[12:03:38] 
[12:03:38] Logging into (Doobie, *****)
[12:03:38] Your UID is: 30031417
[12:04:31] 
[12:04:31] Logging into (Doobie, *****)
[12:04:31] Your UID is: 30031417
[12:04:47] 
[12:04:47] Logging into (Doobie, *****)
[12:04:47] Your UID is: 30031417
[12:04:57] 
[12:04:57] Logging into (Doobie, *****)
[12:04:57] Your UID is: 30031417
[12:07:18] 
[12:07:18] Logging into (Doobie, *****)
[12:07:18] Your UID is: 30031417
[12:07:40] 
[12:07:40] Logging into (Doobie, *****)
[12:07:40] Your UID is: 30031417
[12:09:37] 
[12:09:37] Logging into (Doobie, *****)
[12:09:37] Your UID is: 30031417
[12:10:00] 
[12:10:00] Logging into (Doobie, *****)
[12:10:00] Your UID is: 30031417
[12:16:04] 
[12:16:04] Logging into (Doobie, *****)
[12:16:04] Your UID is: 30031417
[12:33:42] 
[12:33:42] Logging into (Doobie, *****)
[12:33:42] Your UID is: 30031417
[12:34:01] 
[12:34:01] Logging into (Doobie, *****)
[12:34:01] Your UID is: 30031417
[12:36:11] 
[12:36:11] Logging into (Doobie, *****)
[12:36:11] Your UID is: 30031417
[12:40:26] 
[12:40:26] Logging into (Doobie, *****)
[12:40:26] Your UID is: 30031417
[01:20:45] 
[01:20:45] Logging into (Doobie, *****)
[01:20:45] Your UID is: 30031417
[01:20:53] 
[01:20:53] Logging into (Doobie, *****)
[01:20:53] Your UID is: 30031417
[01:21:07] 
[01:21:07] Logging into (Doobie, *****)
[01:21:07] Your UID is: 30031417
[01:21:17] 
[01:21:17] Logging into (Doobie, *****)
[01:21:17] Your UID is: 30031417
[01:35:47] 
[01:35:47] Logging into (Doobie, *****)
[01:35:47] Your UID is: 30031417
[01:49:20] 
[01:49:20] Logging into (Doobie, *****)
[01:49:20] Your UID is: 30031417
[01:49:46] 
[01:49:46] Logging into (Doobie, *****)
[01:49:46] Your UID is: 30031417
[01:49:54] 
[01:49:54] Logging into (Doobie, *****)
[01:49:54] Your UID is: 30031417
[01:50:02] 
[01:50:02] Logging into (Doobie, *****)
[01:50:02] Your UID is: 30031417
[01:55:37] 
[01:55:37] Logging into (Doobie, *****)
[01:55:37] Your UID is: 30031417
[02:04:38] Playing Trance - Dj Aligator Project - Welcome To Future.mp3
[02:13:25] 
[02:13:25] Logging into (Doobie, *****)
[02:13:25] Your UID is: 30031417
[02:13:58] 
[02:13:58] Logging into (Doobie, *****)
[02:13:58] Your UID is: 30031417
[02:14:07] 
[02:14:07] Logging into (Doobie, *****)
[02:14:07] Your UID is: 30031417
[02:17:21] 
[02:17:21] Logging into (Doobie, *****)
[02:17:21] Your UID is: 30031417
[02:17:24] 
[02:17:24] Logging into (Doobie, *****)
[02:17:24] Your UID is: 30031417
[02:17:32] 
[02:17:32] Logging into (Doobie, *****)
[02:17:32] Your UID is: 30031417
[02:26:51] 
[02:26:51] Logging into (Doobie, *****)
[02:26:51] Your UID is: 30031417
[02:26:59] 
[02:26:59] Logging into (Doobie, *****)
[02:26:59] Your UID is: 30031417
[02:49:27] 
[02:49:27] Logging into (Doobie, *****)
[02:49:27] Your UID is: 30031417
[02:51:30] 
[02:51:30] Logging into (Doobie, *****)
[02:51:30] Your UID is: 30031417
[02:54:39] 
[02:54:39] Logging into (Doobie, *****)
[02:54:39] Your UID is: 30031417
[03:07:32] 
[03:07:32] Logging into (Doobie, *****)
[03:07:32] Your UID is: 30031417
[03:08:03] 
[03:08:03] Logging into (Doobie, *****)
[03:08:03] Your UID is: 30031417
[03:22:46] 
[03:22:46] Logging into (Doobie, *****)
[03:22:46] Your UID is: 30031417
[03:33:25] 
[03:33:25] Logging into (Doobie, *****)
[03:33:25] Your UID is: 30031417
[03:34:11] 
[03:34:11] Logging into (Doobie, *****)
[03:34:11] Your UID is: 30031417
[03:34:48] 
[03:34:48] Logging into (Doobie, *****)
[03:34:48] Your UID is: 30031417
[03:38:41] 
[03:38:41] Logging into (Doobie, *****)
[03:38:41] Your UID is: 30031417
[03:38:48] 
[03:38:48] Logging into (Doobie, *****)
[03:38:48] Your UID is: 30031417
[03:38:56] 
[03:38:56] Logging into (Doobie, *****)
[03:38:56] Your UID is: 30031417
[03:57:09] Set world to:  agag
[03:57:12] Sorry, have to have some input
[03:57:17] 
[03:57:17] Logging into (Doobie, *****)
[03:57:17] Your UID is: 30031417
[03:57:19] 
[03:57:19] Logging into (Doobie, *****)
[03:57:19] Your UID is: 30031417
[03:57:21] 
[03:57:21] Logging into (Doobie, *****)
[03:57:21] Your UID is: 30031417
[03:57:22] 
[03:57:22] Logging into (Doobie, *****)
[03:57:22] Your UID is: 30031417
[03:57:50] 
[03:57:50] Logging into (Doobie, *****)
[03:57:50] Your UID is: 30031417
[03:57:58] 
[03:57:58] Logging into (Doobie, *****)
[03:57:58] Your UID is: 30031417
[03:58:06] 
[03:58:06] Logging into (Doobie, *****)
[03:58:06] Your UID is: 30031417
[03:58:08] 
[03:58:08] Logging into (Doobie, *****)
[03:58:08] Your UID is: 30031417
[03:58:16] 
[03:58:16] Logging into (Doobie, *****)
[03:58:16] Your UID is: 30031417
[03:58:19] 
[03:58:19] Logging into (Doobies, *****)
[03:58:19] Your UID is: 31200260
[03:59:01] 
[03:59:01] Logging into (Doobie, *****)
[03:59:01] Your UID is: 30031417
[03:59:38] 
[03:59:38] Logging into (Doobie, *****)
[03:59:38] Your UID is: 30031417
