[12:29:29] 
[12:29:29] Logging into (Doobie, *****)
[12:29:29] Your UID is: 30031417
[12:37:43] 
[12:37:43] Logging into (Doobie, *****)
[12:37:43] Your UID is: 30031417
[12:37:58] 
[12:37:58] Logging into (Doobie, *****)
[12:37:58] Your UID is: 30031417
[12:38:57] 
[12:38:57] Logging into (Doobie, *****)
[12:38:57] Your UID is: 30031417
[12:39:07] 
[12:39:07] Logging into (Doobie, *****)
[12:39:07] Your UID is: 30031417
[12:51:01] 
[12:51:01] Logging into (Doobie, *****)
[12:51:01] Your UID is: 30031417
[12:52:03] 
[12:52:03] Logging into (Doobie, *****)
[12:52:03] Your UID is: 30031417
[12:52:06] 
[12:52:06] Logging into (Doobie, *****)
[12:52:06] Your UID is: 30031417
[12:52:09] 
[12:52:09] Logging into (Doobie, *****)
[12:52:09] Your UID is: 30031417
[12:53:00] 
[12:53:00] Logging into (Doobie, *****)
[12:53:00] Your UID is: 30031417
[12:53:01] 
[12:53:01] Logging into (Doobie, *****)
[12:53:01] Your UID is: 30031417
[12:53:09] 
[12:53:09] Logging into (Doobie, *****)
[12:53:09] Your UID is: 30031417
[12:53:41] 
[12:53:41] Logging into (Doobie, *****)
[12:53:41] Your UID is: 30031417
[12:57:01] Zoom/Camera Movement On...
[12:58:59] 
[12:58:59] Logging into (Doobie, *****)
[12:59:00] Your UID is: 30031417
[01:02:53] Adding transform 358-> 2213 to objectTable
[01:02:58] 
[01:02:58] Logging into (Doobie, *****)
[01:02:58] Your UID is: 30031417
[01:05:49] 
[01:05:49] Logging into (Doobie, *****)
[01:05:49] Your UID is: 30031417
[01:06:49] 
[01:06:49] Logging into (Doobie, *****)
[01:06:49] Your UID is: 30031417
[01:19:02] 
[01:19:02] Logging into (Doobie, *****)
[01:19:02] Your UID is: 30031417
[12:15:27] 
[12:15:27] Logging into (Doobie, *****)
[12:15:27] Your UID is: 30031417
[12:15:32] 
[12:15:32] Logging into (Doobie, *****)
[12:15:32] Your UID is: 30031417
[12:27:36] 
[12:27:36] Logging into (Doobie, *****)
[12:27:36] Your UID is: 30031417
[12:40:24] 
[12:40:24] Logging into (Doobie, *****)
[12:40:24] Your UID is: 30031417
[12:46:23] 
[12:46:23] Logging into (Doobie, *****)
[12:46:23] Your UID is: 30031417
[02:10:55] 
[02:10:55] Logging into (Doobie, *****)
[02:10:55] Your UID is: 30031417
[02:13:11] 
[02:13:11] Logging into (Doobie, *****)
[02:13:11] Your UID is: 30031417
[02:18:26] 
[02:18:26] Logging into (Doobie, *****)
[02:18:26] Your UID is: 30031417
[02:20:26] 
[02:20:26] Logging into (Doobie, *****)
[02:20:26] Your UID is: 30031417
[02:32:27] 
[02:32:27] Logging into (Doobie, *****)
[02:32:27] Your UID is: 30031417
[02:40:26] Set world to: 5.79.134.253
[02:40:26] 
[02:40:26] Logging into (Doobie, *****)
[02:40:26] Your UID is: 30031417
[02:41:49] 
[02:41:49] Logging into (Doobie, *****)
[02:41:49] Your UID is: 30031417
[02:44:08] 
[02:44:08] Logging into (Doobie, *****)
[02:44:08] Your UID is: 30031417
[02:46:20] 
[02:46:20] Logging into (Doobie, *****)
[02:46:20] Your UID is: 30031417
[02:47:01] 
[02:47:01] Logging into (Doobie, *****)
[02:47:01] Your UID is: 30031417
[02:48:08] 
[02:48:08] Logging into (Doobie, *****)
[02:48:08] Your UID is: 30031417
[02:48:15] 
[02:48:15] Logging into (Doobie, *****)
[02:48:15] Your UID is: 30031417
[02:48:20] 
[02:48:20] Logging into (Doobie, *****)
[02:48:20] Your UID is: 30031417
[02:55:18] 
[02:55:18] Logging into (Doobie, *****)
[02:55:18] Your UID is: 30031417
[02:57:48] 
[02:57:48] Logging into (Doobie, *****)
[02:57:48] Your UID is: 30031417
[02:59:42] 
[02:59:42] Logging into (Doobie, *****)
[02:59:42] Your UID is: 30031417
[02:59:57] 
[02:59:57] Logging into (Doobie, *****)
[02:59:57] Your UID is: 30031417
[03:02:43] 
[03:02:43] Logging into (Doobie, *****)
[03:02:43] Your UID is: 30031417
[03:02:59] 
[03:02:59] Logging into (Doobie, *****)
[03:02:59] Your UID is: 30031417
[03:03:14] 
[03:03:14] Logging into (Doobie, *****)
[03:03:14] Your UID is: 30031417
[03:03:31] 
[03:03:31] Logging into (Doobie, *****)
[03:03:31] Your UID is: 30031417
[03:03:47] 
[03:03:47] Logging into (Doobie, *****)
[03:03:48] Your UID is: 30031417
[03:04:06] 
[03:04:06] Logging into (Doobie, *****)
[03:04:06] Your UID is: 30031417
[03:04:21] 
[03:04:21] Logging into (Doobie, *****)
[03:04:21] Your UID is: 30031417
[03:05:08] 
[03:05:08] Logging into (Doobie, *****)
[03:05:08] Your UID is: 30031417
[03:05:10] 
[03:05:10] Logging into (Doobie, *****)
[03:05:10] Your UID is: 30031417
[03:05:15] 
[03:05:15] Logging into (Doobie, *****)
[03:05:15] Your UID is: 30031417
[03:05:30] 
[03:05:30] Logging into (Doobie, *****)
[03:05:30] Your UID is: 30031417
[03:05:46] 
[03:05:46] Logging into (Doobie, *****)
[03:05:46] Your UID is: 30031417
[03:06:03] 
[03:06:03] Logging into (Doobie, *****)
[03:06:03] Your UID is: 30031417
[03:06:20] 
[03:06:20] Logging into (Doobie, *****)
[03:06:20] Your UID is: 30031417
[03:06:21] Set world to: hauntedscape.no-ip.org
[03:06:38] 
[03:06:38] Logging into (Doobie, *****)
[03:06:38] Your UID is: 30031417
[03:10:57] 
[03:10:57] Logging into (Doobie, *****)
[03:10:57] Your UID is: 30031417
[03:11:40] 
[03:11:40] Logging into (Doobie, *****)
[03:11:40] Your UID is: 30031417
[03:20:54] 
[03:20:54] Logging into (Doobie, *****)
[03:20:54] Your UID is: 30031417
[03:20:56] 
[03:20:56] Logging into (Doobie, *****)
[03:20:56] Your UID is: 30031417
[03:20:56] 
[03:20:56] Logging into (Doobie, *****)
[03:20:56] Your UID is: 30031417
[03:20:57] 
[03:20:57] Logging into (Doobie, *****)
[03:20:57] Your UID is: 30031417
[03:20:57] 
[03:20:57] Logging into (Doobie, *****)
[03:20:57] Your UID is: 30031417
[03:21:02] 
[03:21:02] Logging into (Doobie, *****)
[03:21:02] Your UID is: 30031417
[03:36:37] 
[03:36:37] Logging into (Doobie, *****)
[03:36:37] Your UID is: 30031417
[03:36:48] 
[03:36:48] Logging into (Doobie, *****)
[03:36:48] Your UID is: 30031417
[04:30:18] 
[04:30:18] Logging into (Doobie, *****)
[04:30:18] Your UID is: 30031417
[04:31:02] 
[04:31:02] Logging into (Doobie, *****)
[04:31:02] Your UID is: 30031417
[04:31:19] 
[04:31:19] Logging into (Doobie, *****)
[04:31:19] Your UID is: 30031417
[04:32:20] 
[04:32:20] Logging into (Doobie, *****)
[04:32:20] Your UID is: 30031417
[04:37:03] 
[04:37:03] Logging into (Doobie, *****)
[04:37:03] Your UID is: 30031417
[04:37:27] 
[04:37:27] Logging into (Doobie, *****)
[04:37:27] Your UID is: 30031417
[04:38:14] 
[04:38:14] Logging into (Doobie, *****)
[04:38:14] Your UID is: 30031417
[04:40:34] 
[04:40:34] Logging into (Doobie, *****)
[04:40:34] Your UID is: 30031417
[04:41:02] 
[04:41:02] Logging into (admin, *****)
[04:41:02] Your UID is: 45785948
[04:45:44] 
[04:45:44] Logging into (admin, *****)
[04:45:44] Your UID is: 45785948
[04:46:23] 
[04:46:23] Logging into (Doobie, *****)
[04:46:23] Your UID is: 30031417
[04:46:40] 
[04:46:43] Logging into (Doobie, *****)
[04:46:43] Your UID is: 30031417
[04:46:49] 
[04:46:49] Logging into (Doobie, *****)
[04:46:49] Your UID is: 30031417
[04:52:29] 
[04:52:29] Logging into (Doobie, *****)
[04:52:30] Your UID is: 30031417
[04:53:25] 
[04:53:25] Logging into (Doobie, *****)
[04:53:25] Your UID is: 30031417
[05:08:24] 
[05:08:24] Logging into (Doobie, *****)
[05:08:24] Your UID is: 30031417
[05:10:39] 
[05:10:39] Logging into (Doobie, *****)
[05:10:39] Your UID is: 30031417
[05:14:51] 
[05:14:51] Logging into (Doobie, *****)
[05:14:51] Your UID is: 30031417
[05:15:51] 
[05:15:51] Logging into (Doobie, *****)
[05:15:51] Your UID is: 30031417
[05:15:54] 
[05:15:54] Logging into (Doobiessssss, *****)
[05:15:54] Your UID is: 37432282
[05:15:59] Server: Starting HybridScape Server on 0.0.0.0:43594
[05:16:02] 
[05:16:02] Logging into (Doobie, *****)
[05:16:02] Your UID is: 30031417
[05:16:02] Server: ClientHandler: Accepted from localhost:2221
[05:16:02] Registering user doobie with pass ebejer
[05:16:02] Registration succesful!!
[05:21:11] 
[05:21:11] Logging into (Doobie, *****)
[05:21:11] Your UID is: 30031417
[05:21:43] 
[05:21:43] Logging into (Doobie, *****)
[05:21:43] Your UID is: 30031417
[05:21:44] 
[05:21:44] Logging into (Doobie, *****)
[05:21:44] Your UID is: 30031417
[05:21:45] 
[05:21:45] Logging into (Doobie, *****)
[05:21:45] Your UID is: 30031417
[05:21:45] 
[05:21:45] Logging into (Doobie, *****)
[05:21:45] Your UID is: 30031417
[05:21:45] 
[05:21:45] Logging into (Doobie, *****)
[05:21:45] Your UID is: 30031417
[05:21:45] 
[05:21:45] Logging into (Doobie, *****)
[05:21:45] Your UID is: 30031417
[05:21:46] 
[05:21:46] Logging into (Doobie, *****)
[05:21:46] Your UID is: 30031417
[05:21:46] 
[05:21:46] Logging into (Doobie, *****)
[05:21:46] Your UID is: 30031417
[05:21:46] 
[05:21:46] Logging into (Doobie, *****)
[05:21:46] Your UID is: 30031417
[05:21:46] 
[05:21:46] Logging into (Doobie, *****)
[05:21:46] Your UID is: 30031417
[05:21:54] 
[05:21:54] Logging into (Doobie, *****)
[05:21:54] Your UID is: 30031417
[05:21:55] 
[05:21:55] Logging into (Doobie, *****)
[05:21:55] Your UID is: 30031417
[05:21:55] 
[05:21:55] Logging into (Doobie, *****)
[05:21:55] Your UID is: 30031417
[05:21:55] 
[05:21:55] Logging into (Doobie, *****)
[05:21:55] Your UID is: 30031417
[05:21:55] 
[05:21:55] Logging into (Doobie, *****)
[05:21:55] Your UID is: 30031417
[05:21:55] 
[05:21:55] Logging into (Doobie, *****)
[05:21:55] Your UID is: 30031417
[05:21:56] 
[05:21:56] Logging into (Doobie, *****)
[05:21:56] Your UID is: 30031417
[05:21:56] 
[05:21:56] Logging into (Doobie, *****)
[05:21:56] Your UID is: 30031417
[05:21:56] 
[05:21:56] Logging into (Doobie, *****)
[05:21:56] Your UID is: 30031417
[05:21:56] 
[05:21:56] Logging into (Doobie, *****)
[05:21:57] Your UID is: 30031417
[05:21:57] 
[05:21:57] Logging into (Doobie, *****)
[05:21:57] Your UID is: 30031417
[05:21:57] 
[05:21:57] Logging into (Doobie, *****)
[05:21:57] Your UID is: 30031417
[05:21:57] 
[05:21:57] Logging into (Doobie, *****)
[05:21:57] Your UID is: 30031417
[05:21:57] 
[05:21:57] Logging into (Doobie, *****)
[05:21:57] Your UID is: 30031417
[05:21:57] 
[05:21:57] Logging into (Doobie, *****)
[05:21:57] Your UID is: 30031417
[05:21:58] 
[05:21:58] Logging into (Doobie, *****)
[05:21:58] Your UID is: 30031417
[05:22:00] 
[05:22:00] Logging into (Doobie, *****)
[05:22:00] Your UID is: 30031417
[05:22:00] 
[05:22:00] Logging into (Doobie, *****)
[05:22:00] Your UID is: 30031417
[05:22:00] 
[05:22:00] Logging into (Doobie, *****)
[05:22:00] Your UID is: 30031417
[05:22:02] 
[05:22:02] Logging into (Doobies, *****)
[05:22:03] Your UID is: 31200260
[05:22:41] 
[05:22:41] Logging into (Doobie, *****)
[05:22:41] Your UID is: 30031417
[05:22:42] 
[05:22:42] Logging into (Doobie, *****)
[05:22:42] Your UID is: 30031417
[05:22:42] 
[05:22:42] Logging into (Doobie, *****)
[05:22:42] Your UID is: 30031417
[05:22:42] 
[05:22:42] Logging into (Doobie, *****)
[05:22:42] Your UID is: 30031417
[05:22:42] 
[05:22:42] Logging into (Doobie, *****)
[05:22:42] Your UID is: 30031417
[05:22:42] 
[05:22:42] Logging into (Doobie, *****)
[05:22:42] Your UID is: 30031417
[05:22:43] 
[05:22:43] Logging into (Doobie, *****)
[05:22:43] Your UID is: 30031417
[05:22:43] 
[05:22:43] Logging into (Doobie, *****)
[05:22:43] Your UID is: 30031417
[05:22:43] 
[05:22:43] Logging into (Doobie, *****)
[05:22:43] Your UID is: 30031417
[05:24:17] 
[05:24:17] Logging into (Doobie, *****)
[05:24:17] Your UID is: 30031417
[05:24:18] 
[05:24:18] Logging into (Doobies, *****)
[05:24:18] Your UID is: 31200260
[05:38:10] 
[05:38:10] Logging into (Doobies, *****)
[05:38:11] Your UID is: 31200260
[05:38:37] 
[05:38:37] Logging into (Doobie, *****)
[05:38:37] Your UID is: 30031417
[05:40:25] 
[05:40:25] Logging into (Doobie, *****)
[05:40:25] Your UID is: 30031417
[06:01:03] 
[06:01:03] Logging into (Doobie, *****)
[06:01:03] Your UID is: 30031417
[06:01:19] 
[06:01:19] Logging into (Doobie, *****)
[06:01:19] Your UID is: 30031417
[06:11:33] 
[06:11:33] Logging into (Doobie, *****)
[06:11:33] Your UID is: 30031417
[06:11:34] 
[06:11:34] Logging into (Doobie, *****)
[06:11:34] Your UID is: 30031417
[06:11:49] 
[06:11:49] Logging into (Doobie, *****)
[06:11:49] Your UID is: 30031417
[06:12:33] 
[06:12:33] Logging into (Doobie, *****)
[06:12:33] Your UID is: 30031417
[06:12:57] 
[06:12:57] Logging into (Doobie, *****)
[06:12:57] Your UID is: 30031417
[06:13:45] 
[06:13:45] Logging into (Doobie, *****)
[06:13:45] Your UID is: 30031417
[06:13:47] 
[06:13:47] Logging into (Doobie, *****)
[06:13:47] Your UID is: 30031417
[06:20:33] 
[06:20:33] Logging into (Doobie, *****)
[06:20:33] Your UID is: 30031417
[06:20:33] 
[06:20:33] Logging into (Doobie, *****)
[06:20:33] Your UID is: 30031417
[06:20:34] 
[06:20:34] Logging into (Doobie, *****)
[06:20:34] Your UID is: 30031417
[06:20:34] 
[06:20:34] Logging into (Doobie, *****)
[06:20:34] Your UID is: 30031417
[06:20:34] 
[06:20:34] Logging into (Doobie, *****)
[06:20:34] Your UID is: 30031417
[06:20:37] 
[06:20:37] Logging into (Doobie, *****)
[06:20:37] Your UID is: 30031417
[06:23:31] 
[06:23:31] Logging into (Doobie, *****)
[06:23:33] Your UID is: 30031417
[06:23:44] 
[06:23:44] Logging into (Doobie, *****)
[06:23:44] Your UID is: 30031417
[06:23:46] 
[06:23:46] Logging into (Doobie, *****)
[06:23:46] Your UID is: 30031417
[06:23:47] 
[06:23:47] Logging into (Doobie, *****)
[06:23:47] Your UID is: 30031417
[06:23:53] 
[06:23:53] Logging into (Doobie, *****)
[06:23:53] Your UID is: 30031417
[06:24:25] 
[06:24:25] Logging into ( Doobie, *****)
[06:24:25] Your UID is: 14782586
[06:24:42] 
[06:24:42] Logging into ( Doobie, *****)
[06:24:42] Your UID is: 14782586
[06:26:43] 
[06:26:43] Logging into ( Doobie, *****)
[06:26:43] Your UID is: 14782586
[06:27:25] 
[06:27:26] Logging into ( Doobie, *****)
[06:27:26] Your UID is: 14782586
[06:27:34] 
[06:27:34] Logging into ( Doobie, *****)
[06:27:34] Your UID is: 14782586
[06:27:54] 
[06:27:54] Logging into ( Doobie, *****)
[06:27:54] Your UID is: 14782586
[07:22:39] 
[07:22:39] Logging into (Doobie, *****)
[07:22:39] Your UID is: 30031417
[07:29:42] 
[07:29:42] Logging into (Doobie, *****)
[07:29:42] Your UID is: 30031417
[07:38:55] 
[07:38:55] Logging into (Doobie, *****)
[07:38:55] Your UID is: 30031417
[07:39:40] 
[07:39:40] Logging into (Doobie, *****)
[07:39:40] Your UID is: 30031417
[07:51:51] 
[07:51:51] Logging into (Doobie, *****)
[07:51:51] Your UID is: 30031417
[08:02:11] 
[08:02:11] Logging into (Doobie, *****)
[08:02:11] Your UID is: 30031417
[08:04:30] 
[08:04:30] Logging into (Doobie, *****)
[08:04:30] Your UID is: 30031417
[08:04:45] 
[08:04:45] Logging into (Doobie, *****)
[08:04:45] Your UID is: 30031417
[08:05:00] 
[08:05:00] Logging into (Doobie, *****)
[08:05:00] Your UID is: 30031417
[08:05:16] 
[08:05:16] Logging into (Doobie, *****)
[08:05:16] Your UID is: 30031417
[08:05:31] 
[08:05:31] Logging into (Doobie, *****)
[08:05:31] Your UID is: 30031417
[08:05:48] 
[08:05:48] Logging into (Doobie, *****)
[08:05:48] Your UID is: 30031417
[08:06:03] 
[08:06:03] Logging into (Doobie, *****)
[08:06:03] Your UID is: 30031417
[08:06:18] 
[08:06:18] Logging into (Doobie, *****)
[08:06:18] Your UID is: 30031417
[08:06:33] 
[08:06:33] Logging into (Doobie, *****)
[08:06:33] Your UID is: 30031417
[08:06:49] 
[08:06:49] Logging into (Doobie, *****)
[08:06:49] Your UID is: 30031417
[08:07:04] 
[08:07:04] Logging into (Doobie, *****)
[08:07:04] Your UID is: 30031417
[08:07:19] 
[08:07:19] Logging into (Doobie, *****)
[08:07:19] Your UID is: 30031417
[08:07:35] 
[08:07:35] Logging into (Doobie, *****)
[08:07:35] Your UID is: 30031417
[08:07:51] 
[08:07:51] Logging into (Doobie, *****)
[08:07:51] Your UID is: 30031417
[08:08:06] 
[08:08:06] Logging into (Doobie, *****)
[08:08:06] Your UID is: 30031417
[08:08:22] 
[08:08:22] Logging into (Doobie, *****)
[08:08:22] Your UID is: 30031417
[08:08:37] 
[08:08:37] Logging into (Doobie, *****)
[08:08:37] Your UID is: 30031417
[08:08:52] 
[08:08:52] Logging into (Doobie, *****)
[08:08:52] Your UID is: 30031417
[08:09:08] 
[08:09:08] Logging into (Doobie, *****)
[08:09:08] Your UID is: 30031417
[08:09:23] 
[08:09:23] Logging into (Doobie, *****)
[08:09:23] Your UID is: 30031417
[08:09:38] 
[08:09:38] Logging into (Doobie, *****)
[08:09:38] Your UID is: 30031417
[08:09:53] 
[08:09:53] Logging into (Doobie, *****)
[08:09:53] Your UID is: 30031417
[08:10:09] 
[08:10:09] Logging into (Doobie, *****)
[08:10:09] Your UID is: 30031417
[08:10:24] 
[08:10:24] Logging into (Doobie, *****)
[08:10:24] Your UID is: 30031417
[08:10:39] 
[08:10:39] Logging into (Doobie, *****)
[08:10:39] Your UID is: 30031417
[08:10:55] 
[08:10:55] Logging into (Doobie, *****)
[08:10:55] Your UID is: 30031417
[08:11:10] 
[08:11:10] Logging into (Doobie, *****)
[08:11:10] Your UID is: 30031417
[08:11:25] 
[08:11:25] Logging into (Doobie, *****)
[08:11:25] Your UID is: 30031417
[08:11:41] 
[08:11:41] Logging into (Doobie, *****)
[08:11:41] Your UID is: 30031417
[08:11:56] 
[08:11:56] Logging into (Doobie, *****)
[08:11:56] Your UID is: 30031417
[08:12:11] 
[08:12:11] Logging into (Doobie, *****)
[08:12:11] Your UID is: 30031417
[08:12:27] 
[08:12:27] Logging into (Doobie, *****)
[08:12:27] Your UID is: 30031417
[08:12:42] 
[08:12:42] Logging into (Doobie, *****)
[08:12:42] Your UID is: 30031417
[08:12:57] 
[08:12:57] Logging into (Doobie, *****)
[08:12:57] Your UID is: 30031417
[08:13:12] 
[08:13:12] Logging into (Doobie, *****)
[08:13:12] Your UID is: 30031417
[08:13:28] 
[08:13:28] Logging into (Doobie, *****)
[08:13:28] Your UID is: 30031417
[08:13:43] 
[08:13:43] Logging into (Doobie, *****)
[08:13:43] Your UID is: 30031417
[08:13:59] 
[08:13:59] Logging into (Doobie, *****)
[08:14:00] Your UID is: 30031417
[08:14:14] 
[08:14:14] Logging into (Doobie, *****)
[08:14:14] Your UID is: 30031417
[08:14:29] 
[08:14:29] Logging into (Doobie, *****)
[08:14:29] Your UID is: 30031417
[08:14:44] 
[08:14:44] Logging into (Doobie, *****)
[08:14:44] Your UID is: 30031417
[08:15:00] 
[08:15:00] Logging into (Doobie, *****)
[08:15:00] Your UID is: 30031417
[08:15:15] 
[08:15:15] Logging into (Doobie, *****)
[08:15:15] Your UID is: 30031417
[08:15:30] 
[08:15:30] Logging into (Doobie, *****)
[08:15:30] Your UID is: 30031417
[08:15:46] 
[08:15:46] Logging into (Doobie, *****)
[08:15:46] Your UID is: 30031417
[08:16:01] 
[08:16:01] Logging into (Doobie, *****)
[08:16:01] Your UID is: 30031417
[08:16:16] 
[08:16:16] Logging into (Doobie, *****)
[08:16:16] Your UID is: 30031417
[08:16:32] 
[08:16:32] Logging into (Doobie, *****)
[08:16:32] Your UID is: 30031417
[08:16:47] 
[08:16:47] Logging into (Doobie, *****)
[08:16:47] Your UID is: 30031417
[08:17:02] 
[08:17:02] Logging into (Doobie, *****)
[08:17:02] Your UID is: 30031417
[08:17:17] 
[08:17:17] Logging into (Doobie, *****)
[08:17:17] Your UID is: 30031417
[08:17:33] 
[08:17:33] Logging into (Doobie, *****)
[08:17:33] Your UID is: 30031417
[08:17:48] 
[08:17:48] Logging into (Doobie, *****)
[08:17:48] Your UID is: 30031417
[08:18:03] 
[08:18:03] Logging into (Doobie, *****)
[08:18:03] Your UID is: 30031417
[08:18:19] 
[08:18:19] Logging into (Doobie, *****)
[08:18:19] Your UID is: 30031417
[08:18:34] 
[08:18:34] Logging into (Doobie, *****)
[08:18:34] Your UID is: 30031417
[08:18:49] 
[08:18:49] Logging into (Doobie, *****)
[08:18:49] Your UID is: 30031417
[08:19:05] 
[08:19:05] Logging into (Doobie, *****)
[08:19:05] Your UID is: 30031417
[08:19:20] 
[08:19:20] Logging into (Doobie, *****)
[08:19:20] Your UID is: 30031417
[08:19:35] 
[08:19:35] Logging into (Doobie, *****)
[08:19:35] Your UID is: 30031417
[08:19:50] 
[08:19:51] Logging into (Doobie, *****)
[08:19:51] Your UID is: 30031417
[08:20:06] 
[08:20:06] Logging into (Doobie, *****)
[08:20:06] Your UID is: 30031417
[08:20:21] 
[08:20:21] Logging into (Doobie, *****)
[08:20:21] Your UID is: 30031417
[08:20:36] 
[08:20:36] Logging into (Doobie, *****)
[08:20:36] Your UID is: 30031417
[08:20:52] 
[08:20:52] Logging into (Doobie, *****)
[08:20:52] Your UID is: 30031417
[08:21:07] 
[08:21:07] Logging into (Doobie, *****)
[08:21:07] Your UID is: 30031417
[08:21:22] 
[08:21:22] Logging into (Doobie, *****)
[08:21:22] Your UID is: 30031417
[08:21:38] 
[08:21:38] Logging into (Doobie, *****)
[08:21:38] Your UID is: 30031417
[08:21:53] 
[08:21:53] Logging into (Doobie, *****)
[08:21:53] Your UID is: 30031417
[08:22:08] 
[08:22:08] Logging into (Doobie, *****)
[08:22:08] Your UID is: 30031417
[08:22:23] 
[08:22:23] Logging into (Doobie, *****)
[08:22:23] Your UID is: 30031417
[08:28:14] 
[08:28:14] Logging into (Doobie, *****)
[08:28:14] Your UID is: 30031417
[08:28:17] 
[08:28:17] Logging into (Doobie, *****)
[08:28:17] Your UID is: 30031417
[08:37:23] 
[08:37:23] Logging into (Doobie, *****)
[08:37:23] Your UID is: 30031417
[08:37:38] 
[08:37:38] Logging into (Doobie, *****)
[08:37:38] Your UID is: 30031417
[08:37:53] 
[08:37:53] Logging into (Doobie, *****)
[08:37:53] Your UID is: 30031417
[08:38:09] 
[08:38:09] Logging into (Doobie, *****)
[08:38:09] Your UID is: 30031417
[08:38:24] 
[08:38:24] Logging into (Doobie, *****)
[08:38:24] Your UID is: 30031417
[08:38:39] 
[08:38:39] Logging into (Doobie, *****)
[08:38:39] Your UID is: 30031417
[08:38:55] 
[08:38:55] Logging into (Doobie, *****)
[08:38:55] Your UID is: 30031417
[08:39:10] 
[08:39:10] Logging into (Doobie, *****)
[08:39:10] Your UID is: 30031417
[08:39:25] 
[08:39:25] Logging into (Doobie, *****)
[08:39:25] Your UID is: 30031417
[08:39:41] 
[08:39:41] Logging into (Doobie, *****)
[08:39:41] Your UID is: 30031417
[08:39:56] 
[08:39:56] Logging into (Doobie, *****)
[08:39:56] Your UID is: 30031417
[08:40:11] 
[08:40:11] Logging into (Doobie, *****)
[08:40:11] Your UID is: 30031417
[08:40:26] 
[08:40:26] Logging into (Doobie, *****)
[08:40:26] Your UID is: 30031417
[08:40:42] 
[08:40:42] Logging into (Doobie, *****)
[08:40:42] Your UID is: 30031417
[08:40:57] 
[08:40:57] Logging into (Doobie, *****)
[08:40:57] Your UID is: 30031417
[08:41:12] 
[08:41:12] Logging into (Doobie, *****)
[08:41:12] Your UID is: 30031417
[08:41:28] 
[08:41:28] Logging into (Doobie, *****)
[08:41:28] Your UID is: 30031417
[08:41:43] 
[08:41:43] Logging into (Doobie, *****)
[08:41:43] Your UID is: 30031417
[08:41:58] 
[08:41:58] Logging into (Doobie, *****)
[08:41:58] Your UID is: 30031417
[08:42:14] 
[08:42:14] Logging into (Doobie, *****)
[08:42:14] Your UID is: 30031417
[08:42:29] 
[08:42:29] Logging into (Doobie, *****)
[08:42:29] Your UID is: 30031417
[08:42:44] 
[08:42:44] Logging into (Doobie, *****)
[08:42:44] Your UID is: 30031417
[08:42:59] 
[08:42:59] Logging into (Doobie, *****)
[08:42:59] Your UID is: 30031417
[08:43:15] 
[08:43:15] Logging into (Doobie, *****)
[08:43:15] Your UID is: 30031417
[08:43:30] 
[08:43:30] Logging into (Doobie, *****)
[08:43:30] Your UID is: 30031417
[08:43:45] 
[08:43:45] Logging into (Doobie, *****)
[08:43:45] Your UID is: 30031417
[08:44:01] 
[08:44:01] Logging into (Doobie, *****)
[08:44:01] Your UID is: 30031417
[08:44:16] 
[08:44:16] Logging into (Doobie, *****)
[08:44:16] Your UID is: 30031417
[08:44:31] 
[08:44:31] Logging into (Doobie, *****)
[08:44:31] Your UID is: 30031417
[08:44:47] 
[08:44:47] Logging into (Doobie, *****)
[08:44:47] Your UID is: 30031417
[08:45:02] 
[08:45:02] Logging into (Doobie, *****)
[08:45:02] Your UID is: 30031417
[08:45:17] 
[08:45:17] Logging into (Doobie, *****)
[08:45:17] Your UID is: 30031417
[08:45:32] 
[08:45:32] Logging into (Doobie, *****)
[08:45:32] Your UID is: 30031417
[08:45:48] 
[08:45:48] Logging into (Doobie, *****)
[08:45:48] Your UID is: 30031417
[08:46:03] 
[08:46:03] Logging into (Doobie, *****)
[08:46:03] Your UID is: 30031417
[08:46:18] 
[08:46:18] Logging into (Doobie, *****)
[08:46:18] Your UID is: 30031417
[08:46:34] 
[08:46:34] Logging into (Doobie, *****)
[08:46:34] Your UID is: 30031417
[08:46:49] 
[08:46:49] Logging into (Doobie, *****)
[08:46:49] Your UID is: 30031417
[08:47:04] 
[08:47:04] Logging into (Doobie, *****)
[08:47:04] Your UID is: 30031417
[08:47:20] 
[08:47:20] Logging into (Doobie, *****)
[08:47:20] Your UID is: 30031417
[08:47:35] 
[08:47:36] Logging into (Doobie, *****)
[08:47:36] Your UID is: 30031417
[08:47:50] 
[08:47:50] Logging into (Doobie, *****)
[08:47:50] Your UID is: 30031417
[08:48:05] 
[08:48:05] Logging into (Doobie, *****)
[08:48:05] Your UID is: 30031417
[08:48:21] 
[08:48:21] Logging into (Doobie, *****)
[08:48:21] Your UID is: 30031417
[08:48:36] 
[08:48:36] Logging into (Doobie, *****)
[08:48:36] Your UID is: 30031417
[08:48:51] 
[08:48:51] Logging into (Doobie, *****)
[08:48:51] Your UID is: 30031417
[08:49:07] 
[08:49:07] Logging into (Doobie, *****)
[08:49:07] Your UID is: 30031417
[08:49:22] 
[08:49:22] Logging into (Doobie, *****)
[08:49:22] Your UID is: 30031417
[08:49:37] 
[08:49:37] Logging into (Doobie, *****)
[08:49:37] Your UID is: 30031417
[08:49:53] 
[08:49:53] Logging into (Doobie, *****)
[08:49:53] Your UID is: 30031417
[08:50:08] 
[08:50:08] Logging into (Doobie, *****)
[08:50:08] Your UID is: 30031417
[08:50:23] 
[08:50:23] Logging into (Doobie, *****)
[08:50:23] Your UID is: 30031417
[08:50:38] 
[08:50:38] Logging into (Doobie, *****)
[08:50:38] Your UID is: 30031417
[08:50:54] 
[08:50:54] Logging into (Doobie, *****)
[08:50:54] Your UID is: 30031417
[08:51:09] 
[08:51:09] Logging into (Doobie, *****)
[08:51:09] Your UID is: 30031417
[08:51:24] 
[08:51:24] Logging into (Doobie, *****)
[08:51:24] Your UID is: 30031417
[08:51:40] 
[08:51:40] Logging into (Doobie, *****)
[08:51:40] Your UID is: 30031417
[08:51:55] 
[08:51:55] Logging into (Doobie, *****)
[08:51:55] Your UID is: 30031417
[08:52:10] 
[08:52:10] Logging into (Doobie, *****)
[08:52:10] Your UID is: 30031417
[08:52:26] 
[08:52:26] Logging into (Doobie, *****)
[08:52:26] Your UID is: 30031417
[08:52:41] 
[08:52:41] Logging into (Doobie, *****)
[08:52:41] Your UID is: 30031417
[08:52:56] 
[08:52:56] Logging into (Doobie, *****)
[08:52:56] Your UID is: 30031417
[08:53:11] 
[08:53:11] Logging into (Doobie, *****)
[08:53:11] Your UID is: 30031417
[08:53:27] 
[08:53:27] Logging into (Doobie, *****)
[08:53:27] Your UID is: 30031417
[08:53:42] 
[08:53:42] Logging into (Doobie, *****)
[08:53:42] Your UID is: 30031417
[08:53:57] 
[08:53:57] Logging into (Doobie, *****)
[08:53:57] Your UID is: 30031417
[08:54:13] 
[08:54:13] Logging into (Doobie, *****)
[08:54:13] Your UID is: 30031417
[08:54:28] 
[08:54:28] Logging into (Doobie, *****)
[08:54:28] Your UID is: 30031417
[08:54:43] 
[08:54:43] Logging into (Doobie, *****)
[08:54:43] Your UID is: 30031417
[08:54:58] 
[08:54:58] Logging into (Doobie, *****)
[08:54:58] Your UID is: 30031417
[08:55:14] 
[08:55:14] Logging into (Doobie, *****)
[08:55:14] Your UID is: 30031417
[08:55:29] 
[08:55:29] Logging into (Doobie, *****)
[08:55:29] Your UID is: 30031417
[08:55:44] 
[08:55:44] Logging into (Doobie, *****)
[08:55:44] Your UID is: 30031417
[08:56:00] 
[08:56:00] Logging into (Doobie, *****)
[08:56:00] Your UID is: 30031417
[08:56:15] 
[08:56:15] Logging into (Doobie, *****)
[08:56:15] Your UID is: 30031417
[08:56:30] 
[08:56:30] Logging into (Doobie, *****)
[08:56:30] Your UID is: 30031417
[08:56:46] 
[08:56:46] Logging into (Doobie, *****)
[08:56:46] Your UID is: 30031417
[08:57:01] 
[08:57:01] Logging into (Doobie, *****)
[08:57:01] Your UID is: 30031417
[08:57:16] 
[08:57:16] Logging into (Doobie, *****)
[08:57:16] Your UID is: 30031417
[08:57:31] 
[08:57:31] Logging into (Doobie, *****)
[08:57:32] Your UID is: 30031417
[08:57:47] 
[08:57:47] Logging into (Doobie, *****)
[08:57:47] Your UID is: 30031417
[08:58:02] 
[08:58:02] Logging into (Doobie, *****)
[08:58:02] Your UID is: 30031417
[08:58:17] 
[08:58:17] Logging into (Doobie, *****)
[08:58:17] Your UID is: 30031417
[08:58:33] 
[08:58:33] Logging into (Doobie, *****)
[08:58:33] Your UID is: 30031417
[08:58:48] 
[08:58:48] Logging into (Doobie, *****)
[08:58:48] Your UID is: 30031417
[08:59:03] 
[08:59:03] Logging into (Doobie, *****)
[08:59:03] Your UID is: 30031417
[08:59:19] 
[08:59:19] Logging into (Doobie, *****)
[08:59:19] Your UID is: 30031417
[08:59:34] 
[08:59:34] Logging into (Doobie, *****)
[08:59:34] Your UID is: 30031417
[08:59:49] 
[08:59:49] Logging into (Doobie, *****)
[08:59:49] Your UID is: 30031417
[09:00:04] 
[09:00:04] Logging into (Doobie, *****)
[09:00:04] Your UID is: 30031417
[09:00:20] 
[09:00:20] Logging into (Doobie, *****)
[09:00:20] Your UID is: 30031417
[09:00:35] 
[09:00:35] Logging into (Doobie, *****)
[09:00:35] Your UID is: 30031417
[09:00:50] 
[09:00:50] Logging into (Doobie, *****)
[09:00:50] Your UID is: 30031417
[09:01:06] 
[09:01:06] Logging into (Doobie, *****)
[09:01:06] Your UID is: 30031417
[09:01:21] 
[09:01:21] Logging into (Doobie, *****)
[09:01:21] Your UID is: 30031417
[09:01:36] 
[09:01:36] Logging into (Doobie, *****)
[09:01:36] Your UID is: 30031417
[09:01:52] 
[09:01:52] Logging into (Doobie, *****)
[09:01:52] Your UID is: 30031417
[09:02:07] 
[09:02:07] Logging into (Doobie, *****)
[09:02:07] Your UID is: 30031417
[09:02:22] 
[09:02:22] Logging into (Doobie, *****)
[09:02:22] Your UID is: 30031417
[09:02:37] 
[09:02:37] Logging into (Doobie, *****)
[09:02:37] Your UID is: 30031417
[09:02:53] 
[09:02:53] Logging into (Doobie, *****)
[09:02:53] Your UID is: 30031417
[09:03:08] 
[09:03:08] Logging into (Doobie, *****)
[09:03:08] Your UID is: 30031417
[09:03:23] 
[09:03:23] Logging into (Doobie, *****)
[09:03:23] Your UID is: 30031417
[09:03:39] 
[09:03:39] Logging into (Doobie, *****)
[09:03:39] Your UID is: 30031417
[09:03:54] 
[09:03:54] Logging into (Doobie, *****)
[09:03:54] Your UID is: 30031417
[09:04:09] 
[09:04:09] Logging into (Doobie, *****)
[09:04:09] Your UID is: 30031417
[09:04:24] 
[09:04:24] Logging into (Doobie, *****)
[09:04:25] Your UID is: 30031417
[09:04:40] 
[09:04:40] Logging into (Doobie, *****)
[09:04:40] Your UID is: 30031417
[09:04:55] 
[09:04:55] Logging into (Doobie, *****)
[09:04:55] Your UID is: 30031417
[09:05:10] 
[09:05:10] Logging into (Doobie, *****)
[09:05:10] Your UID is: 30031417
[09:05:26] 
[09:05:26] Logging into (Doobie, *****)
[09:05:26] Your UID is: 30031417
[09:05:41] 
[09:05:41] Logging into (Doobie, *****)
[09:05:41] Your UID is: 30031417
[09:05:56] 
[09:05:56] Logging into (Doobie, *****)
[09:05:56] Your UID is: 30031417
[09:06:12] 
[09:06:12] Logging into (Doobie, *****)
[09:06:12] Your UID is: 30031417
[09:06:28] 
[09:06:28] Logging into (Doobie, *****)
[09:06:28] Your UID is: 30031417
[09:06:43] 
[09:06:43] Logging into (Doobie, *****)
[09:06:43] Your UID is: 30031417
[09:06:58] 
[09:06:59] Logging into (Doobie, *****)
[09:06:59] Your UID is: 30031417
[09:07:14] 
[09:07:14] Logging into (Doobie, *****)
[09:07:14] Your UID is: 30031417
[09:07:29] 
[09:07:29] Logging into (Doobie, *****)
[09:07:29] Your UID is: 30031417
[09:07:44] 
[09:07:44] Logging into (Doobie, *****)
[09:07:44] Your UID is: 30031417
[09:08:00] 
[09:08:00] Logging into (Doobie, *****)
[09:08:00] Your UID is: 30031417
[09:08:15] 
[09:08:15] Logging into (Doobie, *****)
[09:08:15] Your UID is: 30031417
[09:08:30] 
[09:08:30] Logging into (Doobie, *****)
[09:08:30] Your UID is: 30031417
[09:08:46] 
[09:08:46] Logging into (Doobie, *****)
[09:08:46] Your UID is: 30031417
[09:09:01] 
[09:09:01] Logging into (Doobie, *****)
[09:09:01] Your UID is: 30031417
[09:09:16] 
[09:09:16] Logging into (Doobie, *****)
[09:09:16] Your UID is: 30031417
[09:09:31] 
[09:09:31] Logging into (Doobie, *****)
[09:09:31] Your UID is: 30031417
[09:09:47] 
[09:09:47] Logging into (Doobie, *****)
[09:09:47] Your UID is: 30031417
[09:10:02] 
[09:10:02] Logging into (Doobie, *****)
[09:10:02] Your UID is: 30031417
[09:10:17] 
[09:10:17] Logging into (Doobie, *****)
[09:10:17] Your UID is: 30031417
[09:10:33] 
[09:10:33] Logging into (Doobie, *****)
[09:10:33] Your UID is: 30031417
[09:10:48] 
[09:10:48] Logging into (Doobie, *****)
[09:10:48] Your UID is: 30031417
[09:11:04] 
[09:11:04] Logging into (Doobie, *****)
[09:11:04] Your UID is: 30031417
[09:11:19] 
[09:11:19] Logging into (Doobie, *****)
[09:11:19] Your UID is: 30031417
[09:11:34] 
[09:11:34] Logging into (Doobie, *****)
[09:11:34] Your UID is: 30031417
[09:11:49] 
[09:11:49] Logging into (Doobie, *****)
[09:11:49] Your UID is: 30031417
[09:12:05] 
[09:12:05] Logging into (Doobie, *****)
[09:12:05] Your UID is: 30031417
[09:12:20] 
[09:12:20] Logging into (Doobie, *****)
[09:12:20] Your UID is: 30031417
[09:12:35] 
[09:12:35] Logging into (Doobie, *****)
[09:12:35] Your UID is: 30031417
[09:12:51] 
[09:12:51] Logging into (Doobie, *****)
[09:12:51] Your UID is: 30031417
[09:13:06] 
[09:13:06] Logging into (Doobie, *****)
[09:13:06] Your UID is: 30031417
[09:13:21] 
[09:13:21] Logging into (Doobie, *****)
[09:13:21] Your UID is: 30031417
[09:13:36] 
[09:13:36] Logging into (Doobie, *****)
[09:13:37] Your UID is: 30031417
[09:13:52] 
[09:13:52] Logging into (Doobie, *****)
[09:13:52] Your UID is: 30031417
[09:14:07] 
[09:14:07] Logging into (Doobie, *****)
[09:14:07] Your UID is: 30031417
[09:14:22] 
[09:14:22] Logging into (Doobie, *****)
[09:14:22] Your UID is: 30031417
[09:14:38] 
[09:14:38] Logging into (Doobie, *****)
[09:14:38] Your UID is: 30031417
[09:14:53] 
[09:14:53] Logging into (Doobie, *****)
[09:14:53] Your UID is: 30031417
[09:15:08] 
[09:15:08] Logging into (Doobie, *****)
[09:15:08] Your UID is: 30031417
[09:15:24] 
[09:15:24] Logging into (Doobie, *****)
[09:15:24] Your UID is: 30031417
[09:15:39] 
[09:15:39] Logging into (Doobie, *****)
[09:15:39] Your UID is: 30031417
[09:15:54] 
[09:15:54] Logging into (Doobie, *****)
[09:15:54] Your UID is: 30031417
[09:16:09] 
[09:16:09] Logging into (Doobie, *****)
[09:16:09] Your UID is: 30031417
[09:16:25] 
[09:16:25] Logging into (Doobie, *****)
[09:16:25] Your UID is: 30031417
[09:16:40] 
[09:16:40] Logging into (Doobie, *****)
[09:16:40] Your UID is: 30031417
[09:16:55] 
[09:16:55] Logging into (Doobie, *****)
[09:16:55] Your UID is: 30031417
[09:17:11] 
[09:17:11] Logging into (Doobie, *****)
[09:17:11] Your UID is: 30031417
[09:17:26] 
[09:17:26] Logging into (Doobie, *****)
[09:17:26] Your UID is: 30031417
[09:17:41] 
[09:17:41] Logging into (Doobie, *****)
[09:17:41] Your UID is: 30031417
[09:17:57] 
[09:17:57] Logging into (Doobie, *****)
[09:17:57] Your UID is: 30031417
[09:18:12] 
[09:18:12] Logging into (Doobie, *****)
[09:18:12] Your UID is: 30031417
[09:18:27] 
[09:18:27] Logging into (Doobie, *****)
[09:18:27] Your UID is: 30031417
[09:18:42] 
[09:18:42] Logging into (Doobie, *****)
[09:18:42] Your UID is: 30031417
[09:18:58] 
[09:18:58] Logging into (Doobie, *****)
[09:18:58] Your UID is: 30031417
[09:19:13] 
[09:19:13] Logging into (Doobie, *****)
[09:19:13] Your UID is: 30031417
[09:19:28] 
[09:19:28] Logging into (Doobie, *****)
[09:19:28] Your UID is: 30031417
[09:19:44] 
[09:19:44] Logging into (Doobie, *****)
[09:19:44] Your UID is: 30031417
[09:19:59] 
[09:19:59] Logging into (Doobie, *****)
[09:19:59] Your UID is: 30031417
[09:20:14] 
[09:20:14] Logging into (Doobie, *****)
[09:20:14] Your UID is: 30031417
[09:20:29] 
[09:20:29] Logging into (Doobie, *****)
[09:20:30] Your UID is: 30031417
[09:20:45] 
[09:20:45] Logging into (Doobie, *****)
[09:20:45] Your UID is: 30031417
[09:21:00] 
[09:21:00] Logging into (Doobie, *****)
[09:21:00] Your UID is: 30031417
[09:21:15] 
[09:21:15] Logging into (Doobie, *****)
[09:21:15] Your UID is: 30031417
[09:21:31] 
[09:21:31] Logging into (Doobie, *****)
[09:21:31] Your UID is: 30031417
[09:21:46] 
[09:21:46] Logging into (Doobie, *****)
[09:21:46] Your UID is: 30031417
[09:22:01] 
[09:22:01] Logging into (Doobie, *****)
[09:22:01] Your UID is: 30031417
[09:22:17] 
[09:22:17] Logging into (Doobie, *****)
[09:22:17] Your UID is: 30031417
[09:22:32] 
[09:22:32] Logging into (Doobie, *****)
[09:22:32] Your UID is: 30031417
[09:22:47] 
[09:22:47] Logging into (Doobie, *****)
[09:22:47] Your UID is: 30031417
[09:23:02] 
[09:23:02] Logging into (Doobie, *****)
[09:23:02] Your UID is: 30031417
[09:23:18] 
[09:23:18] Logging into (Doobie, *****)
[09:23:18] Your UID is: 30031417
[09:23:33] 
[09:23:33] Logging into (Doobie, *****)
[09:23:33] Your UID is: 30031417
[09:23:48] 
[09:23:48] Logging into (Doobie, *****)
[09:23:48] Your UID is: 30031417
[09:24:04] 
[09:24:04] Logging into (Doobie, *****)
[09:24:04] Your UID is: 30031417
[09:24:19] 
[09:24:19] Logging into (Doobie, *****)
[09:24:19] Your UID is: 30031417
[09:24:34] 
[09:24:34] Logging into (Doobie, *****)
[09:24:34] Your UID is: 30031417
[09:24:50] 
[09:24:50] Logging into (Doobie, *****)
[09:24:50] Your UID is: 30031417
[09:25:05] 
[09:25:05] Logging into (Doobie, *****)
[09:25:05] Your UID is: 30031417
[09:25:20] 
[09:25:20] Logging into (Doobie, *****)
[09:25:20] Your UID is: 30031417
[09:25:35] 
[09:25:35] Logging into (Doobie, *****)
[09:25:36] Your UID is: 30031417
[09:25:51] 
[09:25:51] Logging into (Doobie, *****)
[09:25:51] Your UID is: 30031417
[09:26:06] 
[09:26:06] Logging into (Doobie, *****)
[09:26:06] Your UID is: 30031417
[09:26:21] 
[09:26:21] Logging into (Doobie, *****)
[09:26:21] Your UID is: 30031417
[09:26:37] 
[09:26:37] Logging into (Doobie, *****)
[09:26:37] Your UID is: 30031417
[09:26:52] 
[09:26:52] Logging into (Doobie, *****)
[09:26:52] Your UID is: 30031417
[09:27:07] 
[09:27:07] Logging into (Doobie, *****)
[09:27:07] Your UID is: 30031417
[09:27:22] 
[09:27:22] Logging into (Doobie, *****)
[09:27:23] Your UID is: 30031417
[09:27:50] 
[09:27:50] Logging into (Doobie, *****)
[09:27:51] Your UID is: 30031417
[09:28:06] 
[09:28:06] Logging into (Doobie, *****)
[09:28:06] Your UID is: 30031417
[09:28:21] 
[09:28:21] Logging into (Doobie, *****)
[09:28:21] Your UID is: 30031417
[09:28:36] 
[09:28:36] Logging into (Doobie, *****)
[09:28:36] Your UID is: 30031417
[09:28:51] 
[09:28:51] Logging into (Doobie, *****)
[09:28:51] Your UID is: 30031417
[09:29:07] 
[09:29:07] Logging into (Doobie, *****)
[09:29:07] Your UID is: 30031417
[09:29:22] 
[09:29:22] Logging into (Doobie, *****)
[09:29:22] Your UID is: 30031417
[09:29:37] 
[09:29:37] Logging into (Doobie, *****)
[09:29:37] Your UID is: 30031417
[09:29:53] 
[09:29:53] Logging into (Doobie, *****)
[09:29:53] Your UID is: 30031417
[09:30:08] 
[09:30:08] Logging into (Doobie, *****)
[09:30:08] Your UID is: 30031417
[09:30:23] 
[09:30:23] Logging into (Doobie, *****)
[09:30:23] Your UID is: 30031417
[09:30:38] 
[09:30:39] Logging into (Doobie, *****)
[09:30:39] Your UID is: 30031417
[09:30:54] 
[09:30:54] Logging into (Doobie, *****)
[09:30:54] Your UID is: 30031417
[09:31:09] 
[09:31:09] Logging into (Doobie, *****)
[09:31:09] Your UID is: 30031417
[09:31:24] 
[09:31:24] Logging into (Doobie, *****)
[09:31:24] Your UID is: 30031417
[09:31:40] 
[09:31:40] Logging into (Doobie, *****)
[09:31:40] Your UID is: 30031417
[09:31:55] 
[09:31:55] Logging into (Doobie, *****)
[09:31:55] Your UID is: 30031417
[09:32:11] 
[09:32:11] Logging into (Doobie, *****)
[09:32:11] Your UID is: 30031417
[09:32:26] 
[09:32:26] Logging into (Doobie, *****)
[09:32:26] Your UID is: 30031417
[09:32:42] 
[09:32:42] Logging into (Doobie, *****)
[09:32:42] Your UID is: 30031417
[09:32:57] 
[09:32:57] Logging into (Doobie, *****)
[09:32:57] Your UID is: 30031417
[09:33:12] 
[09:33:12] Logging into (Doobie, *****)
[09:33:12] Your UID is: 30031417
[09:33:28] 
[09:33:28] Logging into (Doobie, *****)
[09:33:28] Your UID is: 30031417
[09:33:43] 
[09:33:43] Logging into (Doobie, *****)
[09:33:43] Your UID is: 30031417
[09:33:58] 
[09:33:58] Logging into (Doobie, *****)
[09:33:58] Your UID is: 30031417
[09:34:14] 
[09:34:14] Logging into (Doobie, *****)
[09:34:14] Your UID is: 30031417
[09:34:29] 
[09:34:29] Logging into (Doobie, *****)
[09:34:29] Your UID is: 30031417
[09:34:44] 
[09:34:44] Logging into (Doobie, *****)
[09:34:44] Your UID is: 30031417
[09:34:59] 
[09:34:59] Logging into (Doobie, *****)
[09:34:59] Your UID is: 30031417
[09:35:15] 
[09:35:15] Logging into (Doobie, *****)
[09:35:15] Your UID is: 30031417
[09:35:30] 
[09:35:30] Logging into (Doobie, *****)
[09:35:30] Your UID is: 30031417
[09:35:45] 
[09:35:45] Logging into (Doobie, *****)
[09:35:45] Your UID is: 30031417
[09:36:01] 
[09:36:01] Logging into (Doobie, *****)
[09:36:03] Your UID is: 30031417
[09:36:16] 
[09:36:16] Logging into (Doobie, *****)
[09:36:16] Your UID is: 30031417
[09:36:31] 
[09:36:31] Logging into (Doobie, *****)
[09:36:31] Your UID is: 30031417
[09:36:47] 
[09:36:47] Logging into (Doobie, *****)
[09:36:47] Your UID is: 30031417
[09:37:02] 
[09:37:02] Logging into (Doobie, *****)
[09:37:02] Your UID is: 30031417
[09:37:17] 
[09:37:17] Logging into (Doobie, *****)
[09:37:17] Your UID is: 30031417
[09:37:33] 
[09:37:33] Logging into (Doobie, *****)
[09:37:33] Your UID is: 30031417
[09:37:48] 
[09:37:48] Logging into (Doobie, *****)
[09:37:48] Your UID is: 30031417
[09:38:03] 
[09:38:03] Logging into (Doobie, *****)
[09:38:03] Your UID is: 30031417
[09:38:18] 
[09:38:18] Logging into (Doobie, *****)
[09:38:18] Your UID is: 30031417
[09:38:34] 
[09:38:34] Logging into (Doobie, *****)
[09:38:34] Your UID is: 30031417
[09:38:49] 
[09:38:49] Logging into (Doobie, *****)
[09:38:49] Your UID is: 30031417
[09:39:04] 
[09:39:04] Logging into (Doobie, *****)
[09:39:04] Your UID is: 30031417
[09:39:20] 
[09:39:20] Logging into (Doobie, *****)
[09:39:20] Your UID is: 30031417
[09:39:35] 
[09:39:35] Logging into (Doobie, *****)
[09:39:35] Your UID is: 30031417
[09:39:50] 
[09:39:50] Logging into (Doobie, *****)
[09:39:50] Your UID is: 30031417
[09:40:06] 
[09:40:06] Logging into (Doobie, *****)
[09:40:06] Your UID is: 30031417
[09:40:21] 
[09:40:21] Logging into (Doobie, *****)
[09:40:21] Your UID is: 30031417
[09:40:36] 
[09:40:36] Logging into (Doobie, *****)
[09:40:36] Your UID is: 30031417
[09:40:51] 
[09:40:51] Logging into (Doobie, *****)
[09:40:51] Your UID is: 30031417
[09:41:07] 
[09:41:07] Logging into (Doobie, *****)
[09:41:07] Your UID is: 30031417
[09:41:22] 
[09:41:22] Logging into (Doobie, *****)
[09:41:22] Your UID is: 30031417
[09:41:37] 
[09:41:37] Logging into (Doobie, *****)
[09:41:37] Your UID is: 30031417
[09:41:53] 
[09:41:53] Logging into (Doobie, *****)
[09:41:53] Your UID is: 30031417
[09:42:08] 
[09:42:08] Logging into (Doobie, *****)
[09:42:08] Your UID is: 30031417
[09:42:23] 
[09:42:23] Logging into (Doobie, *****)
[09:42:23] Your UID is: 30031417
[09:42:38] 
[09:42:38] Logging into (Doobie, *****)
[09:42:38] Your UID is: 30031417
[09:42:54] 
[09:42:54] Logging into (Doobie, *****)
[09:42:54] Your UID is: 30031417
[09:43:09] 
[09:43:09] Logging into (Doobie, *****)
[09:43:09] Your UID is: 30031417
[09:43:24] 
[09:43:24] Logging into (Doobie, *****)
[09:43:24] Your UID is: 30031417
[09:43:40] 
[09:43:40] Logging into (Doobie, *****)
[09:43:40] Your UID is: 30031417
[09:43:55] 
[09:43:55] Logging into (Doobie, *****)
[09:43:55] Your UID is: 30031417
[09:44:10] 
[09:44:10] Logging into (Doobie, *****)
[09:44:10] Your UID is: 30031417
[09:44:26] 
[09:44:26] Logging into (Doobie, *****)
[09:44:26] Your UID is: 30031417
[09:44:41] 
[09:44:41] Logging into (Doobie, *****)
[09:44:41] Your UID is: 30031417
[09:44:56] 
[09:44:56] Logging into (Doobie, *****)
[09:44:56] Your UID is: 30031417
[09:45:11] 
[09:45:11] Logging into (Doobie, *****)
[09:45:11] Your UID is: 30031417
[09:45:27] 
[09:45:27] Logging into (Doobie, *****)
[09:45:27] Your UID is: 30031417
[09:45:42] 
[09:45:42] Logging into (Doobie, *****)
[09:45:42] Your UID is: 30031417
[09:45:57] 
[09:45:57] Logging into (Doobie, *****)
[09:45:57] Your UID is: 30031417
[09:46:13] 
[09:46:13] Logging into (Doobie, *****)
[09:46:13] Your UID is: 30031417
[09:46:28] 
[09:46:28] Logging into (Doobie, *****)
[09:46:28] Your UID is: 30031417
[09:46:43] 
[09:46:43] Logging into (Doobie, *****)
[09:46:43] Your UID is: 30031417
[09:46:59] 
[09:46:59] Logging into (Doobie, *****)
[09:46:59] Your UID is: 30031417
[09:47:14] 
[09:47:14] Logging into (Doobie, *****)
[09:47:14] Your UID is: 30031417
[09:47:29] 
[09:47:30] Logging into (Doobie, *****)
[09:47:30] Your UID is: 30031417
[09:47:44] 
[09:47:44] Logging into (Doobie, *****)
[09:47:44] Your UID is: 30031417
[09:48:00] 
[09:48:00] Logging into (Doobie, *****)
[09:48:00] Your UID is: 30031417
[09:48:15] 
[09:48:15] Logging into (Doobie, *****)
[09:48:15] Your UID is: 30031417
[09:48:30] 
[09:48:30] Logging into (Doobie, *****)
[09:48:30] Your UID is: 30031417
[09:48:46] 
[09:48:46] Logging into (Doobie, *****)
[09:48:46] Your UID is: 30031417
[09:49:01] 
[09:49:01] Logging into (Doobie, *****)
[09:49:01] Your UID is: 30031417
[09:49:16] 
[09:49:16] Logging into (Doobie, *****)
[09:49:16] Your UID is: 30031417
[09:49:31] 
[09:49:31] Logging into (Doobie, *****)
[09:49:31] Your UID is: 30031417
[09:49:47] 
[09:49:47] Logging into (Doobie, *****)
[09:49:47] Your UID is: 30031417
[09:50:02] 
[09:50:02] Logging into (Doobie, *****)
[09:50:02] Your UID is: 30031417
[09:50:17] 
[09:50:17] Logging into (Doobie, *****)
[09:50:17] Your UID is: 30031417
[09:50:33] 
[09:50:33] Logging into (Doobie, *****)
[09:50:33] Your UID is: 30031417
[09:50:48] 
[09:50:48] Logging into (Doobie, *****)
[09:50:48] Your UID is: 30031417
[09:51:03] 
[09:51:03] Logging into (Doobie, *****)
[09:51:03] Your UID is: 30031417
[09:51:19] 
[09:51:19] Logging into (Doobie, *****)
[09:51:19] Your UID is: 30031417
[09:51:34] 
[09:51:34] Logging into (Doobie, *****)
[09:51:34] Your UID is: 30031417
[09:51:49] 
[09:51:49] Logging into (Doobie, *****)
[09:51:49] Your UID is: 30031417
[09:52:04] 
[09:52:04] Logging into (Doobie, *****)
[09:52:05] Your UID is: 30031417
[09:52:20] 
[09:52:20] Logging into (Doobie, *****)
[09:52:20] Your UID is: 30031417
[09:52:35] 
[09:52:35] Logging into (Doobie, *****)
[09:52:35] Your UID is: 30031417
[09:52:50] 
[09:52:50] Logging into (Doobie, *****)
[09:52:50] Your UID is: 30031417
[09:53:06] 
[09:53:06] Logging into (Doobie, *****)
[09:53:06] Your UID is: 30031417
[09:53:21] 
[09:53:21] Logging into (Doobie, *****)
[09:53:21] Your UID is: 30031417
[09:53:36] 
[09:53:36] Logging into (Doobie, *****)
[09:53:36] Your UID is: 30031417
[09:53:51] 
[09:53:51] Logging into (Doobie, *****)
[09:53:52] Your UID is: 30031417
[09:54:07] 
[09:54:07] Logging into (Doobie, *****)
[09:54:07] Your UID is: 30031417
[09:54:22] 
[09:54:22] Logging into (Doobie, *****)
[09:54:22] Your UID is: 30031417
[09:54:37] 
[09:54:37] Logging into (Doobie, *****)
[09:54:37] Your UID is: 30031417
[09:54:53] 
[09:54:53] Logging into (Doobie, *****)
[09:54:53] Your UID is: 30031417
[09:55:08] 
[09:55:08] Logging into (Doobie, *****)
[09:55:08] Your UID is: 30031417
[09:55:23] 
[09:55:23] Logging into (Doobie, *****)
[09:55:23] Your UID is: 30031417
[09:55:39] 
[09:55:39] Logging into (Doobie, *****)
[09:55:39] Your UID is: 30031417
[09:55:54] 
[09:55:54] Logging into (Doobie, *****)
[09:55:54] Your UID is: 30031417
[09:56:09] 
[09:56:09] Logging into (Doobie, *****)
[09:56:09] Your UID is: 30031417
