[06:32:57] 
[06:32:57] Logging into (Doobie, *****)
[06:32:57] Your UID is: 30031417
[06:43:13] 
[06:43:13] Logging into (Doobie, *****)
[06:43:13] Your UID is: 30031417
[06:57:12] 
[06:57:12] Logging into (Doobie, *****)
[06:57:12] Your UID is: 30031417
[07:11:12] 
[07:11:12] Logging into (Doobie, *****)
[07:11:12] Your UID is: 30031417
[07:12:41] 
[07:12:41] Logging into (Doobie, *****)
[07:12:41] Your UID is: 30031417
[07:13:11] 
[07:13:11] Logging into (Doobie, *****)
[07:13:11] Your UID is: 30031417
[07:25:12] 
[07:25:12] Logging into (Doobie, *****)
[07:25:13] Your UID is: 30031417
[07:29:09] 
[07:29:09] Logging into (Doobie, *****)
[07:29:09] Your UID is: 30031417
[07:39:10] 
[07:39:10] Logging into (Doobie, *****)
[07:39:10] Your UID is: 30031417
[07:52:43] 
[07:52:43] Logging into (Doobie, *****)
[07:52:43] Your UID is: 30031417
[07:53:09] 
[07:53:09] Logging into (Doobie, *****)
[07:53:09] Your UID is: 30031417
[08:07:51] 
[08:07:51] Logging into (Doobie, *****)
[08:07:51] Your UID is: 30031417
[08:22:18] 
[08:22:18] Logging into (Doobie, *****)
[08:22:18] Your UID is: 30031417
[08:22:39] 
[08:22:39] Logging into (ic0wbeater, *****)
[08:22:39] Your UID is: 10404053
[08:25:28] HP Above Heads On...
[08:25:28] HP Above Heads Off...
[08:25:30] HP Above Heads On...
[08:33:43] 
[08:33:43] Logging into (ic0wbeater, *****)
[08:33:44] Your UID is: 10404053
[08:38:13] 
[08:38:13] Logging into (Doobie, *****)
[08:38:13] Your UID is: 30031417
[08:48:35] 
[08:48:35] Logging into (Doobie, *****)
[08:48:35] Your UID is: 30031417
[08:57:36] 
[08:57:36] Logging into (Doobie, *****)
[08:57:37] Your UID is: 30031417
[08:58:01] 
[08:58:01] Logging into (Doobie, *****)
[08:58:02] Your UID is: 30031417
[09:15:54] 
[09:15:54] Logging into (Doobie, *****)
[09:15:54] Your UID is: 30031417
[09:15:58] 
[09:15:58] Logging into (Doobie, *****)
[09:15:58] Your UID is: 30031417
[09:16:00] 
[09:16:00] Logging into (Doobie, *****)
[09:16:00] Your UID is: 30031417
[09:16:05] 
[09:16:05] Logging into (Ic0wbeater, *****)
[09:16:05] Your UID is: 7221326
[09:16:06] 
[09:16:06] Logging into (Ic0wbeater, *****)
[09:16:06] Your UID is: 7221326
[09:17:51] 
[09:17:51] Logging into (Ic0wbeater, *****)
[09:17:51] Your UID is: 7221326
[09:17:54] Sorry, have to have some input
[09:17:55] 
[09:17:55] Logging into (Ic0wbeater, *****)
[09:17:55] Your UID is: 7221326
[09:20:40] 
[09:20:41] Logging into (Ic0wbeater, *****)
[09:20:41] Your UID is: 7221326
[09:20:53] 
[09:20:53] Logging into (Ic0wbeater, *****)
[09:20:53] Your UID is: 7221326
[09:21:19] 
[09:21:19] Logging into (Doobie, *****)
[09:21:19] Your UID is: 30031417
[09:46:54] 
[09:46:54] Logging into (Doobie, *****)
[09:46:54] Your UID is: 30031417
[09:47:20] 
[09:47:20] Logging into (Doobie, *****)
[09:47:20] Your UID is: 30031417
[09:49:55] 
[09:49:55] Logging into (Doobie, *****)
[09:49:55] Your UID is: 30031417
[09:58:32] 
[09:58:32] Logging into (Doobie, *****)
[09:58:32] Your UID is: 30031417
[09:58:43] 
[09:58:43] Logging into (Doobie, *****)
[09:58:43] Your UID is: 30031417
[09:59:14] 
[09:59:14] Logging into (Doobie, *****)
[09:59:14] Your UID is: 30031417
[10:09:38] 
[10:09:38] Logging into (Doobie, *****)
[10:09:38] Your UID is: 30031417
[10:09:52] 
[10:09:52] Logging into (Doobie, *****)
[10:09:52] Your UID is: 30031417
[10:09:52] 
[10:09:52] Logging into (Doobie, *****)
[10:09:53] Your UID is: 30031417
[10:09:53] 
[10:09:53] Logging into (Doobie, *****)
[10:09:53] Your UID is: 30031417
[10:09:53] 
[10:09:53] Logging into (Doobie, *****)
[10:09:53] Your UID is: 30031417
[10:09:53] 
[10:09:53] Logging into (Doobie, *****)
[10:09:53] Your UID is: 30031417
[10:09:54] 
[10:09:54] Logging into (Doobie, *****)
[10:09:54] Your UID is: 30031417
[10:09:54] 
[10:09:54] Logging into (Doobie, *****)
[10:09:54] Your UID is: 30031417
[10:09:54] 
[10:09:54] Logging into (Doobie, *****)
[10:09:54] Your UID is: 30031417
[10:10:05] 
[10:10:05] Logging into (Doobie, *****)
[10:10:05] Your UID is: 30031417
[10:13:05] 
[10:13:05] Logging into (Doobie, *****)
[10:13:05] Your UID is: 30031417
