[04:01:10] 
[04:01:10] Logging into (Doobie, *****)
[04:01:10] Your UID is: 30031417
[04:06:52] 
[04:06:52] Logging into (Doobie, *****)
[04:06:52] Your UID is: 30031417
[04:14:15] 
[04:14:15] Logging into (Doobie, *****)
[04:14:15] Your UID is: 30031417
[04:18:45] Playing 05 - Zombie Nation.mp3
[04:29:06] 
[04:29:06] Logging into (Doobie, *****)
[04:29:06] Your UID is: 30031417
[04:29:09] 
[04:29:09] Logging into (Doobie, *****)
[04:29:09] Your UID is: 30031417
[04:34:54] 
[04:34:54] Logging into (Doobie, *****)
[04:34:54] Your UID is: 30031417
[04:37:29] 
[04:37:29] Logging into (Doobie, *****)
[04:37:29] Your UID is: 30031417
[04:43:04] 
[04:43:04] Logging into (Doobie, *****)
[04:43:04] Your UID is: 30031417
[04:47:25] 
[04:47:25] Logging into (Doobie, *****)
[04:47:25] Your UID is: 30031417
[04:53:32] 
[04:53:35] Logging into (Doobie, *****)
[04:53:35] Your UID is: 30031417
[04:54:36] 
[04:54:36] Logging into (Doobie, *****)
[04:54:41] Your UID is: 30031417
[04:55:37] 
[04:55:37] Logging into (Doobie, *****)
[04:55:37] Your UID is: 30031417
[04:56:17] 
[04:56:17] Logging into (Doobie, *****)
[04:56:22] Your UID is: 30031417
[04:57:05] 
[04:57:05] Logging into (Doobie, *****)
[04:57:10] Your UID is: 30031417
[04:57:49] 
[04:57:49] Logging into (Doobie, *****)
[04:57:54] Your UID is: 30031417
[04:58:43] 
[04:58:43] Logging into (Doobie, *****)
[04:58:48] Your UID is: 30031417
[04:59:37] 
[04:59:37] Logging into (Doobie, *****)
[04:59:42] Your UID is: 30031417
[05:00:22] 
[05:00:25] Logging into (Doobie, *****)
[05:00:30] Your UID is: 30031417
[05:01:49] 
[05:01:49] Logging into (Doobie, *****)
[05:01:54] Your UID is: 30031417
[05:02:42] 
[05:02:42] Logging into (Doobie, *****)
[05:02:47] Your UID is: 30031417
[05:03:27] 
[05:03:27] Logging into (Doobie, *****)
[05:03:27] Your UID is: 30031417
[05:07:41] 
[05:07:41] Logging into (Doobie, *****)
[05:07:41] Your UID is: 30031417
[05:07:43] 
[05:07:43] Logging into (Doobie, *****)
[05:07:43] Your UID is: 30031417
[05:07:48] 
[05:07:48] Logging into (Doobie, *****)
[05:07:48] Your UID is: 30031417
[05:09:16] 
[05:09:16] Logging into (Doobie, *****)
[05:09:16] Your UID is: 30031417
[05:09:22] 
[05:09:22] Logging into (Doobie, *****)
[05:09:22] Your UID is: 30031417
[05:09:23] 
[05:09:23] Logging into (Doobie, *****)
[05:09:23] Your UID is: 30031417
[05:09:33] 
[05:09:33] Logging into (Doobie, *****)
[05:09:33] Your UID is: 30031417
[05:09:43] 
[05:09:43] Logging into (Doobie, *****)
[05:09:43] Your UID is: 30031417
[07:03:28] 
[07:03:28] Logging into (Doobie, *****)
[07:03:28] Your UID is: 30031417
[07:28:08] 
[07:28:08] Logging into (Doobie, *****)
[07:28:08] Your UID is: 30031417
[07:29:19] 
[07:29:19] Logging into (i0fst0rm, *****)
[07:29:19] Your UID is: 52376593
[07:36:21] 
[07:36:21] Logging into (Doobie, *****)
[07:36:21] Your UID is: 30031417
[07:38:56] 
[07:38:56] Logging into (Doobie, *****)
[07:38:56] Your UID is: 30031417
[07:38:58] 
[07:38:58] Logging into (Doobie, *****)
[07:38:58] Your UID is: 30031417
[07:38:58] 
[07:38:58] Logging into (Doobie, *****)
[07:38:58] Your UID is: 30031417
[07:38:58] 
[07:38:58] Logging into (Doobie, *****)
[07:38:58] Your UID is: 30031417
[07:38:58] 
[07:38:58] Logging into (Doobie, *****)
[07:38:58] Your UID is: 30031417
[07:38:59] 
[07:38:59] Logging into (Doobie, *****)
[07:38:59] Your UID is: 30031417
[07:38:59] 
[07:38:59] Logging into (Doobie, *****)
[07:38:59] Your UID is: 30031417
[07:39:02] 
[07:39:02] Logging into (Doobie, *****)
[07:39:02] Your UID is: 30031417
[07:39:02] 
[07:39:02] Logging into (Doobie, *****)
[07:39:02] Your UID is: 30031417
[07:39:03] 
[07:39:03] Logging into (Doobie, *****)
[07:39:03] Your UID is: 30031417
[07:39:03] 
[07:39:03] Logging into (Doobie, *****)
[07:39:03] Your UID is: 30031417
[07:39:06] 
[07:39:06] Logging into (Doobie, *****)
[07:39:06] Your UID is: 30031417
[07:39:09] 
[07:39:09] Logging into (Doobie, *****)
[07:39:09] Your UID is: 30031417
[07:39:10] 
[07:39:10] Logging into (Doobie, *****)
[07:39:10] Your UID is: 30031417
[07:39:11] 
[07:39:11] Logging into (Doobie, *****)
[07:39:11] Your UID is: 30031417
[07:39:11] 
[07:39:11] Logging into (Doobie, *****)
[07:39:11] Your UID is: 30031417
[07:39:11] 
[07:39:11] Logging into (Doobie, *****)
[07:39:11] Your UID is: 30031417
[07:39:11] 
[07:39:11] Logging into (Doobie, *****)
[07:39:11] Your UID is: 30031417
[07:39:11] 
[07:39:11] Logging into (Doobie, *****)
[07:39:11] Your UID is: 30031417
[07:39:12] 
[07:39:12] Logging into (Doobie, *****)
[07:39:12] Your UID is: 30031417
[07:39:12] 
[07:39:12] Logging into (Doobie, *****)
[07:39:12] Your UID is: 30031417
[07:39:39] 
[07:39:39] Logging into (Doobie, *****)
[07:39:39] Your UID is: 30031417
[07:43:54] 
[07:43:54] Logging into (Doobie, *****)
[07:43:54] Your UID is: 30031417
[07:43:55] 
[07:43:55] Logging into (Doobie, *****)
[07:43:55] Your UID is: 30031417
[07:44:14] 
[07:44:14] Logging into (Doobie, *****)
[07:44:14] Your UID is: 30031417
[07:44:15] 
[07:44:15] Logging into (Doobie, *****)
[07:44:15] Your UID is: 30031417
[07:44:16] 
[07:44:16] Logging into (Doobie, *****)
[07:44:16] Your UID is: 30031417
[07:44:16] 
[07:44:16] Logging into (Doobie, *****)
[07:44:16] Your UID is: 30031417
[07:44:16] 
[07:44:16] Logging into (Doobie, *****)
[07:44:16] Your UID is: 30031417
[07:44:16] 
[07:44:16] Logging into (Doobie, *****)
[07:44:16] Your UID is: 30031417
[07:44:17] 
[07:44:17] Logging into (Doobie, *****)
[07:44:17] Your UID is: 30031417
[07:44:17] 
[07:44:17] Logging into (Doobie, *****)
[07:44:17] Your UID is: 30031417
[07:44:17] 
[07:44:17] Logging into (Doobie, *****)
[07:44:17] Your UID is: 30031417
[07:44:17] 
[07:44:17] Logging into (Doobie, *****)
[07:44:17] Your UID is: 30031417
[07:44:17] 
[07:44:17] Logging into (Doobie, *****)
[07:44:17] Your UID is: 30031417
[07:44:18] 
[07:44:18] Logging into (Doobie, *****)
[07:44:18] Your UID is: 30031417
[07:44:18] 
[07:44:18] Logging into (Doobie, *****)
[07:44:18] Your UID is: 30031417
[07:44:18] 
[07:44:18] Logging into (Doobie, *****)
[07:44:18] Your UID is: 30031417
[07:44:22] 
[07:44:22] Logging into (Doobie, *****)
[07:44:22] Your UID is: 30031417
[07:44:22] 
[07:44:22] Logging into (Doobie, *****)
[07:44:22] Your UID is: 30031417
[07:44:22] 
[07:44:22] Logging into (Doobie, *****)
[07:44:22] Your UID is: 30031417
[07:44:22] 
[07:44:22] Logging into (Doobie, *****)
[07:44:22] Your UID is: 30031417
[07:44:23] 
[07:44:23] Logging into (Doobie, *****)
[07:44:23] Your UID is: 30031417
[07:44:23] 
[07:44:23] Logging into (Doobie, *****)
[07:44:23] Your UID is: 30031417
[07:44:23] 
[07:44:23] Logging into (Doobie, *****)
[07:44:23] Your UID is: 30031417
[07:44:26] 
[07:44:26] Logging into (Doobie, *****)
[07:44:26] Your UID is: 30031417
[07:53:55] 
[07:53:55] Logging into (Doobie, *****)
[07:53:55] Your UID is: 30031417
[07:53:56] 
[07:53:56] Logging into (Doobie, *****)
[07:53:56] Your UID is: 30031417
[07:54:01] 
[07:54:01] Logging into (Doobie, *****)
[07:54:01] Your UID is: 30031417
[07:54:01] 
[07:54:01] Logging into (Doobie, *****)
[07:54:01] Your UID is: 30031417
[07:54:01] 
[07:54:01] Logging into (Doobie, *****)
[07:54:01] Your UID is: 30031417
[07:54:02] 
[07:54:02] Logging into (Doobie, *****)
[07:54:02] Your UID is: 30031417
[07:54:02] 
[07:54:02] Logging into (Doobie, *****)
[07:54:02] Your UID is: 30031417
[07:54:02] 
[07:54:02] Logging into (Doobie, *****)
[07:54:02] Your UID is: 30031417
[07:54:02] 
[07:54:02] Logging into (Doobie, *****)
[07:54:02] Your UID is: 30031417
[07:54:03] 
[07:54:03] Logging into (Doobie, *****)
[07:54:03] Your UID is: 30031417
[07:54:03] 
[07:54:03] Logging into (Doobie, *****)
[07:54:03] Your UID is: 30031417
[07:54:03] 
[07:54:03] Logging into (Doobie, *****)
[07:54:03] Your UID is: 30031417
[07:54:03] 
[07:54:03] Logging into (Doobie, *****)
[07:54:03] Your UID is: 30031417
[07:54:03] 
[07:54:03] Logging into (Doobie, *****)
[07:54:03] Your UID is: 30031417
[07:54:14] 
[07:54:14] Logging into (i0fst0rm, *****)
[07:54:14] Your UID is: 52376593
[07:54:23] 
[07:54:23] Logging into (i0fst0rm, *****)
[07:54:23] Your UID is: 52376593
[07:54:43] 
[07:54:43] Logging into (Doobie, *****)
[07:54:43] Your UID is: 30031417
[07:54:50] 
[07:54:50] Logging into (Doobie, *****)
[07:54:50] Your UID is: 30031417
[07:54:51] 
[07:54:51] Logging into (Doobie, *****)
[07:54:51] Your UID is: 30031417
[07:54:51] 
[07:54:51] Logging into (Doobie, *****)
[07:54:51] Your UID is: 30031417
[07:54:51] 
[07:54:51] Logging into (Doobie, *****)
[07:54:51] Your UID is: 30031417
[07:54:51] 
[07:54:51] Logging into (Doobie, *****)
[07:54:51] Your UID is: 30031417
[07:54:52] 
[07:54:52] Logging into (Doobie, *****)
[07:54:52] Your UID is: 30031417
[07:54:52] 
[07:54:52] Logging into (Doobie, *****)
[07:54:52] Your UID is: 30031417
[07:54:52] 
[07:54:52] Logging into (Doobie, *****)
[07:54:52] Your UID is: 30031417
[07:54:52] 
[07:54:52] Logging into (Doobie, *****)
[07:54:52] Your UID is: 30031417
[07:54:52] 
[07:54:52] Logging into (Doobie, *****)
[07:54:52] Your UID is: 30031417
[07:54:53] 
[07:54:53] Logging into (Doobie, *****)
[07:54:53] Your UID is: 30031417
[07:55:10] 
[07:55:10] Logging into (Doobie, *****)
[07:55:10] Your UID is: 30031417
[07:55:31] 
[07:55:31] Logging into (Doobie, *****)
[07:55:31] Your UID is: 30031417
[07:55:31] 
[07:55:31] Logging into (Doobie, *****)
[07:55:31] Your UID is: 30031417
[07:55:31] 
[07:55:31] Logging into (Doobie, *****)
[07:55:31] Your UID is: 30031417
[07:55:32] 
[07:55:32] Logging into (Doobie, *****)
[07:55:32] Your UID is: 30031417
[07:55:32] 
[07:55:32] Logging into (Doobie, *****)
[07:55:32] Your UID is: 30031417
[07:55:32] 
[07:55:32] Logging into (Doobie, *****)
[07:55:32] Your UID is: 30031417
[07:55:32] 
[07:55:32] Logging into (Doobie, *****)
[07:55:32] Your UID is: 30031417
[07:55:32] 
[07:55:32] Logging into (Doobie, *****)
[07:55:32] Your UID is: 30031417
[07:55:33] 
[07:55:33] Logging into (Doobie, *****)
[07:55:33] Your UID is: 30031417
[07:55:33] 
[07:55:33] Logging into (Doobie, *****)
[07:55:33] Your UID is: 30031417
[07:55:33] 
[07:55:33] Logging into (Doobie, *****)
[07:55:33] Your UID is: 30031417
[07:55:33] 
[07:55:33] Logging into (Doobie, *****)
[07:55:33] Your UID is: 30031417
[07:55:33] 
[07:55:33] Logging into (Doobie, *****)
[07:55:33] Your UID is: 30031417
[07:55:33] 
[07:55:33] Logging into (Doobie, *****)
[07:55:33] Your UID is: 30031417
[07:55:34] 
[07:55:34] Logging into (Doobie, *****)
[07:55:34] Your UID is: 30031417
[07:55:34] 
[07:55:34] Logging into (Doobie, *****)
[07:55:34] Your UID is: 30031417
[07:55:34] 
[07:55:34] Logging into (Doobie, *****)
[07:55:34] Your UID is: 30031417
[07:55:34] 
[07:55:34] Logging into (Doobie, *****)
[07:55:34] Your UID is: 30031417
[07:55:34] 
[07:55:34] Logging into (Doobie, *****)
[07:55:34] Your UID is: 30031417
[07:55:35] 
[07:55:35] Logging into (Doobie, *****)
[07:55:35] Your UID is: 30031417
[07:55:35] 
[07:55:35] Logging into (Doobie, *****)
[07:55:35] Your UID is: 30031417
[07:55:35] 
[07:55:35] Logging into (Doobie, *****)
[07:55:35] Your UID is: 30031417
[07:55:35] 
[07:55:35] Logging into (Doobie, *****)
[07:55:35] Your UID is: 30031417
[07:55:35] 
[07:55:35] Logging into (Doobie, *****)
[07:55:35] Your UID is: 30031417
[07:55:35] 
[07:55:35] Logging into (Doobie, *****)
[07:55:35] Your UID is: 30031417
[07:55:36] 
[07:55:36] Logging into (Doobie, *****)
[07:55:36] Your UID is: 30031417
[07:55:36] 
[07:55:36] Logging into (Doobie, *****)
[07:55:36] Your UID is: 30031417
[07:55:36] 
[07:55:36] Logging into (Doobie, *****)
[07:55:36] Your UID is: 30031417
[07:55:36] 
[07:55:36] Logging into (Doobie, *****)
[07:55:36] Your UID is: 30031417
[07:55:36] 
[07:55:36] Logging into (Doobie, *****)
[07:55:36] Your UID is: 30031417
[07:55:36] 
[07:55:36] Logging into (Doobie, *****)
[07:55:37] Your UID is: 30031417
[07:55:37] 
[07:55:37] Logging into (Doobie, *****)
[07:55:37] Your UID is: 30031417
[07:55:37] 
[07:55:37] Logging into (Doobie, *****)
[07:55:37] Your UID is: 30031417
[07:55:37] 
[07:55:37] Logging into (Doobie, *****)
[07:55:37] Your UID is: 30031417
[07:55:37] 
[07:55:37] Logging into (Doobie, *****)
[07:55:37] Your UID is: 30031417
[07:55:38] 
[07:55:38] Logging into (Doobie, *****)
[07:55:38] Your UID is: 30031417
[07:55:38] 
[07:55:38] Logging into (Doobie, *****)
[07:55:38] Your UID is: 30031417
[07:55:38] 
[07:55:38] Logging into (Doobie, *****)
[07:55:38] Your UID is: 30031417
[07:55:38] 
[07:55:38] Logging into (Doobie, *****)
[07:55:38] Your UID is: 30031417
[07:55:38] 
[07:55:38] Logging into (Doobie, *****)
[07:55:38] Your UID is: 30031417
[07:55:39] 
[07:55:39] Logging into (Doobie, *****)
[07:55:39] Your UID is: 30031417
[07:55:39] 
[07:55:39] Logging into (Doobie, *****)
[07:55:39] Your UID is: 30031417
[07:55:39] 
[07:55:39] Logging into (Doobie, *****)
[07:55:39] Your UID is: 30031417
[07:55:39] 
[07:55:39] Logging into (Doobie, *****)
[07:55:39] Your UID is: 30031417
[07:55:39] 
[07:55:39] Logging into (Doobie, *****)
[07:55:39] Your UID is: 30031417
[07:55:40] 
[07:55:40] Logging into (Doobie, *****)
[07:55:40] Your UID is: 30031417
[07:55:40] 
[07:55:40] Logging into (Doobie, *****)
[07:55:40] Your UID is: 30031417
[07:55:40] 
[07:55:40] Logging into (Doobie, *****)
[07:55:40] Your UID is: 30031417
[07:55:40] 
[07:55:40] Logging into (Doobie, *****)
[07:55:40] Your UID is: 30031417
[07:55:40] 
[07:55:40] Logging into (Doobie, *****)
[07:55:40] Your UID is: 30031417
[07:55:41] 
[07:55:41] Logging into (Doobie, *****)
[07:55:41] Your UID is: 30031417
[07:55:41] 
[07:55:41] Logging into (Doobie, *****)
[07:55:41] Your UID is: 30031417
[07:55:41] 
[07:55:41] Logging into (Doobie, *****)
[07:55:41] Your UID is: 30031417
[07:55:41] 
[07:55:41] Logging into (Doobie, *****)
[07:55:41] Your UID is: 30031417
[07:55:41] 
[07:55:41] Logging into (Doobie, *****)
[07:55:41] Your UID is: 30031417
[07:55:41] 
[07:55:41] Logging into (Doobie, *****)
[07:55:41] Your UID is: 30031417
[07:55:42] 
[07:55:42] Logging into (Doobie, *****)
[07:55:42] Your UID is: 30031417
[07:55:42] 
[07:55:42] Logging into (Doobie, *****)
[07:55:42] Your UID is: 30031417
[07:55:42] 
[07:55:42] Logging into (Doobie, *****)
[07:55:42] Your UID is: 30031417
[07:55:42] 
[07:55:42] Logging into (Doobie, *****)
[07:55:42] Your UID is: 30031417
[07:55:42] 
[07:55:42] Logging into (Doobie, *****)
[07:55:42] Your UID is: 30031417
[07:55:43] 
[07:55:43] Logging into (Doobie, *****)
[07:55:43] Your UID is: 30031417
[07:56:10] 
[07:56:10] Logging into (Doobie, *****)
[07:56:10] Your UID is: 30031417
[08:02:50] 
[08:02:50] Logging into (Doobie, *****)
[08:02:50] Your UID is: 30031417
[08:40:11] 
[08:40:11] Logging into (Doobie, *****)
[08:40:11] Your UID is: 30031417
[08:42:18] HP Above Heads On...
[08:42:18] HP Above Heads Off...
[08:46:37] 
[08:46:37] Logging into (Doobie, *****)
[08:46:37] Your UID is: 30031417
[08:57:37] 
[08:57:38] Logging into (Doobie, *****)
[08:57:38] Your UID is: 30031417
[08:58:16] HP Above Heads On...
[08:58:17] HP Above Heads Off...
[08:58:23] 
[08:58:23] Logging into (Doobie, *****)
[08:58:23] Your UID is: 30031417
[08:58:52] Port changed to 43594
[08:58:53] 
[08:58:53] Logging into (Doobie, *****)
[08:58:53] Your UID is: 30031417
[09:06:44] 
[09:06:44] Logging into (Doobie, *****)
[09:06:44] Your UID is: 30031417
[09:19:58] 
[09:19:58] Logging into (Doobie, *****)
[09:19:58] Your UID is: 30031417
[09:20:39] Server: Starting HybridScape Server on 0.0.0.0:43594
[09:20:40] 
[09:20:40] Logging into (Doobie, *****)
[09:20:40] Your UID is: 30031417
[09:20:40] Server: ClientHandler: Accepted from localhost:4877
[09:20:46] Game saved for player doobie
[09:20:46] Server: ClientHandler: Client doobie disconnected.
[09:20:48] 
[09:20:48] Logging into (Doobie, *****)
[09:20:48] Your UID is: 30031417
[09:20:48] Server: ClientHandler: Accepted from localhost:4878
[09:20:53] Game saved for player doobie
[09:20:53] Server: ClientHandler: Client doobie disconnected.
[09:20:58] 
[09:20:58] Logging into (Doobie, *****)
[09:20:58] Your UID is: 30031417
[09:21:12] Server: ClientHandler: Accepted from EBEJER:4879
[09:21:16] Game saved for player doobie
[09:21:16] Server: ClientHandler: Client doobie disconnected.
[09:21:29] Server: ClientHandler: Accepted from 5.82.97.130:2307
[09:21:30] Registering user udluv with pass udluv
[09:21:30] Registration succesful!!
[09:21:33] 
[09:21:33] Logging into (Doobie, *****)
[09:21:33] Your UID is: 30031417
[09:21:37] Game saved for player udluv
[09:21:37] Server: ClientHandler: Client udluv disconnected.
[09:21:46] Server: ClientHandler: Accepted from EBEJER:4880
[09:21:56] Game saved for player doobie
[09:21:56] Server: ClientHandler: Client doobie disconnected.
[09:23:13] 
[09:23:13] Logging into (Doobie, *****)
[09:23:13] Your UID is: 30031417
[09:37:10] 
[09:37:10] Logging into (Doobie, *****)
[09:37:11] Your UID is: 30031417
[10:10:02] 
[10:10:02] Logging into (Doobie, *****)
[10:10:02] Your UID is: 30031417
[10:10:35] 
[10:10:35] Logging into (Doobie, *****)
[10:10:35] Your UID is: 30031417
[10:13:41] 
[10:13:41] Logging into (Doobie, *****)
[10:13:41] Your UID is: 30031417
[10:16:32] 
[10:16:32] Logging into (Doobie, *****)
[10:16:32] Your UID is: 30031417
[10:17:44] 
[10:17:44] Logging into (Doobie, *****)
[10:17:44] Your UID is: 30031417
[10:49:43] 
[10:49:43] Logging into (Doobie, *****)
[10:49:43] Your UID is: 30031417
[10:57:26] 
[10:57:26] Logging into (Doobie, *****)
[10:57:26] Your UID is: 30031417
[11:00:57] 
[11:00:57] Logging into (Doobie, *****)
[11:00:57] Your UID is: 30031417
[11:01:19] 
[11:01:19] Logging into (Doobie, *****)
[11:01:19] Your UID is: 30031417
[11:23:27] 
[11:23:27] Logging into (Doobie, *****)
[11:23:27] Your UID is: 30031417
[11:23:36] 
[11:23:36] Logging into (Doobie, *****)
[11:23:36] Your UID is: 30031417
[11:25:19] 
[11:25:19] Logging into (Doobie, *****)
[11:25:19] Your UID is: 30031417
[11:25:29] 
[11:25:29] Logging into (Doobie, *****)
[11:25:29] Your UID is: 30031417
[11:25:31] 
[11:25:31] Logging into (Doobie, *****)
[11:25:31] Your UID is: 30031417
[11:25:38] 
[11:25:38] Logging into (Doobie, *****)
[11:25:38] Your UID is: 30031417
[11:28:45] 
[11:28:45] Logging into (Doobie, *****)
[11:28:45] Your UID is: 30031417
[11:28:53] 
[11:28:53] Logging into (Doobie, *****)
[11:28:53] Your UID is: 30031417
[11:38:04] 
[11:38:04] Logging into (I0fst0rm, *****)
[11:38:04] Your UID is: 60394685
[11:44:59] 
[11:44:59] Logging into (Doobie, *****)
[11:44:59] Your UID is: 30031417
[11:48:31] 
[11:48:31] Logging into (Doobie, *****)
[11:48:31] Your UID is: 30031417
[11:48:41] 
[11:48:41] Logging into (Doobie, *****)
[11:48:41] Your UID is: 30031417
[11:53:26] 
[11:53:26] Logging into (Doobie, *****)
[11:53:26] Your UID is: 30031417
[11:53:30] 
[11:53:30] Logging into (Doobie, *****)
[11:53:30] Your UID is: 30031417
[11:53:32] 
[11:53:32] Logging into (Doobie, *****)
[11:53:32] Your UID is: 30031417
[11:53:34] 
[11:53:34] Logging into (Doobie, *****)
[11:53:34] Your UID is: 30031417
[11:53:41] 
[11:53:41] Logging into (Doobie, *****)
[11:53:41] Your UID is: 30031417
[12:14:17] 
[12:14:17] Logging into (Doobie, *****)
[12:14:17] Your UID is: 30031417
[12:14:31] 
[12:14:31] Logging into (Doobie, *****)
[12:14:31] Your UID is: 30031417
[12:14:40] 
[12:14:40] Logging into (Doobie, *****)
[12:14:40] Your UID is: 30031417
[12:17:21] 
[12:17:21] Logging into (Doobie, *****)
[12:17:21] Your UID is: 30031417
[12:17:34] 
[12:17:34] Logging into (Doobie, *****)
[12:17:34] Your UID is: 30031417
[12:30:56] 
[12:30:56] Logging into (Doobie, *****)
[12:30:56] Your UID is: 30031417
[12:31:03] 
[12:31:04] Logging into (Doobie, *****)
[12:31:04] Your UID is: 30031417
[12:31:16] 
[12:31:16] Logging into (Doobie, *****)
[12:31:16] Your UID is: 30031417
[12:31:26] 
[12:31:26] Logging into (Doobie, *****)
[12:31:26] Your UID is: 30031417
[12:31:34] 
[12:31:34] Logging into (Doobie, *****)
[12:31:34] Your UID is: 30031417
[12:31:46] 
[12:31:46] Logging into (Doobie, *****)
[12:31:46] Your UID is: 30031417
[12:32:03] Port changed to 5555
[12:32:04] 
[12:32:04] Logging into (Doobie, *****)
[12:32:04] Your UID is: 30031417
[12:32:25] 
[12:32:25] Logging into (Doobie, *****)
[12:32:25] Your UID is: 30031417
[12:32:34] 
[12:32:34] Logging into (Doobie, *****)
[12:32:34] Your UID is: 30031417
[12:32:44] 
[12:32:44] Logging into (Doobie, *****)
[12:32:44] Your UID is: 30031417
[12:32:54] 
[12:32:54] Logging into (Doobie, *****)
[12:32:54] Your UID is: 30031417
[12:33:01] 
[12:33:01] Logging into (Doobie, *****)
[12:33:02] Your UID is: 30031417
[12:33:32] Sorry, have to have some input
[12:33:35] Port changed to 43594
[12:33:35] 
[12:33:35] Logging into (Doobie, *****)
[12:33:35] Your UID is: 30031417
[12:33:56] 
[12:33:56] Logging into (Doobie, *****)
[12:33:56] Your UID is: 30031417
[12:38:37] 
[12:38:37] Logging into (Doobie, *****)
[12:38:37] Your UID is: 30031417
[12:40:15] 
[12:40:15] Logging into (Doobie, *****)
[12:40:15] Your UID is: 30031417
[01:03:34] 
[01:03:34] Logging into (Doobie, *****)
[01:03:34] Your UID is: 30031417
[01:03:40] 
[01:03:40] Logging into (Doobie, *****)
[01:03:40] Your UID is: 30031417
[01:04:34] 
[01:04:34] Logging into (i0fst0rm, *****)
[01:04:34] Your UID is: 52376593
[01:05:19] 
[01:05:19] Logging into (Doobie, *****)
[01:05:19] Your UID is: 30031417
[01:11:30] 
[01:11:36] Logging into (Doobie, *****)
[01:11:37] Your UID is: 30031417
[01:24:41] 
[01:24:41] Logging into (Doobie, *****)
[01:24:41] Your UID is: 30031417
[01:54:40] 
[01:54:40] Logging into (Doobie, *****)
[01:54:40] Your UID is: 30031417
[01:54:48] 
[01:54:48] Logging into (Doobie, *****)
[01:54:48] Your UID is: 30031417
[01:57:46] 
[01:57:46] Logging into (Doobie, *****)
[01:57:46] Your UID is: 30031417
[01:59:11] 
[01:59:11] Logging into (Doobie, *****)
[01:59:11] Your UID is: 30031417
[01:59:22] 
[01:59:22] Logging into (Doobie, *****)
[01:59:22] Your UID is: 30031417
[02:05:54] 
[02:05:54] Logging into (Doobie, *****)
[02:05:54] Your UID is: 30031417
[02:13:17] 
[02:13:17] Logging into (Doobie, *****)
[02:13:17] Your UID is: 30031417
[02:16:50] 
[02:16:50] Logging into (i0fst0rm, *****)
[02:16:50] Your UID is: 52376593
[02:16:54] 
[02:16:54] Logging into (Doobie, *****)
[02:16:54] Your UID is: 30031417
[02:25:57] 
[02:25:57] Logging into (Doobie, *****)
[02:25:57] Your UID is: 30031417
[02:28:16] 
[02:28:16] Logging into (Doobie, *****)
[02:28:16] Your UID is: 30031417
