[06:20:13] 
[06:20:13] Logging into (Doobie, *****)
[06:20:13] Your UID is: 30031417
[06:20:20] Playing 05 - Zombie Nation.mp3
[06:33:47] 
[06:33:47] Logging into (Doobie, *****)
[06:33:47] Your UID is: 30031417
[06:34:10] 
[06:34:10] Logging into (Doobie, *****)
[06:34:10] Your UID is: 30031417
[06:37:51] Playing 11 The Final Countdown (Skam Mix).mp3
[06:37:55] Playing 20 - Nick Skitz - Floorfilla - Floorfilla Anthem #2.mp3
[06:41:46] Playing 50Cent - Candy shop.mp3
[06:41:47] Playing AEROBICS Techno - Trance - ATB and Paul Van Dyke rave mix - DJ Special K .mp3
[06:41:49] Playing Alex K Vs Nick Skitz Vs DJ KCB Vs Deigo V - The Megamix(1).mp3
[06:41:50] Playing Arash Feat. Dj Aligator - Music is My Language.mp3
[06:41:52] Playing Club-DJ Alligator Project - Calling Out Your Name.mp3
[06:41:53] Playing Daddy Yankee - Gasolina.mp3
[06:41:54] Playing Dance - INOJ - Time After Time (Techno remix).mp3
[06:41:55] Playing DJ - sammy - we're in heaven (techno remix).mp3
[06:41:55] Playing Dj Aligator - Counter Strike.mp3
[06:41:56] Playing DJ Aligator - Fly High.mp3
[06:41:57] Playing DJ Aligator Project - Blow my Whistle Bitch.mp3
[06:41:57] Playing DJ Aligator Project - Bosnia Trance X-Press.mp3
[06:41:58] Playing DJ Aligator Project vs. Gigi D'Agostino - Shut the FUCK up and dance.mp3
[06:41:59] Playing DJ Aligator Remixes - Whoomp - Club Mix(2003).mp3
[06:41:59] Playing DJ Alligator & Dr Alban - I Like To Move It.mp3
[06:42:00] Playing DJ Alligator - Turn Up Music (Club Mix) .mp3
[06:42:01] Playing DJ Alligator Project - Doggystyle.mp3
[06:42:02] Playing Dj Alligator Project - Extacy.mp3
[06:42:02] Playing DJ Alligator Project - Overdose.mp3
[06:42:03] Playing DJ Carrot & DJ Bekz - The Habbo Club.mp3
[06:42:04] Playing Dj Daveo - Freed From Desire (dj Pulse + Dj Rankin + dj tiesto + Paul van dyke + minostry of sound + cream + dj fatcat + dj gillies + trigger).mp3
[06:42:04] Playing DJ Homemix - Crazy Frog (Hardstyle Mix).mp3
[06:42:05] Playing DJ Liquid - I Can't Stop Raving.mp3
[06:42:05] Playing Dj Liquid - I close my eyes (techno trance remix).mp3
[06:42:06] Playing Dj Rankin - Listen To Your Heart.mp3
[06:42:07] Playing dj sammy - techno - time after time remix.mp3
[06:42:07] Playing Dj shrek - Show me Heaven 2006         Similar to New Monkey Happy Hardcore Bonkers dj's cammy gillies fatcat rankin pulse trigger carlee tiesto zitkus.mp3
[06:42:09] Playing Dj tiesto - Forbidden Paradise (Deep Trance Mix).mp3
[06:42:17] Playing Groove Coverage - Poison.mp3
[06:42:19] Playing Gunther feat. Samantha Fox - Touch Me (DJ Alligator Radio Edit).mp3
[06:42:20] Playing Infernal - From Paris To Berlin (Dj Aligator Remix).mp3
[06:42:21] Playing Infernal - From paris to berlin.mp3
[06:42:22] Playing Nick Skitz (Various) - Born To Bounce (Video Edit).mp3
[06:42:23] Playing Nick Skitz - 16 - Here's Jonny!.mp3
[06:42:23] Playing Nick Skitz - Bass Keeps Pumpin (Club Mix).mp3
[06:42:24] Playing Nick Skitz - Skitz Anthemz Megamix.mp3
[06:42:26] Playing Nick Skitz - Bass Keeps Pumpin (Club Mix).mp3
[06:42:27] Playing Nick Skitz - 16 - Here's Jonny!.mp3
[06:46:42] Playing Nick Skitz - Bass Keeps Pumpin (Club Mix).mp3
[06:46:47] Playing Nick Skitz - Skitz Anthemz Megamix.mp3
[06:46:49] Playing Nick Skitz - Skitz Mix 18 Megamix.mp3
[06:46:51] Playing nick skitz - yeah.mp3
[06:46:53] Playing Nick Skitz vs The Choirboys - Run To Paradise.mp3
[06:46:54] Playing Night at the Roxbury - What is Love.mp3
[06:46:56] Playing Novaspace - Time after Time 2002 (Novaspace Mix).mp3
[06:46:57] Playing Progressive techno trance essentials - trance global nation-04 resurrection.mp3
[06:46:58] Playing Reel 2 Real - I Like To Move It (Club Mix).mp3
[06:47:01] Playing Safri Duo vs Brooklyn Bounce - Bass Beat.mp3
[06:47:02] Playing Skitzmix - Dance Now.mp3
[06:47:03] Playing Skitzmix - White Stripes.mp3
[06:47:04] Playing Techno DJ Alligator Project - Bounce 2 This.mp3
[06:47:06] Playing Skitzmix - White Stripes.mp3
[06:52:20] Playing Techno DJ Alligator Project - Bounce 2 This.mp3
[06:52:22] Playing Trance - Dj Aligator Project - Welcome To Future.mp3
[06:52:23] Playing Tupac Shakur - God Bless the Dead.mp3
[07:02:43] 
[07:02:43] Logging into (Doobie, *****)
[07:02:43] Your UID is: 30031417
[07:13:17] 
[07:13:17] Logging into (Doobie, *****)
[07:13:17] Your UID is: 30031417
[07:13:19] Playing Tupac Shakur - God Bless the Dead.mp3
[07:23:57] 
[07:23:57] Logging into (Doobie, *****)
[07:23:57] Your UID is: 30031417
[07:26:45] 
[07:26:45] Logging into (Doobie, *****)
[07:26:45] Your UID is: 30031417
[07:31:45] 
[07:31:45] Logging into (Doobie, *****)
[07:31:45] Your UID is: 30031417
[07:31:54] Playing Warp Brothers Vs Aquagen - Phatt Bass (Warp Brothers Single Cut).mp3
[07:31:57] Playing 05 - Zombie Nation.mp3
[07:31:58] Playing Warp Brothers Vs Aquagen - Phatt Bass (Warp Brothers Single Cut).mp3
[07:32:08] 
[07:32:08] Logging into (Doobie, *****)
[07:32:08] Your UID is: 30031417
[07:32:23] 
[07:32:23] Logging into (Doobie, *****)
[07:32:23] Your UID is: 30031417
[07:40:09] 
[07:40:09] Logging into (Doobie, *****)
[07:40:09] Your UID is: 30031417
[07:40:39] 
[07:40:39] Logging into (Doobie, *****)
[07:40:39] Your UID is: 30031417
[07:47:44] 
[07:47:44] Logging into (Doobie, *****)
[07:47:44] Your UID is: 30031417
[07:48:08] 
[07:48:08] Logging into (Doobie, *****)
[07:48:08] Your UID is: 30031417
[07:48:23] Playing Tupac Shakur - God Bless the Dead.mp3
[07:48:31] 
[07:48:31] Logging into (Doobie, *****)
[07:48:31] Your UID is: 30031417
[07:49:18] 
[07:49:18] Logging into (Doobie, *****)
[07:49:18] Your UID is: 30031417
[07:49:54] 
[07:49:54] Logging into (Doobie, *****)
[07:49:54] Your UID is: 30031417
[07:50:03] Set world to: thatoneserver.no-ip.org
[07:52:06] 
[07:52:06] Logging into (Doobie, *****)
[07:52:06] Your UID is: 30031417
[07:53:49] 
[07:53:49] Logging into (Doobie, *****)
[07:53:49] Your UID is: 30031417
[08:00:29] 
[08:00:29] Logging into (Doobie, *****)
[08:00:29] Your UID is: 30031417
[08:07:57] 
[08:07:57] Logging into (Doobie, *****)
[08:07:57] Your UID is: 30031417
[08:22:48] 
[08:22:48] Logging into (Doobie, *****)
[08:22:48] Your UID is: 30031417
[08:27:27] 
[08:27:27] Logging into (Doobie, *****)
[08:27:27] Your UID is: 30031417
[08:30:44] 
[08:30:44] Logging into (Doobie, *****)
[08:30:44] Your UID is: 30031417
[08:37:57] 
[08:37:57] Logging into (Doobie, *****)
[08:37:57] Your UID is: 30031417
[08:48:09] Set world to: dawgw00tscape.no-ip.org
[08:48:10] 
[08:48:10] Logging into (Doobie, *****)
[08:48:10] Your UID is: 30031417
[08:48:25] Set world to: dawgw00tscape.no-ip.info
[08:48:26] 
[08:48:26] Logging into (Doobie, *****)
[08:48:26] Your UID is: 30031417
[08:48:47] 
[08:48:47] Logging into (Doobie, *****)
[08:48:47] Your UID is: 30031417
[08:56:21] 
[08:56:21] Logging into (Doobie, *****)
[08:56:21] Your UID is: 30031417
