[04:34:52] 
[04:34:52] Logging into (, *****)
[04:34:52] Your UID is: 46032835
[04:34:54] 
[04:34:54] Logging into (, *****)
[04:34:54] Your UID is: 46032835
[04:35:21] Set world to: pk-scape.no-ip.biz
[04:35:31] 
[04:35:31] Logging into (Doobie, *****)
[04:35:32] Your UID is: 30031417
[04:35:42] Port changed to 5555
[04:36:01] 
[04:36:01] Logging into (Doobie, *****)
[04:36:01] Your UID is: 30031417
[04:43:26] Set world to: 5.78.58.78
[04:43:29] Port changed to 5555
[04:43:30] 
[04:43:30] Logging into (Doobie, *****)
[04:43:30] Your UID is: 30031417
[04:48:02] Set world to: 5.72.232.170
[04:48:14] 
[04:48:14] Logging into (Doobie, *****)
[04:48:14] Your UID is: 30031417
[04:48:38] 
[04:48:38] Logging into (Doobie, *****)
[04:48:38] Your UID is: 30031417
[04:49:05] Set world to: 5.72.232.170
[04:49:05] 
[04:49:05] Logging into (Doobie, *****)
[04:49:05] Your UID is: 30031417
[04:50:14] Set world to: jutscape.no-ip.info
[04:50:21] Port changed to 5555
[04:50:22] 
[04:50:22] Logging into (Doobie, *****)
[04:50:22] Your UID is: 30031417
[04:50:39] Playing Warp Brothers Vs Aquagen - Phatt Bass (Warp Brothers Single Cut).mp3
[04:50:41] Playing Tupac Shakur - God Bless the Dead.mp3
[04:50:41] Playing Trance - Dj Aligator Project - Welcome To Future.mp3
[04:50:43] Playing Techno DJ Alligator Project - Bounce 2 This.mp3
[04:50:43] Playing Skitzmix - White Stripes.mp3
[04:50:44] Playing Skitzmix - Dance Now.mp3
[04:50:45] Playing Safri Duo vs Brooklyn Bounce - Bass Beat.mp3
[04:50:45] Playing Reel 2 Real - I Like To Move It (Club Mix).mp3
[04:50:46] Playing Progressive techno trance essentials - trance global nation-04 resurrection.mp3
[04:51:29] Port changed to 5555
[04:51:51] 
[04:51:51] Logging into (Doobie, *****)
[04:51:51] Your UID is: 30031417
[04:56:47] 
[04:56:47] Logging into (Doobie, *****)
[04:56:47] Your UID is: 30031417
[05:00:53] 
[05:00:53] Logging into (Doobie, *****)
[05:00:53] Your UID is: 30031417
[05:01:37] 
[05:01:37] Logging into (Doobies, *****)
[05:01:37] Your UID is: 31200260
[05:08:34] 
[05:08:34] Logging into (Doobies, *****)
[05:08:34] Your UID is: 31200260
[05:08:45] 
[05:08:45] Logging into (Doobiess, *****)
[05:08:45] Your UID is: 16281338
[05:16:32] 
[05:16:32] Logging into (Doobiess, *****)
[05:16:32] Your UID is: 16281338
[05:19:11] Playing Novaspace - Time after Time 2002 (Novaspace Mix).mp3
[05:19:13] Playing Night at the Roxbury - What is Love.mp3
[05:19:13] Playing Nick Skitz vs The Choirboys - Run To Paradise.mp3
[05:19:14] Playing nick skitz - yeah.mp3
[05:19:15] Playing Nick Skitz - Skitz Mix 18 Megamix.mp3
[05:19:15] Playing Nick Skitz - Skitz Anthemz Megamix.mp3
[05:19:16] Playing Nick Skitz - Bass Keeps Pumpin (Club Mix).mp3
[05:19:17] Playing Nick Skitz - Skitz Anthemz Megamix.mp3
[05:21:37] 
[05:21:37] Logging into (Doobiess, *****)
[05:21:37] Your UID is: 16281338
[05:24:18] Playing Nick Skitz - Bass Keeps Pumpin (Club Mix).mp3
