[12:09:28] 
[12:09:28] Logging into (Doobie, *****)
[12:09:28] Your UID is: 30031417
[12:16:04] 
[12:16:04] Logging into (Doobie, *****)
[12:16:04] Your UID is: 30031417
[12:16:08] 
[12:16:08] Logging into (Doobie, *****)
[12:16:08] Your UID is: 30031417
[12:19:25] 
[12:19:25] Logging into (Doobie, *****)
[12:19:25] Your UID is: 30031417
[12:19:29] 
[12:19:29] Logging into (Doobie, *****)
[12:19:29] Your UID is: 30031417
[12:20:59] Sorry, have to have some input
[12:22:54] Playing 05 - Zombie Nation.mp3
[12:22:54] Playing Warp Brothers Vs Aquagen - Phatt Bass (Warp Brothers Single Cut).mp3
[12:37:24] 
[12:37:24] Logging into (Doobie, *****)
[12:37:24] Your UID is: 30031417
[12:37:45] 
[12:37:45] Logging into (Doobie, *****)
[12:37:45] Your UID is: 30031417
[12:41:33] 
[12:41:33] Logging into (Doobie, *****)
[12:41:35] Your UID is: 30031417
[12:41:42] 
[12:41:42] Logging into (Doobie, *****)
[12:41:42] Your UID is: 30031417
[12:58:11] 
[12:58:11] Logging into (Doobie, *****)
[12:58:11] Your UID is: 30031417
[12:58:23] 
[12:58:23] Logging into (Doobie, *****)
[12:58:23] Your UID is: 30031417
[01:16:16] 
[01:16:16] Logging into (Doobie, *****)
[01:16:16] Your UID is: 30031417
[01:16:18] 
[01:16:18] Logging into (Doobie, *****)
[01:16:18] Your UID is: 30031417
[01:16:25] 
[01:16:25] Logging into (Doobie, *****)
[01:16:25] Your UID is: 30031417
[01:16:38] 
[01:16:38] Logging into (Doobie, *****)
[01:16:38] Your UID is: 30031417
[01:18:24] 
[01:18:24] Logging into (Doobie, *****)
[01:18:24] Your UID is: 30031417
[01:20:31] 
[01:20:32] Logging into (Doobie, *****)
[01:20:32] Your UID is: 30031417
[01:20:33] 
[01:20:33] Logging into (Doobie, *****)
[01:20:33] Your UID is: 30031417
[01:20:41] 
[01:20:41] Logging into (Doobie, *****)
[01:20:41] Your UID is: 30031417
[01:27:15] 
[01:27:15] Logging into (Doobie, *****)
[01:27:15] Your UID is: 30031417
[01:43:49] 
[01:43:49] Logging into (Doobie, *****)
[01:43:49] Your UID is: 30031417
[01:43:54] 
[01:43:54] Logging into (Doobie, *****)
[01:43:54] Your UID is: 30031417
[01:45:58] Sorry, have to have some input
[01:47:20] 
[01:47:20] Logging into (Doobie, *****)
[01:47:20] Your UID is: 30031417
[02:04:26] 
[02:04:26] Logging into (Doobie, *****)
[02:04:26] Your UID is: 30031417
[02:08:38] 
[02:08:38] Logging into (Doobie, *****)
[02:08:38] Your UID is: 30031417
[02:11:25] 
[02:11:25] Logging into (Doobie, *****)
[02:11:25] Your UID is: 30031417
[02:11:44] 
[02:11:44] Logging into (Doobie, *****)
[02:11:44] Your UID is: 30031417
[02:14:15] 
[02:14:15] Logging into (Doobie, *****)
[02:14:20] Your UID is: 30031417
[02:15:34] 
[02:15:34] Logging into (Doobie, *****)
[02:15:44] Your UID is: 30031417
[02:17:01] 
[02:17:01] Logging into (Doobie, *****)
[02:17:01] Your UID is: 30031417
[02:17:59] 
[02:18:09] Logging into (Doobie, *****)
[02:18:14] Your UID is: 30031417
[02:19:21] 
[02:19:21] Logging into (Doobie, *****)
[02:19:31] Your UID is: 30031417
[02:20:44] 
[02:20:49] Logging into (Doobie, *****)
[02:20:54] Your UID is: 30031417
[02:21:59] 
[02:21:59] Logging into (Doobie, *****)
[02:22:04] Your UID is: 30031417
[02:23:25] 
[02:23:25] Logging into (Doobie, *****)
[02:23:30] Your UID is: 30031417
[02:29:15] 
[02:29:15] Logging into (Doobie, *****)
[02:29:15] Your UID is: 30031417
[02:36:09] 
[02:36:09] Logging into (Doobie, *****)
[02:36:09] Your UID is: 30031417
[02:36:19] 
[02:36:19] Logging into (Doobie, *****)
[02:36:19] Your UID is: 30031417
[02:38:51] 
[02:38:51] Logging into (Doobie, *****)
[02:38:51] Your UID is: 30031417
[02:39:02] 
[02:39:02] Logging into (Doobie, *****)
[02:39:02] Your UID is: 30031417
[02:39:47] 
[02:39:47] Logging into (Doobie, *****)
[02:39:47] Your UID is: 30031417
[02:44:24] 
[02:44:24] Logging into (Doobie, *****)
[02:44:24] Your UID is: 30031417
[02:45:43] 
[02:45:43] Logging into (Doobie, *****)
[02:45:43] Your UID is: 30031417
[02:45:53] 
[02:45:53] Logging into (Doobie, *****)
[02:45:53] Your UID is: 30031417
[02:46:56] 
[02:46:56] Logging into (Doobie, *****)
[02:46:56] Your UID is: 30031417
[02:47:23] 
[02:47:23] Logging into (Doobie, *****)
[02:47:23] Your UID is: 30031417
[02:47:57] 
[02:47:57] Logging into (Doobie, *****)
[02:47:57] Your UID is: 30031417
[02:49:12] Adding transform 1738-> 409 to objectTable
[02:49:17] 
[02:49:17] Logging into (Doobie, *****)
[02:49:17] Your UID is: 30031417
[02:51:04] 
[02:51:04] Logging into (Doobie, *****)
[02:51:04] Your UID is: 30031417
[02:51:52] 
[02:51:52] Logging into (Doobie, *****)
[02:51:52] Your UID is: 30031417
[02:56:09] 
[02:56:09] Logging into (Doobie, *****)
[02:56:09] Your UID is: 30031417
[02:58:02] Tables have been reset, please login/out
[02:58:08] 
[02:58:08] Logging into (Doobie, *****)
[02:58:08] Your UID is: 30031417
[03:00:18] 
[03:00:18] Logging into (Doobie, *****)
[03:00:18] Your UID is: 30031417
[03:05:05] 
[03:05:05] Logging into (Doobie, *****)
[03:05:05] Your UID is: 30031417
[03:08:42] 
[03:08:42] Logging into (Doobie, *****)
[03:08:42] Your UID is: 30031417
[03:10:16] 
[03:10:16] Logging into (Doobie, *****)
[03:10:16] Your UID is: 30031417
[03:10:28] 
[03:10:28] Logging into (Doobie, *****)
[03:10:28] Your UID is: 30031417
[03:12:14] 
[03:12:14] Logging into (Testing, *****)
[03:12:14] Your UID is: 82081649
[03:15:10] 
[03:15:10] Logging into (Testing, *****)
[03:15:10] Your UID is: 82081649
[03:17:00] 
[03:17:00] Logging into (Doobie, *****)
[03:17:00] Your UID is: 30031417
[03:18:39] 
[03:18:39] Logging into (Doobie, *****)
[03:18:39] Your UID is: 30031417
[03:20:17] 
[03:20:17] Logging into (Doobie, *****)
[03:20:17] Your UID is: 30031417
[03:20:31] 
[03:20:31] Logging into (Doobie, *****)
[03:20:31] Your UID is: 30031417
[03:45:03] 
[03:45:03] Logging into (Doobie, *****)
[03:45:03] Your UID is: 30031417
[03:45:04] 
[03:45:04] Logging into (Doobie, *****)
[03:45:04] Your UID is: 30031417
[03:45:04] 
[03:45:04] Logging into (Doobie, *****)
[03:45:04] Your UID is: 30031417
[03:45:04] 
[03:45:04] Logging into (Doobie, *****)
[03:45:05] Your UID is: 30031417
[03:45:07] 
[03:45:07] Logging into (Doobie, *****)
[03:45:07] Your UID is: 30031417
[03:45:08] 
[03:45:08] Logging into (Doobie, *****)
[03:45:08] Your UID is: 30031417
[03:51:25] 
[03:51:25] Logging into (Doobie, *****)
[03:51:25] Your UID is: 30031417
[05:27:21] 
[05:27:21] Logging into (Doobie, *****)
[05:27:21] Your UID is: 30031417
[05:27:23] 
[05:27:23] Logging into (Doobie, *****)
[05:27:23] Your UID is: 30031417
[05:27:33] 
[05:27:33] Logging into (Doobie, *****)
[05:27:33] Your UID is: 30031417
[05:27:40] 
[05:27:40] Logging into (Doobie, *****)
[05:27:40] Your UID is: 30031417
[05:27:48] 
[05:27:48] Logging into (Doobie, *****)
[05:27:48] Your UID is: 30031417
[05:28:00] Port changed to 5555
[05:28:01] 
[05:28:01] Logging into (Doobie, *****)
[05:28:01] Your UID is: 30031417
[05:32:36] 
[05:32:36] Logging into (Doobie, *****)
[05:32:36] Your UID is: 30031417
[05:37:27] 
[05:37:27] Logging into (Doobie, *****)
[05:37:27] Your UID is: 30031417
[05:38:09] 
[05:38:09] Logging into (Doobie, *****)
[05:38:09] Your UID is: 30031417
[05:40:22] 
[05:40:22] Logging into (Doobie, *****)
[05:40:22] Your UID is: 30031417
[05:49:49] 
[05:49:50] Logging into (Doobie, *****)
[05:49:50] Your UID is: 30031417
[05:50:03] 
[05:50:03] Logging into (Doobie, *****)
[05:50:03] Your UID is: 30031417
[05:51:31] 
[05:51:31] Logging into (Doobie, *****)
[05:51:31] Your UID is: 30031417
[06:39:46] 
[06:39:46] Logging into (Doobie, *****)
[06:39:46] Your UID is: 30031417
[06:42:35] 
[06:42:35] Logging into (Doobie, *****)
[06:42:35] Your UID is: 30031417
[06:43:52] 
[06:43:52] Logging into (Doobie, *****)
[06:43:52] Your UID is: 30031417
[06:44:08] 
[06:44:08] Logging into (Doobie, *****)
[06:44:08] Your UID is: 30031417
[06:49:50] 
[06:49:50] Logging into (Doobie, *****)
[06:49:51] Your UID is: 30031417
[06:50:07] 
[06:50:07] Logging into (Doobie, *****)
[06:50:07] Your UID is: 30031417
[06:53:43] 
[06:53:43] Logging into (Doobie, *****)
[06:53:43] Your UID is: 30031417
[06:59:46] 
[06:59:46] Logging into (Doobie, *****)
[06:59:46] Your UID is: 30031417
[07:04:01] 
[07:04:01] Logging into (Doobie, *****)
[07:04:01] Your UID is: 30031417
[07:04:21] 
[07:04:21] Logging into (Doobie, *****)
[07:04:21] Your UID is: 30031417
[07:18:06] 
[07:18:06] Logging into (Doobie, *****)
[07:18:06] Your UID is: 30031417
[07:28:06] 
[07:28:06] Logging into (Doobie, *****)
[07:28:06] Your UID is: 30031417
[07:36:07] 
[07:36:07] Logging into (Doobie, *****)
[07:36:07] Your UID is: 30031417
[07:44:20] 
[07:44:20] Logging into (Doobie, *****)
[07:44:20] Your UID is: 30031417
[07:54:50] 
[07:54:50] Logging into (Doobie, *****)
[07:54:50] Your UID is: 30031417
[07:56:55] 
[07:56:55] Logging into (Doobie, *****)
[07:56:55] Your UID is: 30031417
[07:56:59] Port changed to 5555
[07:57:07] Set world to: 5.85.177.25
[07:57:08] 
[07:57:08] Logging into (Doobie, *****)
[07:57:08] Your UID is: 30031417
[08:23:09] Playing 11 The Final Countdown (Skam Mix).mp3
[08:23:12] Playing 20 - Nick Skitz - Floorfilla - Floorfilla Anthem #2.mp3
[08:23:12] Playing 50Cent - Candy shop.mp3
[08:23:13] Playing 20 - Nick Skitz - Floorfilla - Floorfilla Anthem #2.mp3
[08:27:42] Tables have been reset, please login/out
[08:45:48] 
[08:45:49] Logging into (Doobie, *****)
[08:45:49] Your UID is: 30031417
[08:46:07] 
[08:46:08] Logging into (Doobie, *****)
[08:46:08] Your UID is: 30031417
[08:54:18] 
[08:54:18] Logging into (Doobie, *****)
[08:54:18] Your UID is: 30031417
[08:59:00] 
[08:59:00] Logging into (Doobie, *****)
[08:59:01] Your UID is: 30031417
[08:59:07] 
[08:59:07] Logging into (Doobie, *****)
[08:59:07] Your UID is: 30031417
[09:10:28] Set world to: 5.82.97.130
[09:10:29] 
[09:10:29] Logging into (Doobie, *****)
[09:10:29] Your UID is: 30031417
[09:10:52] 
[09:10:52] Logging into (Doobie, *****)
[09:10:52] Your UID is: 30031417
[09:12:04] Set world to: 5.82.97.130
[09:12:04] 
[09:12:04] Logging into (Doobie, *****)
[09:12:04] Your UID is: 30031417
[09:14:04] 
[09:14:04] Logging into (Doobie, *****)
[09:14:04] Your UID is: 30031417
[09:14:33] Sorry, have to have some input
[09:14:35] 
[09:14:35] Logging into (Doobie, *****)
[09:14:35] Your UID is: 30031417
[09:21:53] 
[09:21:53] Logging into (Doobie, *****)
[09:21:53] Your UID is: 30031417
[09:22:27] 
[09:22:27] Logging into (Doobie, *****)
[09:22:27] Your UID is: 30031417
[09:24:01] Port changed to 5555
[09:24:02] 
[09:24:02] Logging into (Doobie, *****)
[09:24:02] Your UID is: 30031417
[09:50:35] Set world to: 5.83.130.241
[09:50:35] 
[09:50:35] Logging into (Doobie, *****)
[09:50:35] Your UID is: 30031417
[09:54:52] Port changed to 5555
[09:54:54] 
[09:54:54] Logging into (Doobie, *****)
[09:54:54] Your UID is: 30031417
[09:55:39] Exiting...
[10:01:16] 
[10:01:16] Logging into (Doobie, *****)
[10:01:16] Your UID is: 30031417
[10:12:13] 
[10:12:13] Logging into (Doobie, *****)
[10:12:13] Your UID is: 30031417
[10:15:27] Set world to: 5.83.130.241
[10:15:33] 
[10:15:33] Logging into (Doobie, *****)
[10:15:33] Your UID is: 30031417
[10:16:04] Port changed to 43594
[10:16:05] 
[10:16:05] Logging into (Doobie, *****)
[10:16:05] Your UID is: 30031417
[10:16:18] 
[10:16:18] Logging into (Doobie, *****)
[10:16:18] Your UID is: 30031417
[10:25:05] 
[10:25:05] Logging into (Doobie, *****)
[10:25:05] Your UID is: 30031417
[10:33:59] Port changed to 5555
[10:34:00] 
[10:34:00] Logging into (Doobie, *****)
[10:34:00] Your UID is: 30031417
[10:38:13] 
[10:38:13] Logging into (Doobie, *****)
[10:38:13] Your UID is: 30031417
[10:38:30] 
[10:38:30] Logging into (Doobie, *****)
[10:38:30] Your UID is: 30031417
[10:42:21] 
[10:42:21] Logging into (Doobie, *****)
[10:42:21] Your UID is: 30031417
[10:42:40] 
[10:42:40] Logging into (Doobie, *****)
[10:42:40] Your UID is: 30031417
[10:44:35] 
[10:44:35] Logging into (Doobie, *****)
[10:44:36] Your UID is: 30031417
[10:44:49] 
[10:44:49] Logging into (Doobie, *****)
[10:44:49] Your UID is: 30031417
[06:54:01] 
[06:54:01] Logging into (Doobie, *****)
[06:54:01] Your UID is: 30031417
[06:57:48] Port changed to 5555
[06:57:48] 
[06:57:48] Logging into (Doobie, *****)
[06:57:48] Your UID is: 30031417
[06:57:51] 
[06:57:51] Logging into (Doobie, *****)
[06:57:51] Your UID is: 30031417
[07:00:41] 
[07:00:41] Logging into (Doobie, *****)
[07:00:41] Your UID is: 30031417
[07:00:49] Sorry, have to have some input
[07:01:41] 
[07:01:41] Logging into (Doobie, *****)
[07:01:41] Your UID is: 30031417
[07:01:55] Port changed to 5555
[07:03:46] Set world to: pk-scape.no-ip.biz
[07:03:47] 
[07:03:47] Logging into (Doobie, *****)
[07:03:47] Your UID is: 30031417
[07:09:06] 
[07:09:06] Logging into (Doobie, *****)
[07:09:06] Your UID is: 30031417
[07:12:08] 
[07:12:08] Logging into (Doobie, *****)
[07:12:08] Your UID is: 30031417
[07:12:19] 
[07:12:19] Logging into (Doobie, *****)
[07:12:19] Your UID is: 30031417
[07:12:22] 
[07:12:22] Logging into (Doobie, *****)
[07:12:22] Your UID is: 30031417
[07:12:24] 
[07:12:24] Logging into (Doobie, *****)
[07:12:24] Your UID is: 30031417
[07:12:37] Set world to: pk-scape.no-ip.biz
[07:12:39] Port changed to 5555
[07:12:40] 
[07:12:40] Logging into (Doobie, *****)
[07:12:40] Your UID is: 30031417
[07:12:44] 
[07:12:44] Logging into (Doobie, *****)
[07:12:44] Your UID is: 30031417
[07:14:15] 
[07:14:15] Logging into (Doobie, *****)
[07:14:15] Your UID is: 30031417
[07:14:18] 
[07:14:18] Logging into (Doobie, *****)
[07:14:18] Your UID is: 30031417
[07:14:20] 
[07:14:20] Logging into (Doobie, *****)
[07:14:20] Your UID is: 30031417
[07:14:27] 
[07:14:27] Logging into (Doobie, *****)
[07:14:27] Your UID is: 30031417
[07:15:33] 
[07:15:33] Logging into (Doobie, *****)
[07:15:33] Your UID is: 30031417
[07:15:41] Set world to: pk-scape.no-ip.biz
[07:15:43] 
[07:15:43] Logging into (Doobie, *****)
[07:15:43] Your UID is: 30031417
[07:16:09] 
[07:16:09] Logging into (Doobie, *****)
[07:16:09] Your UID is: 30031417
[07:16:11] 
[07:16:11] Logging into (Doobie, *****)
[07:16:11] Your UID is: 30031417
[07:17:27] 
[07:17:27] Logging into (Doobie, *****)
[07:17:27] Your UID is: 30031417
[07:18:47] 
[07:18:47] Logging into (Doobie, *****)
[07:18:47] Your UID is: 30031417
[07:19:44] Port changed to 5555
[07:19:45] 
[07:19:45] Logging into (Doobie, *****)
[07:19:45] Your UID is: 30031417
[07:19:48] 
[07:19:48] Logging into (Doobie, *****)
[07:19:48] Your UID is: 30031417
[07:22:44] Your position: new Tile(3254,3420)
