#
# An unexpected error has been detected by Java Runtime Environment:
#
# java.lang.OutOfMemoryError: requested 128000 bytes for GrET in C:\BUILD_AREA\jdk6_06\hotspot\src\share\vm\utilities\growableArray.cpp. Out of swap space?
#
#  Internal Error (allocation.inline.hpp:42), pid=2384, tid=3612
#  Error: GrET in C:\BUILD_AREA\jdk6_06\hotspot\src\share\vm\utilities\growableArray.cpp
#
# Java VM: Java HotSpot(TM) Client VM (10.0-b22 mixed mode, sharing windows-x86)
# If you would like to submit a bug report, please visit:
#   http://java.sun.com/webapps/bugreport/crash.jsp
#

---------------  T H R E A D  ---------------

Current thread (0x02bfbc00):  VMThread [stack: 0x02ce0000,0x02d30000] [id=3612]

Stack: [0x02ce0000,0x02d30000]
[error occurred during error reporting (printing stack bounds), id 0x80000001]

VM_Operation (0x0090fbd4): GenCollectFull, mode: safepoint, requested by thread 0x00295400


---------------  P R O C E S S  ---------------

Java Threads: ( => current thread )
  0x02c7ec00 JavaThread "Thread-46" [_thread_blocked, id=3852, stack(0x03630000,0x03680000)]
  0x02c94800 JavaThread "Thread-43" [_thread_in_native, id=420, stack(0x035d0000,0x03620000)]
  0x02c15c00 JavaThread "Low Memory Detector" daemon [_thread_blocked, id=3844, stack(0x02ec0000,0x02f10000)]
  0x02c07c00 JavaThread "CompilerThread0" daemon [_thread_blocked, id=560, stack(0x02e70000,0x02ec0000)]
  0x02c06c00 JavaThread "Attach Listener" daemon [_thread_blocked, id=2784, stack(0x02e20000,0x02e70000)]
  0x02c05c00 JavaThread "Signal Dispatcher" daemon [_thread_blocked, id=800, stack(0x02dd0000,0x02e20000)]
  0x02c01400 JavaThread "Finalizer" daemon [_thread_blocked, id=2684, stack(0x02d80000,0x02dd0000)]
  0x02bfd000 JavaThread "Reference Handler" daemon [_thread_blocked, id=3856, stack(0x02d30000,0x02d80000)]
  0x00295400 JavaThread "main" [_thread_blocked, id=448, stack(0x008c0000,0x00910000)]

Other Threads:
=>0x02bfbc00 VMThread [stack: 0x02ce0000,0x02d30000] [id=3612]
  0x02c29000 WatcherThread [stack: 0x02f10000,0x02f60000] [id=1900]

VM state:at safepoint (normal execution)

VM Mutex/Monitor currently owned by a thread:  ([mutex/lock_event])
[0x00294c80/0x0000070c] Threads_lock - owner thread: 0x02bfbc00
[0x00294e20/0x000006cc] Heap_lock - owner thread: 0x00295400

Heap
 def new generation   total 7488K, used 4122K [0x06960000, 0x07180000, 0x090c0000)
  eden space 6656K,  61% used [0x06960000, 0x06d66998, 0x06fe0000)
  from space 832K,   0% used [0x06fe0000, 0x06fe0000, 0x070b0000)
  to   space 832K,   0% used [0x070b0000, 0x070b0000, 0x07180000)
 tenured generation   total 98992K, used 47121K [0x090c0000, 0x0f16c000, 0x26960000)
   the space 98992K,  47% used [0x090c0000, 0x0bec46f0, 0x0bec4800, 0x0f16c000)
 compacting perm gen  total 12288K, used 1053K [0x26960000, 0x27560000, 0x2a960000)
   the space 12288K,   8% used [0x26960000, 0x26a677e8, 0x26a67800, 0x27560000)
    ro space 8192K,  62% used [0x2a960000, 0x2ae62a60, 0x2ae62c00, 0x2b160000)
    rw space 12288K,  52% used [0x2b160000, 0x2b7a86e0, 0x2b7a8800, 0x2bd60000)

Dynamic libraries:
0x00400000 - 0x00423000 	C:\WINDOWS\system32\java.exe
0x7c900000 - 0x7c9b0000 	C:\WINDOWS\system32\ntdll.dll
0x7c800000 - 0x7c8f5000 	C:\WINDOWS\system32\kernel32.dll
0x77dd0000 - 0x77e6b000 	C:\WINDOWS\system32\ADVAPI32.dll
0x77e70000 - 0x77f02000 	C:\WINDOWS\system32\RPCRT4.dll
0x77fe0000 - 0x77ff1000 	C:\WINDOWS\system32\Secur32.dll
0x7c340000 - 0x7c396000 	C:\Program Files\Java\jre1.6.0_06\bin\msvcr71.dll
0x6d7c0000 - 0x6da10000 	C:\Program Files\Java\jre1.6.0_06\bin\client\jvm.dll
0x7e410000 - 0x7e4a0000 	C:\WINDOWS\system32\USER32.dll
0x77f10000 - 0x77f57000 	C:\WINDOWS\system32\GDI32.dll
0x76b40000 - 0x76b6d000 	C:\WINDOWS\system32\WINMM.dll
0x76390000 - 0x763ad000 	C:\WINDOWS\system32\IMM32.DLL
0x6d270000 - 0x6d278000 	C:\Program Files\Java\jre1.6.0_06\bin\hpi.dll
0x76bf0000 - 0x76bfb000 	C:\WINDOWS\system32\PSAPI.DLL
0x6d770000 - 0x6d77c000 	C:\Program Files\Java\jre1.6.0_06\bin\verify.dll
0x6d310000 - 0x6d32f000 	C:\Program Files\Java\jre1.6.0_06\bin\java.dll
0x6d7b0000 - 0x6d7bf000 	C:\Program Files\Java\jre1.6.0_06\bin\zip.dll
0x6d570000 - 0x6d583000 	C:\Program Files\Java\jre1.6.0_06\bin\net.dll
0x71ab0000 - 0x71ac7000 	C:\WINDOWS\system32\WS2_32.dll
0x77c10000 - 0x77c68000 	C:\WINDOWS\system32\msvcrt.dll
0x71aa0000 - 0x71aa8000 	C:\WINDOWS\system32\WS2HELP.dll
0x71a50000 - 0x71a8f000 	C:\WINDOWS\system32\mswsock.dll
0x662b0000 - 0x66308000 	C:\WINDOWS\system32\hnetcfg.dll
0x71a90000 - 0x71a98000 	C:\WINDOWS\System32\wshtcpip.dll
0x76f20000 - 0x76f47000 	C:\WINDOWS\system32\DNSAPI.dll
0x76fb0000 - 0x76fb8000 	C:\WINDOWS\System32\winrnr.dll
0x76f60000 - 0x76f8c000 	C:\WINDOWS\system32\WLDAP32.dll
0x76fc0000 - 0x76fc6000 	C:\WINDOWS\system32\rasadhlp.dll

VM Arguments:
jvm_args: -Xmx512m 
java_command: server
Launcher Type: SUN_STANDARD

Environment Variables:



---------------  S Y S T E M  ---------------

OS: Windows XP Build 2600 Service Pack 2

CPU:total 1 (1 cores per cpu, 1 threads per core) family 15 model 2 stepping 9, cmov, cx8, fxsr, mmx, sse, sse2

Memory: 4k page, physical 391168k(10676k free), swap 746360k(5120k free)

vm_info: Java HotSpot(TM) Client VM (10.0-b22) for windows-x86 JRE (1.6.0_06-b02), built on Mar 25 2008 01:22:05 by "java_re" with MS VC++ 7.1

time: Tue Jul 08 14:56:27 2008
elapsed time: 1592 seconds

